<?xml version="1.0" encoding="UTF-8"?>
<testsuite xmlns:xsi="http://www.w3.org/2001/XMLSchema-instance" xsi:noNamespaceSchemaLocation="https://maven.apache.org/surefire/maven-surefire-plugin/xsd/surefire-test-report.xsd" name="com.HelloWay.HelloWay.HelloWayTests" time="25.351" tests="1" errors="1" skipped="0" failures="0">
  <properties>
    <property name="java.specification.version" value="18"/>
    <property name="sun.cpu.isalist" value="amd64"/>
    <property name="sun.jnu.encoding" value="Cp1252"/>
    <property name="java.class.path" value="C:\Users\Moutia Saad\Documents\Projects\FPA_SEC-main\backend\target\test-classes;C:\Users\Moutia Saad\Documents\Projects\FPA_SEC-main\backend\target\classes;C:\Users\Moutia Saad\.m2\repository\org\springframework\boot\spring-boot-starter-actuator\2.7.3\spring-boot-starter-actuator-2.7.3.jar;C:\Users\Moutia Saad\.m2\repository\org\springframework\boot\spring-boot-starter\2.7.3\spring-boot-starter-2.7.3.jar;C:\Users\Moutia Saad\.m2\repository\org\springframework\boot\spring-boot-starter-logging\2.7.3\spring-boot-starter-logging-2.7.3.jar;C:\Users\Moutia Saad\.m2\repository\ch\qos\logback\logback-classic\1.2.11\logback-classic-1.2.11.jar;C:\Users\Moutia Saad\.m2\repository\ch\qos\logback\logback-core\1.2.11\logback-core-1.2.11.jar;C:\Users\Moutia Saad\.m2\repository\org\apache\logging\log4j\log4j-to-slf4j\2.17.2\log4j-to-slf4j-2.17.2.jar;C:\Users\Moutia Saad\.m2\repository\org\apache\logging\log4j\log4j-api\2.17.2\log4j-api-2.17.2.jar;C:\Users\Moutia Saad\.m2\repository\org\slf4j\jul-to-slf4j\1.7.36\jul-to-slf4j-1.7.36.jar;C:\Users\Moutia Saad\.m2\repository\jakarta\annotation\jakarta.annotation-api\1.3.5\jakarta.annotation-api-1.3.5.jar;C:\Users\Moutia Saad\.m2\repository\org\yaml\snakeyaml\1.30\snakeyaml-1.30.jar;C:\Users\Moutia Saad\.m2\repository\org\springframework\boot\spring-boot-actuator-autoconfigure\2.7.3\spring-boot-actuator-autoconfigure-2.7.3.jar;C:\Users\Moutia Saad\.m2\repository\org\springframework\boot\spring-boot-actuator\2.7.3\spring-boot-actuator-2.7.3.jar;C:\Users\Moutia Saad\.m2\repository\com\fasterxml\jackson\datatype\jackson-datatype-jsr310\2.13.3\jackson-datatype-jsr310-2.13.3.jar;C:\Users\Moutia Saad\.m2\repository\io\micrometer\micrometer-core\1.9.3\micrometer-core-1.9.3.jar;C:\Users\Moutia Saad\.m2\repository\org\hdrhistogram\HdrHistogram\2.1.12\HdrHistogram-2.1.12.jar;C:\Users\Moutia Saad\.m2\repository\org\latencyutils\LatencyUtils\2.0.3\LatencyUtils-2.0.3.jar;C:\Users\Moutia Saad\.m2\repository\org\springframework\boot\spring-boot-starter-data-jpa\2.7.3\spring-boot-starter-data-jpa-2.7.3.jar;C:\Users\Moutia Saad\.m2\repository\org\springframework\boot\spring-boot-starter-aop\2.7.3\spring-boot-starter-aop-2.7.3.jar;C:\Users\Moutia Saad\.m2\repository\org\aspectj\aspectjweaver\1.9.7\aspectjweaver-1.9.7.jar;C:\Users\Moutia Saad\.m2\repository\org\springframework\boot\spring-boot-starter-jdbc\2.7.3\spring-boot-starter-jdbc-2.7.3.jar;C:\Users\Moutia Saad\.m2\repository\com\zaxxer\HikariCP\4.0.3\HikariCP-4.0.3.jar;C:\Users\Moutia Saad\.m2\repository\org\springframework\spring-jdbc\5.3.22\spring-jdbc-5.3.22.jar;C:\Users\Moutia Saad\.m2\repository\jakarta\transaction\jakarta.transaction-api\1.3.3\jakarta.transaction-api-1.3.3.jar;C:\Users\Moutia Saad\.m2\repository\jakarta\persistence\jakarta.persistence-api\2.2.3\jakarta.persistence-api-2.2.3.jar;C:\Users\Moutia Saad\.m2\repository\org\hibernate\hibernate-core\5.6.10.Final\hibernate-core-5.6.10.Final.jar;C:\Users\Moutia Saad\.m2\repository\org\jboss\logging\jboss-logging\3.4.3.Final\jboss-logging-3.4.3.Final.jar;C:\Users\Moutia Saad\.m2\repository\net\bytebuddy\byte-buddy\1.12.13\byte-buddy-1.12.13.jar;C:\Users\Moutia Saad\.m2\repository\antlr\antlr\2.7.7\antlr-2.7.7.jar;C:\Users\Moutia Saad\.m2\repository\org\jboss\jandex\2.4.2.Final\jandex-2.4.2.Final.jar;C:\Users\Moutia Saad\.m2\repository\com\fasterxml\classmate\1.5.1\classmate-1.5.1.jar;C:\Users\Moutia Saad\.m2\repository\org\hibernate\common\hibernate-commons-annotations\5.1.2.Final\hibernate-commons-annotations-5.1.2.Final.jar;C:\Users\Moutia Saad\.m2\repository\org\glassfish\jaxb\jaxb-runtime\2.3.6\jaxb-runtime-2.3.6.jar;C:\Users\Moutia Saad\.m2\repository\org\glassfish\jaxb\txw2\2.3.6\txw2-2.3.6.jar;C:\Users\Moutia Saad\.m2\repository\com\sun\istack\istack-commons-runtime\3.0.12\istack-commons-runtime-3.0.12.jar;C:\Users\Moutia Saad\.m2\repository\org\springframework\data\spring-data-jpa\2.7.2\spring-data-jpa-2.7.2.jar;C:\Users\Moutia Saad\.m2\repository\org\springframework\data\spring-data-commons\2.7.2\spring-data-commons-2.7.2.jar;C:\Users\Moutia Saad\.m2\repository\org\springframework\spring-orm\5.3.22\spring-orm-5.3.22.jar;C:\Users\Moutia Saad\.m2\repository\org\springframework\spring-context\5.3.22\spring-context-5.3.22.jar;C:\Users\Moutia Saad\.m2\repository\org\springframework\spring-tx\5.3.22\spring-tx-5.3.22.jar;C:\Users\Moutia Saad\.m2\repository\org\springframework\spring-beans\5.3.22\spring-beans-5.3.22.jar;C:\Users\Moutia Saad\.m2\repository\org\slf4j\slf4j-api\1.7.36\slf4j-api-1.7.36.jar;C:\Users\Moutia Saad\.m2\repository\org\springframework\spring-aspects\5.3.22\spring-aspects-5.3.22.jar;C:\Users\Moutia Saad\.m2\repository\org\springframework\boot\spring-boot-starter-web\2.7.3\spring-boot-starter-web-2.7.3.jar;C:\Users\Moutia Saad\.m2\repository\org\springframework\boot\spring-boot-starter-json\2.7.3\spring-boot-starter-json-2.7.3.jar;C:\Users\Moutia Saad\.m2\repository\com\fasterxml\jackson\datatype\jackson-datatype-jdk8\2.13.3\jackson-datatype-jdk8-2.13.3.jar;C:\Users\Moutia Saad\.m2\repository\com\fasterxml\jackson\module\jackson-module-parameter-names\2.13.3\jackson-module-parameter-names-2.13.3.jar;C:\Users\Moutia Saad\.m2\repository\org\springframework\boot\spring-boot-starter-tomcat\2.7.3\spring-boot-starter-tomcat-2.7.3.jar;C:\Users\Moutia Saad\.m2\repository\org\apache\tomcat\embed\tomcat-embed-core\9.0.65\tomcat-embed-core-9.0.65.jar;C:\Users\Moutia Saad\.m2\repository\org\apache\tomcat\embed\tomcat-embed-websocket\9.0.65\tomcat-embed-websocket-9.0.65.jar;C:\Users\Moutia Saad\.m2\repository\org\springframework\spring-web\5.3.22\spring-web-5.3.22.jar;C:\Users\Moutia Saad\.m2\repository\org\springframework\spring-webmvc\5.3.22\spring-webmvc-5.3.22.jar;C:\Users\Moutia Saad\.m2\repository\org\springframework\spring-expression\5.3.22\spring-expression-5.3.22.jar;C:\Users\Moutia Saad\.m2\repository\mysql\mysql-connector-java\8.0.30\mysql-connector-java-8.0.30.jar;C:\Users\Moutia Saad\.m2\repository\org\springframework\boot\spring-boot-starter-test\2.7.3\spring-boot-starter-test-2.7.3.jar;C:\Users\Moutia Saad\.m2\repository\org\springframework\boot\spring-boot-test\2.7.3\spring-boot-test-2.7.3.jar;C:\Users\Moutia Saad\.m2\repository\org\springframework\boot\spring-boot-test-autoconfigure\2.7.3\spring-boot-test-autoconfigure-2.7.3.jar;C:\Users\Moutia Saad\.m2\repository\com\jayway\jsonpath\json-path\2.7.0\json-path-2.7.0.jar;C:\Users\Moutia Saad\.m2\repository\net\minidev\json-smart\2.4.8\json-smart-2.4.8.jar;C:\Users\Moutia Saad\.m2\repository\net\minidev\accessors-smart\2.4.8\accessors-smart-2.4.8.jar;C:\Users\Moutia Saad\.m2\repository\org\ow2\asm\asm\9.1\asm-9.1.jar;C:\Users\Moutia Saad\.m2\repository\jakarta\xml\bind\jakarta.xml.bind-api\2.3.3\jakarta.xml.bind-api-2.3.3.jar;C:\Users\Moutia Saad\.m2\repository\jakarta\activation\jakarta.activation-api\1.2.2\jakarta.activation-api-1.2.2.jar;C:\Users\Moutia Saad\.m2\repository\org\assertj\assertj-core\3.22.0\assertj-core-3.22.0.jar;C:\Users\Moutia Saad\.m2\repository\org\hamcrest\hamcrest\2.2\hamcrest-2.2.jar;C:\Users\Moutia Saad\.m2\repository\org\junit\jupiter\junit-jupiter\5.8.2\junit-jupiter-5.8.2.jar;C:\Users\Moutia Saad\.m2\repository\org\junit\jupiter\junit-jupiter-api\5.8.2\junit-jupiter-api-5.8.2.jar;C:\Users\Moutia Saad\.m2\repository\org\opentest4j\opentest4j\1.2.0\opentest4j-1.2.0.jar;C:\Users\Moutia Saad\.m2\repository\org\junit\platform\junit-platform-commons\1.8.2\junit-platform-commons-1.8.2.jar;C:\Users\Moutia Saad\.m2\repository\org\apiguardian\apiguardian-api\1.1.2\apiguardian-api-1.1.2.jar;C:\Users\Moutia Saad\.m2\repository\org\junit\jupiter\junit-jupiter-params\5.8.2\junit-jupiter-params-5.8.2.jar;C:\Users\Moutia Saad\.m2\repository\org\junit\jupiter\junit-jupiter-engine\5.8.2\junit-jupiter-engine-5.8.2.jar;C:\Users\Moutia Saad\.m2\repository\org\junit\platform\junit-platform-engine\1.8.2\junit-platform-engine-1.8.2.jar;C:\Users\Moutia Saad\.m2\repository\org\mockito\mockito-core\4.5.1\mockito-core-4.5.1.jar;C:\Users\Moutia Saad\.m2\repository\net\bytebuddy\byte-buddy-agent\1.12.13\byte-buddy-agent-1.12.13.jar;C:\Users\Moutia Saad\.m2\repository\org\objenesis\objenesis\3.2\objenesis-3.2.jar;C:\Users\Moutia Saad\.m2\repository\org\mockito\mockito-junit-jupiter\4.5.1\mockito-junit-jupiter-4.5.1.jar;C:\Users\Moutia Saad\.m2\repository\org\skyscreamer\jsonassert\1.5.1\jsonassert-1.5.1.jar;C:\Users\Moutia Saad\.m2\repository\com\vaadin\external\google\android-json\0.0.20131108.vaadin1\android-json-0.0.20131108.vaadin1.jar;C:\Users\Moutia Saad\.m2\repository\org\springframework\spring-core\5.3.22\spring-core-5.3.22.jar;C:\Users\Moutia Saad\.m2\repository\org\springframework\spring-jcl\5.3.22\spring-jcl-5.3.22.jar;C:\Users\Moutia Saad\.m2\repository\org\springframework\spring-test\5.3.22\spring-test-5.3.22.jar;C:\Users\Moutia Saad\.m2\repository\org\xmlunit\xmlunit-core\2.9.0\xmlunit-core-2.9.0.jar;C:\Users\Moutia Saad\.m2\repository\org\projectlombok\lombok\1.18.30\lombok-1.18.30.jar;C:\Users\Moutia Saad\.m2\repository\org\springframework\boot\spring-boot-starter-security\2.7.3\spring-boot-starter-security-2.7.3.jar;C:\Users\Moutia Saad\.m2\repository\org\springframework\spring-aop\5.3.22\spring-aop-5.3.22.jar;C:\Users\Moutia Saad\.m2\repository\org\springframework\security\spring-security-config\5.7.3\spring-security-config-5.7.3.jar;C:\Users\Moutia Saad\.m2\repository\org\springframework\security\spring-security-web\5.7.3\spring-security-web-5.7.3.jar;C:\Users\Moutia Saad\.m2\repository\org\springframework\security\spring-security-test\5.7.3\spring-security-test-5.7.3.jar;C:\Users\Moutia Saad\.m2\repository\org\springframework\security\spring-security-core\5.7.3\spring-security-core-5.7.3.jar;C:\Users\Moutia Saad\.m2\repository\org\springframework\security\spring-security-crypto\5.7.3\spring-security-crypto-5.7.3.jar;C:\Users\Moutia Saad\.m2\repository\org\springframework\boot\spring-boot-devtools\2.7.3\spring-boot-devtools-2.7.3.jar;C:\Users\Moutia Saad\.m2\repository\org\springframework\boot\spring-boot\2.7.3\spring-boot-2.7.3.jar;C:\Users\Moutia Saad\.m2\repository\org\springframework\boot\spring-boot-autoconfigure\2.7.3\spring-boot-autoconfigure-2.7.3.jar;C:\Users\Moutia Saad\.m2\repository\org\springframework\boot\spring-boot-starter-mail\2.7.3\spring-boot-starter-mail-2.7.3.jar;C:\Users\Moutia Saad\.m2\repository\org\springframework\spring-context-support\5.3.22\spring-context-support-5.3.22.jar;C:\Users\Moutia Saad\.m2\repository\com\sun\mail\jakarta.mail\1.6.7\jakarta.mail-1.6.7.jar;C:\Users\Moutia Saad\.m2\repository\com\sun\activation\jakarta.activation\1.2.2\jakarta.activation-1.2.2.jar;C:\Users\Moutia Saad\.m2\repository\io\jsonwebtoken\jjwt\0.9.1\jjwt-0.9.1.jar;C:\Users\Moutia Saad\.m2\repository\com\fasterxml\jackson\core\jackson-databind\2.13.3\jackson-databind-2.13.3.jar;C:\Users\Moutia Saad\.m2\repository\com\fasterxml\jackson\core\jackson-annotations\2.13.3\jackson-annotations-2.13.3.jar;C:\Users\Moutia Saad\.m2\repository\com\fasterxml\jackson\core\jackson-core\2.13.3\jackson-core-2.13.3.jar;C:\Users\Moutia Saad\.m2\repository\org\springframework\boot\spring-boot-starter-validation\2.7.3\spring-boot-starter-validation-2.7.3.jar;C:\Users\Moutia Saad\.m2\repository\org\apache\tomcat\embed\tomcat-embed-el\9.0.65\tomcat-embed-el-9.0.65.jar;C:\Users\Moutia Saad\.m2\repository\org\hibernate\validator\hibernate-validator\6.2.4.Final\hibernate-validator-6.2.4.Final.jar;C:\Users\Moutia Saad\.m2\repository\jakarta\validation\jakarta.validation-api\2.0.2\jakarta.validation-api-2.0.2.jar;C:\Users\Moutia Saad\.m2\repository\javax\xml\bind\jaxb-api\2.3.0\jaxb-api-2.3.0.jar;C:\Users\Moutia Saad\.m2\repository\com\google\zxing\core\3.4.1\core-3.4.1.jar;C:\Users\Moutia Saad\.m2\repository\com\google\zxing\javase\3.4.1\javase-3.4.1.jar;C:\Users\Moutia Saad\.m2\repository\com\beust\jcommander\1.78\jcommander-1.78.jar;C:\Users\Moutia Saad\.m2\repository\com\github\jai-imageio\jai-imageio-core\1.4.0\jai-imageio-core-1.4.0.jar;C:\Users\Moutia Saad\.m2\repository\com\github\ben-manes\caffeine\caffeine\3.0.0\caffeine-3.0.0.jar;C:\Users\Moutia Saad\.m2\repository\org\checkerframework\checker-qual\3.10.0\checker-qual-3.10.0.jar;C:\Users\Moutia Saad\.m2\repository\com\google\errorprone\error_prone_annotations\2.5.1\error_prone_annotations-2.5.1.jar;C:\Users\Moutia Saad\.m2\repository\org\modelmapper\modelmapper\2.4.4\modelmapper-2.4.4.jar;C:\Users\Moutia Saad\.m2\repository\com\sun\mail\javax.mail\1.6.2\javax.mail-1.6.2.jar;C:\Users\Moutia Saad\.m2\repository\javax\activation\activation\1.1\activation-1.1.jar;C:\Users\Moutia Saad\.m2\repository\com\itextpdf\itextpdf\5.5.13.2\itextpdf-5.5.13.2.jar;"/>
    <property name="java.vm.vendor" value="Oracle Corporation"/>
    <property name="sun.arch.data.model" value="64"/>
    <property name="user.variant" value=""/>
    <property name="java.vendor.url" value="https://java.oracle.com/"/>
    <property name="user.timezone" value="Africa/Lagos"/>
    <property name="os.name" value="Windows 10"/>
    <property name="java.vm.specification.version" value="18"/>
    <property name="sun.java.launcher" value="SUN_STANDARD"/>
    <property name="user.country" value="FR"/>
    <property name="sun.boot.library.path" value="C:\Program Files\Java\jdk-18.0.2.1\bin"/>
    <property name="sun.java.command" value="C:\Users\MOUTIA~1\AppData\Local\Temp\surefire15003600571546559803\surefirebooter16112774149860503236.jar C:\Users\Moutia Saad\AppData\Local\Temp\surefire15003600571546559803 2024-05-30T18-45-56_517-jvmRun1 surefire15895819435725295647tmp surefire_06177037047080053570tmp"/>
    <property name="jdk.debug" value="release"/>
    <property name="surefire.test.class.path" value="C:\Users\Moutia Saad\Documents\Projects\FPA_SEC-main\backend\target\test-classes;C:\Users\Moutia Saad\Documents\Projects\FPA_SEC-main\backend\target\classes;C:\Users\Moutia Saad\.m2\repository\org\springframework\boot\spring-boot-starter-actuator\2.7.3\spring-boot-starter-actuator-2.7.3.jar;C:\Users\Moutia Saad\.m2\repository\org\springframework\boot\spring-boot-starter\2.7.3\spring-boot-starter-2.7.3.jar;C:\Users\Moutia Saad\.m2\repository\org\springframework\boot\spring-boot-starter-logging\2.7.3\spring-boot-starter-logging-2.7.3.jar;C:\Users\Moutia Saad\.m2\repository\ch\qos\logback\logback-classic\1.2.11\logback-classic-1.2.11.jar;C:\Users\Moutia Saad\.m2\repository\ch\qos\logback\logback-core\1.2.11\logback-core-1.2.11.jar;C:\Users\Moutia Saad\.m2\repository\org\apache\logging\log4j\log4j-to-slf4j\2.17.2\log4j-to-slf4j-2.17.2.jar;C:\Users\Moutia Saad\.m2\repository\org\apache\logging\log4j\log4j-api\2.17.2\log4j-api-2.17.2.jar;C:\Users\Moutia Saad\.m2\repository\org\slf4j\jul-to-slf4j\1.7.36\jul-to-slf4j-1.7.36.jar;C:\Users\Moutia Saad\.m2\repository\jakarta\annotation\jakarta.annotation-api\1.3.5\jakarta.annotation-api-1.3.5.jar;C:\Users\Moutia Saad\.m2\repository\org\yaml\snakeyaml\1.30\snakeyaml-1.30.jar;C:\Users\Moutia Saad\.m2\repository\org\springframework\boot\spring-boot-actuator-autoconfigure\2.7.3\spring-boot-actuator-autoconfigure-2.7.3.jar;C:\Users\Moutia Saad\.m2\repository\org\springframework\boot\spring-boot-actuator\2.7.3\spring-boot-actuator-2.7.3.jar;C:\Users\Moutia Saad\.m2\repository\com\fasterxml\jackson\datatype\jackson-datatype-jsr310\2.13.3\jackson-datatype-jsr310-2.13.3.jar;C:\Users\Moutia Saad\.m2\repository\io\micrometer\micrometer-core\1.9.3\micrometer-core-1.9.3.jar;C:\Users\Moutia Saad\.m2\repository\org\hdrhistogram\HdrHistogram\2.1.12\HdrHistogram-2.1.12.jar;C:\Users\Moutia Saad\.m2\repository\org\latencyutils\LatencyUtils\2.0.3\LatencyUtils-2.0.3.jar;C:\Users\Moutia Saad\.m2\repository\org\springframework\boot\spring-boot-starter-data-jpa\2.7.3\spring-boot-starter-data-jpa-2.7.3.jar;C:\Users\Moutia Saad\.m2\repository\org\springframework\boot\spring-boot-starter-aop\2.7.3\spring-boot-starter-aop-2.7.3.jar;C:\Users\Moutia Saad\.m2\repository\org\aspectj\aspectjweaver\1.9.7\aspectjweaver-1.9.7.jar;C:\Users\Moutia Saad\.m2\repository\org\springframework\boot\spring-boot-starter-jdbc\2.7.3\spring-boot-starter-jdbc-2.7.3.jar;C:\Users\Moutia Saad\.m2\repository\com\zaxxer\HikariCP\4.0.3\HikariCP-4.0.3.jar;C:\Users\Moutia Saad\.m2\repository\org\springframework\spring-jdbc\5.3.22\spring-jdbc-5.3.22.jar;C:\Users\Moutia Saad\.m2\repository\jakarta\transaction\jakarta.transaction-api\1.3.3\jakarta.transaction-api-1.3.3.jar;C:\Users\Moutia Saad\.m2\repository\jakarta\persistence\jakarta.persistence-api\2.2.3\jakarta.persistence-api-2.2.3.jar;C:\Users\Moutia Saad\.m2\repository\org\hibernate\hibernate-core\5.6.10.Final\hibernate-core-5.6.10.Final.jar;C:\Users\Moutia Saad\.m2\repository\org\jboss\logging\jboss-logging\3.4.3.Final\jboss-logging-3.4.3.Final.jar;C:\Users\Moutia Saad\.m2\repository\net\bytebuddy\byte-buddy\1.12.13\byte-buddy-1.12.13.jar;C:\Users\Moutia Saad\.m2\repository\antlr\antlr\2.7.7\antlr-2.7.7.jar;C:\Users\Moutia Saad\.m2\repository\org\jboss\jandex\2.4.2.Final\jandex-2.4.2.Final.jar;C:\Users\Moutia Saad\.m2\repository\com\fasterxml\classmate\1.5.1\classmate-1.5.1.jar;C:\Users\Moutia Saad\.m2\repository\org\hibernate\common\hibernate-commons-annotations\5.1.2.Final\hibernate-commons-annotations-5.1.2.Final.jar;C:\Users\Moutia Saad\.m2\repository\org\glassfish\jaxb\jaxb-runtime\2.3.6\jaxb-runtime-2.3.6.jar;C:\Users\Moutia Saad\.m2\repository\org\glassfish\jaxb\txw2\2.3.6\txw2-2.3.6.jar;C:\Users\Moutia Saad\.m2\repository\com\sun\istack\istack-commons-runtime\3.0.12\istack-commons-runtime-3.0.12.jar;C:\Users\Moutia Saad\.m2\repository\org\springframework\data\spring-data-jpa\2.7.2\spring-data-jpa-2.7.2.jar;C:\Users\Moutia Saad\.m2\repository\org\springframework\data\spring-data-commons\2.7.2\spring-data-commons-2.7.2.jar;C:\Users\Moutia Saad\.m2\repository\org\springframework\spring-orm\5.3.22\spring-orm-5.3.22.jar;C:\Users\Moutia Saad\.m2\repository\org\springframework\spring-context\5.3.22\spring-context-5.3.22.jar;C:\Users\Moutia Saad\.m2\repository\org\springframework\spring-tx\5.3.22\spring-tx-5.3.22.jar;C:\Users\Moutia Saad\.m2\repository\org\springframework\spring-beans\5.3.22\spring-beans-5.3.22.jar;C:\Users\Moutia Saad\.m2\repository\org\slf4j\slf4j-api\1.7.36\slf4j-api-1.7.36.jar;C:\Users\Moutia Saad\.m2\repository\org\springframework\spring-aspects\5.3.22\spring-aspects-5.3.22.jar;C:\Users\Moutia Saad\.m2\repository\org\springframework\boot\spring-boot-starter-web\2.7.3\spring-boot-starter-web-2.7.3.jar;C:\Users\Moutia Saad\.m2\repository\org\springframework\boot\spring-boot-starter-json\2.7.3\spring-boot-starter-json-2.7.3.jar;C:\Users\Moutia Saad\.m2\repository\com\fasterxml\jackson\datatype\jackson-datatype-jdk8\2.13.3\jackson-datatype-jdk8-2.13.3.jar;C:\Users\Moutia Saad\.m2\repository\com\fasterxml\jackson\module\jackson-module-parameter-names\2.13.3\jackson-module-parameter-names-2.13.3.jar;C:\Users\Moutia Saad\.m2\repository\org\springframework\boot\spring-boot-starter-tomcat\2.7.3\spring-boot-starter-tomcat-2.7.3.jar;C:\Users\Moutia Saad\.m2\repository\org\apache\tomcat\embed\tomcat-embed-core\9.0.65\tomcat-embed-core-9.0.65.jar;C:\Users\Moutia Saad\.m2\repository\org\apache\tomcat\embed\tomcat-embed-websocket\9.0.65\tomcat-embed-websocket-9.0.65.jar;C:\Users\Moutia Saad\.m2\repository\org\springframework\spring-web\5.3.22\spring-web-5.3.22.jar;C:\Users\Moutia Saad\.m2\repository\org\springframework\spring-webmvc\5.3.22\spring-webmvc-5.3.22.jar;C:\Users\Moutia Saad\.m2\repository\org\springframework\spring-expression\5.3.22\spring-expression-5.3.22.jar;C:\Users\Moutia Saad\.m2\repository\mysql\mysql-connector-java\8.0.30\mysql-connector-java-8.0.30.jar;C:\Users\Moutia Saad\.m2\repository\org\springframework\boot\spring-boot-starter-test\2.7.3\spring-boot-starter-test-2.7.3.jar;C:\Users\Moutia Saad\.m2\repository\org\springframework\boot\spring-boot-test\2.7.3\spring-boot-test-2.7.3.jar;C:\Users\Moutia Saad\.m2\repository\org\springframework\boot\spring-boot-test-autoconfigure\2.7.3\spring-boot-test-autoconfigure-2.7.3.jar;C:\Users\Moutia Saad\.m2\repository\com\jayway\jsonpath\json-path\2.7.0\json-path-2.7.0.jar;C:\Users\Moutia Saad\.m2\repository\net\minidev\json-smart\2.4.8\json-smart-2.4.8.jar;C:\Users\Moutia Saad\.m2\repository\net\minidev\accessors-smart\2.4.8\accessors-smart-2.4.8.jar;C:\Users\Moutia Saad\.m2\repository\org\ow2\asm\asm\9.1\asm-9.1.jar;C:\Users\Moutia Saad\.m2\repository\jakarta\xml\bind\jakarta.xml.bind-api\2.3.3\jakarta.xml.bind-api-2.3.3.jar;C:\Users\Moutia Saad\.m2\repository\jakarta\activation\jakarta.activation-api\1.2.2\jakarta.activation-api-1.2.2.jar;C:\Users\Moutia Saad\.m2\repository\org\assertj\assertj-core\3.22.0\assertj-core-3.22.0.jar;C:\Users\Moutia Saad\.m2\repository\org\hamcrest\hamcrest\2.2\hamcrest-2.2.jar;C:\Users\Moutia Saad\.m2\repository\org\junit\jupiter\junit-jupiter\5.8.2\junit-jupiter-5.8.2.jar;C:\Users\Moutia Saad\.m2\repository\org\junit\jupiter\junit-jupiter-api\5.8.2\junit-jupiter-api-5.8.2.jar;C:\Users\Moutia Saad\.m2\repository\org\opentest4j\opentest4j\1.2.0\opentest4j-1.2.0.jar;C:\Users\Moutia Saad\.m2\repository\org\junit\platform\junit-platform-commons\1.8.2\junit-platform-commons-1.8.2.jar;C:\Users\Moutia Saad\.m2\repository\org\apiguardian\apiguardian-api\1.1.2\apiguardian-api-1.1.2.jar;C:\Users\Moutia Saad\.m2\repository\org\junit\jupiter\junit-jupiter-params\5.8.2\junit-jupiter-params-5.8.2.jar;C:\Users\Moutia Saad\.m2\repository\org\junit\jupiter\junit-jupiter-engine\5.8.2\junit-jupiter-engine-5.8.2.jar;C:\Users\Moutia Saad\.m2\repository\org\junit\platform\junit-platform-engine\1.8.2\junit-platform-engine-1.8.2.jar;C:\Users\Moutia Saad\.m2\repository\org\mockito\mockito-core\4.5.1\mockito-core-4.5.1.jar;C:\Users\Moutia Saad\.m2\repository\net\bytebuddy\byte-buddy-agent\1.12.13\byte-buddy-agent-1.12.13.jar;C:\Users\Moutia Saad\.m2\repository\org\objenesis\objenesis\3.2\objenesis-3.2.jar;C:\Users\Moutia Saad\.m2\repository\org\mockito\mockito-junit-jupiter\4.5.1\mockito-junit-jupiter-4.5.1.jar;C:\Users\Moutia Saad\.m2\repository\org\skyscreamer\jsonassert\1.5.1\jsonassert-1.5.1.jar;C:\Users\Moutia Saad\.m2\repository\com\vaadin\external\google\android-json\0.0.20131108.vaadin1\android-json-0.0.20131108.vaadin1.jar;C:\Users\Moutia Saad\.m2\repository\org\springframework\spring-core\5.3.22\spring-core-5.3.22.jar;C:\Users\Moutia Saad\.m2\repository\org\springframework\spring-jcl\5.3.22\spring-jcl-5.3.22.jar;C:\Users\Moutia Saad\.m2\repository\org\springframework\spring-test\5.3.22\spring-test-5.3.22.jar;C:\Users\Moutia Saad\.m2\repository\org\xmlunit\xmlunit-core\2.9.0\xmlunit-core-2.9.0.jar;C:\Users\Moutia Saad\.m2\repository\org\projectlombok\lombok\1.18.30\lombok-1.18.30.jar;C:\Users\Moutia Saad\.m2\repository\org\springframework\boot\spring-boot-starter-security\2.7.3\spring-boot-starter-security-2.7.3.jar;C:\Users\Moutia Saad\.m2\repository\org\springframework\spring-aop\5.3.22\spring-aop-5.3.22.jar;C:\Users\Moutia Saad\.m2\repository\org\springframework\security\spring-security-config\5.7.3\spring-security-config-5.7.3.jar;C:\Users\Moutia Saad\.m2\repository\org\springframework\security\spring-security-web\5.7.3\spring-security-web-5.7.3.jar;C:\Users\Moutia Saad\.m2\repository\org\springframework\security\spring-security-test\5.7.3\spring-security-test-5.7.3.jar;C:\Users\Moutia Saad\.m2\repository\org\springframework\security\spring-security-core\5.7.3\spring-security-core-5.7.3.jar;C:\Users\Moutia Saad\.m2\repository\org\springframework\security\spring-security-crypto\5.7.3\spring-security-crypto-5.7.3.jar;C:\Users\Moutia Saad\.m2\repository\org\springframework\boot\spring-boot-devtools\2.7.3\spring-boot-devtools-2.7.3.jar;C:\Users\Moutia Saad\.m2\repository\org\springframework\boot\spring-boot\2.7.3\spring-boot-2.7.3.jar;C:\Users\Moutia Saad\.m2\repository\org\springframework\boot\spring-boot-autoconfigure\2.7.3\spring-boot-autoconfigure-2.7.3.jar;C:\Users\Moutia Saad\.m2\repository\org\springframework\boot\spring-boot-starter-mail\2.7.3\spring-boot-starter-mail-2.7.3.jar;C:\Users\Moutia Saad\.m2\repository\org\springframework\spring-context-support\5.3.22\spring-context-support-5.3.22.jar;C:\Users\Moutia Saad\.m2\repository\com\sun\mail\jakarta.mail\1.6.7\jakarta.mail-1.6.7.jar;C:\Users\Moutia Saad\.m2\repository\com\sun\activation\jakarta.activation\1.2.2\jakarta.activation-1.2.2.jar;C:\Users\Moutia Saad\.m2\repository\io\jsonwebtoken\jjwt\0.9.1\jjwt-0.9.1.jar;C:\Users\Moutia Saad\.m2\repository\com\fasterxml\jackson\core\jackson-databind\2.13.3\jackson-databind-2.13.3.jar;C:\Users\Moutia Saad\.m2\repository\com\fasterxml\jackson\core\jackson-annotations\2.13.3\jackson-annotations-2.13.3.jar;C:\Users\Moutia Saad\.m2\repository\com\fasterxml\jackson\core\jackson-core\2.13.3\jackson-core-2.13.3.jar;C:\Users\Moutia Saad\.m2\repository\org\springframework\boot\spring-boot-starter-validation\2.7.3\spring-boot-starter-validation-2.7.3.jar;C:\Users\Moutia Saad\.m2\repository\org\apache\tomcat\embed\tomcat-embed-el\9.0.65\tomcat-embed-el-9.0.65.jar;C:\Users\Moutia Saad\.m2\repository\org\hibernate\validator\hibernate-validator\6.2.4.Final\hibernate-validator-6.2.4.Final.jar;C:\Users\Moutia Saad\.m2\repository\jakarta\validation\jakarta.validation-api\2.0.2\jakarta.validation-api-2.0.2.jar;C:\Users\Moutia Saad\.m2\repository\javax\xml\bind\jaxb-api\2.3.0\jaxb-api-2.3.0.jar;C:\Users\Moutia Saad\.m2\repository\com\google\zxing\core\3.4.1\core-3.4.1.jar;C:\Users\Moutia Saad\.m2\repository\com\google\zxing\javase\3.4.1\javase-3.4.1.jar;C:\Users\Moutia Saad\.m2\repository\com\beust\jcommander\1.78\jcommander-1.78.jar;C:\Users\Moutia Saad\.m2\repository\com\github\jai-imageio\jai-imageio-core\1.4.0\jai-imageio-core-1.4.0.jar;C:\Users\Moutia Saad\.m2\repository\com\github\ben-manes\caffeine\caffeine\3.0.0\caffeine-3.0.0.jar;C:\Users\Moutia Saad\.m2\repository\org\checkerframework\checker-qual\3.10.0\checker-qual-3.10.0.jar;C:\Users\Moutia Saad\.m2\repository\com\google\errorprone\error_prone_annotations\2.5.1\error_prone_annotations-2.5.1.jar;C:\Users\Moutia Saad\.m2\repository\org\modelmapper\modelmapper\2.4.4\modelmapper-2.4.4.jar;C:\Users\Moutia Saad\.m2\repository\com\sun\mail\javax.mail\1.6.2\javax.mail-1.6.2.jar;C:\Users\Moutia Saad\.m2\repository\javax\activation\activation\1.1\activation-1.1.jar;C:\Users\Moutia Saad\.m2\repository\com\itextpdf\itextpdf\5.5.13.2\itextpdf-5.5.13.2.jar;"/>
    <property name="sun.cpu.endian" value="little"/>
    <property name="user.home" value="C:\Users\Moutia Saad"/>
    <property name="user.language" value="fr"/>
    <property name="java.specification.vendor" value="Oracle Corporation"/>
    <property name="java.version.date" value="2022-08-18"/>
    <property name="java.home" value="C:\Program Files\Java\jdk-18.0.2.1"/>
    <property name="file.separator" value="\"/>
    <property name="basedir" value="C:\Users\Moutia Saad\Documents\Projects\FPA_SEC-main\backend"/>
    <property name="java.vm.compressedOopsMode" value="Zero based"/>
    <property name="line.separator" value="&#10;"/>
    <property name="java.vm.specification.vendor" value="Oracle Corporation"/>
    <property name="java.specification.name" value="Java Platform API Specification"/>
    <property name="surefire.real.class.path" value="C:\Users\MOUTIA~1\AppData\Local\Temp\surefire15003600571546559803\surefirebooter16112774149860503236.jar"/>
    <property name="user.script" value=""/>
    <property name="sun.management.compiler" value="HotSpot 64-Bit Tiered Compilers"/>
    <property name="java.runtime.version" value="18.0.2.1+1-1"/>
    <property name="user.name" value="Moutia Saad"/>
    <property name="path.separator" value=";"/>
    <property name="os.version" value="10.0"/>
    <property name="java.runtime.name" value="Java(TM) SE Runtime Environment"/>
    <property name="file.encoding" value="UTF-8"/>
    <property name="java.vm.name" value="Java HotSpot(TM) 64-Bit Server VM"/>
    <property name="localRepository" value="C:\Users\Moutia Saad\.m2\repository"/>
    <property name="java.vendor.url.bug" value="https://bugreport.java.com/bugreport/"/>
    <property name="java.io.tmpdir" value="C:\Users\MOUTIA~1\AppData\Local\Temp\"/>
    <property name="java.version" value="18.0.2.1"/>
    <property name="user.dir" value="C:\Users\Moutia Saad\Documents\Projects\FPA_SEC-main\backend"/>
    <property name="os.arch" value="amd64"/>
    <property name="java.vm.specification.name" value="Java Virtual Machine Specification"/>
    <property name="sun.os.patch.level" value=""/>
    <property name="native.encoding" value="Cp1252"/>
    <property name="java.library.path" value="C:\Program Files\Java\jdk-18.0.2.1\bin;C:\Windows\Sun\Java\bin;C:\Windows\system32;C:\Windows;C:\Program Files (x86)\VMware\VMware Workstation\bin\;C:\Windows\system32;C:\Windows;C:\Windows\System32\Wbem;C:\Windows\System32\WindowsPowerShell\v1.0\;C:\Windows\System32\OpenSSH\;C:\Program Files\dotnet\;C:\Program Files\NVIDIA Corporation\NVIDIA NvDLISR;C:\ProgramData\chocolatey\bin;C:\Program Files (x86)\Windows Kits\8.1\Windows Performance Toolkit\;C:\Program Files\Git\cmd;C:\src\php8;C:\ProgramData\ComposerSetup\bin;C:\Users\Moutia Saad\AppData\Roaming\nvm;C:\Program Files\nodejs;C:\Program Files\nodejs\;C:\Program Files (x86)\apache-maven-3.9.6\bin;C:\Program Files\Docker\Docker\resources\bin;C:\Program Files (x86)\NVIDIA Corporation\PhysX\Common;C:\Program Files\Java\jdk-18.0.2.1\bin;C:\src\mydumper-mydumper-c5546a7\src;C:\Program Files\Microsoft SQL Server\Client SDK\ODBC\110\Tools\Binn\;C:\Program Files (x86)\Microsoft SQL Server\120\Tools\Binn\;C:\Program Files\Microsoft SQL Server\120\Tools\Binn\;C:\Program Files\Microsoft SQL Server\120\DTS\Binn\;C:\Users\Moutia Saad\scoop\shims;C:\Users\Moutia Saad\AppData\Local\Programs\Python\Python310\Scripts\;C:\Users\Moutia Saad\AppData\Local\Programs\Python\Python310\;C:\Users\Moutia Saad\AppData\Local\Microsoft\WindowsApps;C:\Users\Moutia Saad\AppData\Local\Programs\Microsoft VS Code\bin;C:\Modeltech_pe_edu_6.5a\win32pe_edu;C:\src\flutter\flutter\bin;C:\Users\Moutia Saad\AppData\Local\GitHubDesktop\bin;C:\Users\Moutia Saad\AppData\Local\Pub\Cache\bin;C:\Users\Moutia Saad\AppData\Roaming\Composer\vendor\bin;C:\Users\Moutia Saad\AppData\Roaming\nvm;C:\Program Files\nodejs;C:\Users\Moutia Saad\AppData\Roaming\npm;C:\tools\dart-sdk\bin;C:\Program Files (x86)\apache-maven-3.9.6;C:\Program Files\PostgreSQL\16\bin;C:\Program Files\heroku\bin;C:\Program Files\Java\jdk-21\bin;C:\Program Files\Java\jdk-18.0.2.1\bin;C:\src\mydumper-mydumper-c5546a7\src;;."/>
    <property name="java.vm.info" value="mixed mode, sharing"/>
    <property name="java.vendor" value="Oracle Corporation"/>
    <property name="java.vm.version" value="18.0.2.1+1-1"/>
    <property name="sun.io.unicode.encoding" value="UnicodeLittle"/>
    <property name="java.class.version" value="62.0"/>
  </properties>
  <testcase name="contextLoads" classname="com.HelloWay.HelloWay.HelloWayTests" time="0.005">
    <error message="Failed to load ApplicationContext" type="java.lang.IllegalStateException">java.lang.IllegalStateException: Failed to load ApplicationContext
Caused by: org.springframework.beans.factory.UnsatisfiedDependencyException: Error creating bean with name 'wifiController': Unsatisfied dependency expressed through field 'wifiService'; nested exception is org.springframework.beans.factory.UnsatisfiedDependencyException: Error creating bean with name 'wifiService': Unsatisfied dependency expressed through field 'wifiRepository'; nested exception is org.springframework.beans.factory.BeanCreationException: Error creating bean with name 'wifiRepository' defined in com.HelloWay.HelloWay.repos.WifiRepository defined in @EnableJpaRepositories declared on JpaRepositoriesRegistrar.EnableJpaRepositoriesConfiguration: Invocation of init method failed; nested exception is org.springframework.data.repository.query.QueryCreationException: Could not create query for public abstract java.util.List com.HelloWay.HelloWay.repos.WifiRepository.findBySpace_Id_space(java.lang.Long); Reason: Failed to create query for method public abstract java.util.List com.HelloWay.HelloWay.repos.WifiRepository.findBySpace_Id_space(java.lang.Long)! No property 'id' found for type 'Space' Traversed path: Wifi.space.; nested exception is java.lang.IllegalArgumentException: Failed to create query for method public abstract java.util.List com.HelloWay.HelloWay.repos.WifiRepository.findBySpace_Id_space(java.lang.Long)! No property 'id' found for type 'Space' Traversed path: Wifi.space.
Caused by: org.springframework.beans.factory.UnsatisfiedDependencyException: Error creating bean with name 'wifiService': Unsatisfied dependency expressed through field 'wifiRepository'; nested exception is org.springframework.beans.factory.BeanCreationException: Error creating bean with name 'wifiRepository' defined in com.HelloWay.HelloWay.repos.WifiRepository defined in @EnableJpaRepositories declared on JpaRepositoriesRegistrar.EnableJpaRepositoriesConfiguration: Invocation of init method failed; nested exception is org.springframework.data.repository.query.QueryCreationException: Could not create query for public abstract java.util.List com.HelloWay.HelloWay.repos.WifiRepository.findBySpace_Id_space(java.lang.Long); Reason: Failed to create query for method public abstract java.util.List com.HelloWay.HelloWay.repos.WifiRepository.findBySpace_Id_space(java.lang.Long)! No property 'id' found for type 'Space' Traversed path: Wifi.space.; nested exception is java.lang.IllegalArgumentException: Failed to create query for method public abstract java.util.List com.HelloWay.HelloWay.repos.WifiRepository.findBySpace_Id_space(java.lang.Long)! No property 'id' found for type 'Space' Traversed path: Wifi.space.
Caused by: org.springframework.beans.factory.BeanCreationException: Error creating bean with name 'wifiRepository' defined in com.HelloWay.HelloWay.repos.WifiRepository defined in @EnableJpaRepositories declared on JpaRepositoriesRegistrar.EnableJpaRepositoriesConfiguration: Invocation of init method failed; nested exception is org.springframework.data.repository.query.QueryCreationException: Could not create query for public abstract java.util.List com.HelloWay.HelloWay.repos.WifiRepository.findBySpace_Id_space(java.lang.Long); Reason: Failed to create query for method public abstract java.util.List com.HelloWay.HelloWay.repos.WifiRepository.findBySpace_Id_space(java.lang.Long)! No property 'id' found for type 'Space' Traversed path: Wifi.space.; nested exception is java.lang.IllegalArgumentException: Failed to create query for method public abstract java.util.List com.HelloWay.HelloWay.repos.WifiRepository.findBySpace_Id_space(java.lang.Long)! No property 'id' found for type 'Space' Traversed path: Wifi.space.
Caused by: org.springframework.data.repository.query.QueryCreationException: Could not create query for public abstract java.util.List com.HelloWay.HelloWay.repos.WifiRepository.findBySpace_Id_space(java.lang.Long); Reason: Failed to create query for method public abstract java.util.List com.HelloWay.HelloWay.repos.WifiRepository.findBySpace_Id_space(java.lang.Long)! No property 'id' found for type 'Space' Traversed path: Wifi.space.; nested exception is java.lang.IllegalArgumentException: Failed to create query for method public abstract java.util.List com.HelloWay.HelloWay.repos.WifiRepository.findBySpace_Id_space(java.lang.Long)! No property 'id' found for type 'Space' Traversed path: Wifi.space.
Caused by: java.lang.IllegalArgumentException: Failed to create query for method public abstract java.util.List com.HelloWay.HelloWay.repos.WifiRepository.findBySpace_Id_space(java.lang.Long)! No property 'id' found for type 'Space' Traversed path: Wifi.space.
Caused by: org.springframework.data.mapping.PropertyReferenceException: No property 'id' found for type 'Space' Traversed path: Wifi.space.
</error>
    <system-out><![CDATA[18:45:58.924 [main] DEBUG org.springframework.test.context.BootstrapUtils - Instantiating CacheAwareContextLoaderDelegate from class [org.springframework.test.context.cache.DefaultCacheAwareContextLoaderDelegate]
18:45:58.949 [main] DEBUG org.springframework.test.context.BootstrapUtils - Instantiating BootstrapContext using constructor [public org.springframework.test.context.support.DefaultBootstrapContext(java.lang.Class,org.springframework.test.context.CacheAwareContextLoaderDelegate)]
18:45:59.056 [main] DEBUG org.springframework.test.context.BootstrapUtils - Instantiating TestContextBootstrapper for test class [com.HelloWay.HelloWay.HelloWayTests] from class [org.springframework.boot.test.context.SpringBootTestContextBootstrapper]
18:45:59.092 [main] INFO org.springframework.boot.test.context.SpringBootTestContextBootstrapper - Neither @ContextConfiguration nor @ContextHierarchy found for test class [com.HelloWay.HelloWay.HelloWayTests], using SpringBootContextLoader
18:45:59.105 [main] DEBUG org.springframework.test.context.support.AbstractContextLoader - Did not detect default resource location for test class [com.HelloWay.HelloWay.HelloWayTests]: class path resource [com/HelloWay/HelloWay/HelloWayTests-context.xml] does not exist
18:45:59.107 [main] DEBUG org.springframework.test.context.support.AbstractContextLoader - Did not detect default resource location for test class [com.HelloWay.HelloWay.HelloWayTests]: class path resource [com/HelloWay/HelloWay/HelloWayTestsContext.groovy] does not exist
18:45:59.108 [main] INFO org.springframework.test.context.support.AbstractContextLoader - Could not detect default resource locations for test class [com.HelloWay.HelloWay.HelloWayTests]: no resource found for suffixes {-context.xml, Context.groovy}.
18:45:59.111 [main] INFO org.springframework.test.context.support.AnnotationConfigContextLoaderUtils - Could not detect default configuration classes for test class [com.HelloWay.HelloWay.HelloWayTests]: HelloWayTests does not declare any static, non-private, non-final, nested classes annotated with @Configuration.
18:45:59.297 [main] DEBUG org.springframework.test.context.support.ActiveProfilesUtils - Could not find an 'annotation declaring class' for annotation type [org.springframework.test.context.ActiveProfiles] and class [com.HelloWay.HelloWay.HelloWayTests]
18:45:59.532 [main] DEBUG org.springframework.context.annotation.ClassPathScanningCandidateComponentProvider - Identified candidate component class: file [C:\Users\Moutia Saad\Documents\Projects\FPA_SEC-main\backend\target\classes\com\HelloWay\HelloWay\HelloWay.class]
18:45:59.536 [main] INFO org.springframework.boot.test.context.SpringBootTestContextBootstrapper - Found @SpringBootConfiguration com.HelloWay.HelloWay.HelloWay for test class com.HelloWay.HelloWay.HelloWayTests
18:45:59.861 [main] DEBUG org.springframework.boot.test.context.SpringBootTestContextBootstrapper - @TestExecutionListeners is not present for class [com.HelloWay.HelloWay.HelloWayTests]: using defaults.
18:45:59.862 [main] INFO org.springframework.boot.test.context.SpringBootTestContextBootstrapper - Loaded default TestExecutionListener class names from location [META-INF/spring.factories]: [org.springframework.boot.test.mock.mockito.MockitoTestExecutionListener, org.springframework.boot.test.mock.mockito.ResetMocksTestExecutionListener, org.springframework.boot.test.autoconfigure.restdocs.RestDocsTestExecutionListener, org.springframework.boot.test.autoconfigure.web.client.MockRestServiceServerResetTestExecutionListener, org.springframework.boot.test.autoconfigure.web.servlet.MockMvcPrintOnlyOnFailureTestExecutionListener, org.springframework.boot.test.autoconfigure.web.servlet.WebDriverTestExecutionListener, org.springframework.boot.test.autoconfigure.webservices.client.MockWebServiceServerTestExecutionListener, org.springframework.test.context.web.ServletTestExecutionListener, org.springframework.test.context.support.DirtiesContextBeforeModesTestExecutionListener, org.springframework.test.context.event.ApplicationEventsTestExecutionListener, org.springframework.test.context.support.DependencyInjectionTestExecutionListener, org.springframework.test.context.support.DirtiesContextTestExecutionListener, org.springframework.test.context.transaction.TransactionalTestExecutionListener, org.springframework.test.context.jdbc.SqlScriptsTestExecutionListener, org.springframework.test.context.event.EventPublishingTestExecutionListener, org.springframework.security.test.context.support.WithSecurityContextTestExecutionListener, org.springframework.security.test.context.support.ReactorContextTestExecutionListener]
18:45:59.919 [main] INFO org.springframework.boot.test.context.SpringBootTestContextBootstrapper - Using TestExecutionListeners: [org.springframework.test.context.web.ServletTestExecutionListener@6af9fcb2, org.springframework.test.context.support.DirtiesContextBeforeModesTestExecutionListener@6cce16f4, org.springframework.test.context.event.ApplicationEventsTestExecutionListener@7efaad5a, org.springframework.boot.test.mock.mockito.MockitoTestExecutionListener@291a7e3c, org.springframework.boot.test.autoconfigure.SpringBootDependencyInjectionTestExecutionListener@ca30bc1, org.springframework.test.context.support.DirtiesContextTestExecutionListener@1046d517, org.springframework.test.context.transaction.TransactionalTestExecutionListener@3b7d3a38, org.springframework.test.context.jdbc.SqlScriptsTestExecutionListener@416c58f5, org.springframework.test.context.event.EventPublishingTestExecutionListener@5505ae1a, org.springframework.security.test.context.support.WithSecurityContextTestExecutionListener@73cd37c0, org.springframework.security.test.context.support.ReactorContextTestExecutionListener@21337f7b, org.springframework.boot.test.mock.mockito.ResetMocksTestExecutionListener@2bb3058, org.springframework.boot.test.autoconfigure.restdocs.RestDocsTestExecutionListener@7a362b6b, org.springframework.boot.test.autoconfigure.web.client.MockRestServiceServerResetTestExecutionListener@60df60da, org.springframework.boot.test.autoconfigure.web.servlet.MockMvcPrintOnlyOnFailureTestExecutionListener@5a2d131d, org.springframework.boot.test.autoconfigure.web.servlet.WebDriverTestExecutionListener@14fc1f0, org.springframework.boot.test.autoconfigure.webservices.client.MockWebServiceServerTestExecutionListener@4ae9cfc1]
18:45:59.932 [main] DEBUG org.springframework.test.context.support.AbstractDirtiesContextTestExecutionListener - Before test class: context [DefaultTestContext@a3d9978 testClass = HelloWayTests, testInstance = [null], testMethod = [null], testException = [null], mergedContextConfiguration = [WebMergedContextConfiguration@61544ae6 testClass = HelloWayTests, locations = '{}', classes = '{class com.HelloWay.HelloWay.HelloWay}', contextInitializerClasses = '[]', activeProfiles = '{}', propertySourceLocations = '{}', propertySourceProperties = '{org.springframework.boot.test.context.SpringBootTestContextBootstrapper=true}', contextCustomizers = set[org.springframework.boot.test.context.filter.ExcludeFilterContextCustomizer@3d6f0054, org.springframework.boot.test.json.DuplicateJsonObjectContextCustomizerFactory$DuplicateJsonObjectContextCustomizer@25084a1e, org.springframework.boot.test.mock.mockito.MockitoContextCustomizer@0, org.springframework.boot.test.web.client.TestRestTemplateContextCustomizer@6283d8b8, org.springframework.boot.test.autoconfigure.actuate.metrics.MetricsExportContextCustomizerFactory$DisableMetricExportContextCustomizer@6cd28fa7, org.springframework.boot.test.autoconfigure.properties.PropertyMappingContextCustomizer@0, org.springframework.boot.test.autoconfigure.web.servlet.WebDriverContextCustomizerFactory$Customizer@485966cc, org.springframework.boot.test.context.SpringBootTestArgs@1, org.springframework.boot.test.context.SpringBootTestWebEnvironment@4923ab24], resourceBasePath = 'src/main/webapp', contextLoader = 'org.springframework.boot.test.context.SpringBootContextLoader', parent = [null]], attributes = map['org.springframework.test.context.web.ServletTestExecutionListener.activateListener' -> true]], class annotated with @DirtiesContext [false] with mode [null].
                 ,--,      ,--,
        ,--,          ,---.'|   ,---.'|       ,----..
      ,--.'|    ,---,.|   | :   |   | :      /   /   \              .---.   ,---,
   ,--,  | :  ,'  .' |:   : |   :   : |     /   .     :            /. ./|  '  .' \            ,---,
,---.'|  : ',---.'   ||   ' :   |   ' :    .   /   ;.  \       .--'.  ' ; /  ;    '.         /_ ./|
|   | : _' ||   |   .';   ; '   ;   ; '   .   ;   /  ` ;      /__./ \ : |:  :       \  ,---, |  ' :
:   : |.'  |:   :  |-,'   | |__ '   | |__ ;   |  ; \ ; |  .--'.  '   \' .:  |   /\   \/___/ \.  : |
|   ' '  ; ::   |  ;/||   | :.'||   | :.'||   :  | ; | ' /___/ \ |    ' '|  :  ' ;.   :.  \  \ ,' '
'   |  .'. ||   :   .''   :    ;'   :    ;.   |  ' ' ' : ;   \  \;      :|  |  ;/  \   \\  ;  `  ,'
|   | :  | '|   |  |-,|   |  ./ |   |  ./ '   ;  \; /  |  \   ;  `      |'  :  | \  \ ,' \  \    '
'   : |  : ;'   :  ;/|;   : ;   ;   : ;    \   \  ',  /    .   \    .\  ;|  |  '  '--'    '  \   |
|   | '  ,/ |   |    \|   ,/    |   ,/      ;   :    /      \   \   ' \ ||  :  :           \  ;  ;
;   : ;--'  |   :   .''---'     '---'        \   \ .'        :   '  |--" |  | ,'            :  \  \
|   ,/      |   | ,'                          `---`           \   \ ;    `--''               \  ' ;
'---'       `----'                                             '---"                          `--`

HelloWay 1
Powered by Spring Boot 2.7.3
2024-05-30 18:46:01.195  INFO 21304 --- [           main] com.HelloWay.HelloWay.HelloWayTests      : Starting HelloWayTests using Java 18.0.2.1 on DESKTOP-3RQ144M with PID 21304 (started by Moutia Saad in C:\Users\Moutia Saad\Documents\Projects\FPA_SEC-main\backend)
2024-05-30 18:46:01.201  INFO 21304 --- [           main] com.HelloWay.HelloWay.HelloWayTests      : No active profile set, falling back to 1 default profile: "default"
2024-05-30 18:46:04.900  INFO 21304 --- [           main] .s.d.r.c.RepositoryConfigurationDelegate : Bootstrapping Spring Data JPA repositories in DEFAULT mode.
2024-05-30 18:46:05.516  INFO 21304 --- [           main] .s.d.r.c.RepositoryConfigurationDelegate : Finished Spring Data repository scanning in 586 ms. Found 19 JPA repository interfaces.
2024-05-30 18:46:07.943  INFO 21304 --- [           main] o.hibernate.jpa.internal.util.LogHelper  : HHH000204: Processing PersistenceUnitInfo [name: default]
2024-05-30 18:46:08.201  INFO 21304 --- [           main] org.hibernate.Version                    : HHH000412: Hibernate ORM core version 5.6.10.Final
2024-05-30 18:46:09.109  INFO 21304 --- [           main] o.hibernate.annotations.common.Version   : HCANN000001: Hibernate Commons Annotations {5.1.2.Final}
2024-05-30 18:46:10.066  INFO 21304 --- [           main] com.zaxxer.hikari.HikariDataSource       : HikariPool-1 - Starting...
2024-05-30 18:46:11.464  INFO 21304 --- [           main] com.zaxxer.hikari.HikariDataSource       : HikariPool-1 - Start completed.
2024-05-30 18:46:11.535  INFO 21304 --- [           main] org.hibernate.dialect.Dialect            : HHH000400: Using dialect: org.hibernate.dialect.MySQL5InnoDBDialect
2024-05-30 18:46:17.045  INFO 21304 --- [           main] o.h.e.t.j.p.i.JtaPlatformInitiator       : HHH000490: Using JtaPlatform implementation: [org.hibernate.engine.transaction.jta.platform.internal.NoJtaPlatform]
2024-05-30 18:46:17.074  INFO 21304 --- [           main] j.LocalContainerEntityManagerFactoryBean : Initialized JPA EntityManagerFactory for persistence unit 'default'
2024-05-30 18:46:19.141  WARN 21304 --- [           main] JpaBaseConfiguration$JpaWebConfiguration : spring.jpa.open-in-view is enabled by default. Therefore, database queries may be performed during view rendering. Explicitly configure spring.jpa.open-in-view to disable this warning
2024-05-30 18:46:20.980 DEBUG 21304 --- [           main] .PrePostAnnotationSecurityMetadataSource : @org.springframework.security.access.prepost.PreAuthorize("hasAnyRole(\'GUEST\',\'USER\')") found on specific method: public org.springframework.http.ResponseEntity com.HelloWay.HelloWay.controllers.BasketController.deleteOneProductFromBasket(long,long)
2024-05-30 18:46:21.053 DEBUG 21304 --- [           main] m.DelegatingMethodSecurityMetadataSource : Caching method [CacheKey[com.HelloWay.HelloWay.controllers.BasketController; public org.springframework.http.ResponseEntity com.HelloWay.HelloWay.controllers.BasketController.deleteOneProductFromBasket(long,long)]] with attributes [[authorize: 'hasAnyRole('GUEST','USER')', filter: 'null', filterTarget: 'null']]
2024-05-30 18:46:21.112 DEBUG 21304 --- [           main] .PrePostAnnotationSecurityMetadataSource : @org.springframework.security.access.prepost.PreAuthorize("hasAnyRole(\'GUEST\',\'USER\')") found on specific method: public org.springframework.http.ResponseEntity com.HelloWay.HelloWay.controllers.BasketController.createCommandWithServer(java.lang.Long,long)
2024-05-30 18:46:21.114 DEBUG 21304 --- [           main] m.DelegatingMethodSecurityMetadataSource : Caching method [CacheKey[com.HelloWay.HelloWay.controllers.BasketController; public org.springframework.http.ResponseEntity com.HelloWay.HelloWay.controllers.BasketController.createCommandWithServer(java.lang.Long,long)]] with attributes [[authorize: 'hasAnyRole('GUEST','USER')', filter: 'null', filterTarget: 'null']]
2024-05-30 18:46:21.117 DEBUG 21304 --- [           main] .PrePostAnnotationSecurityMetadataSource : @org.springframework.security.access.prepost.PreAuthorize("hasAnyRole(\'GUEST\',\'USER\',\'WAITER\')") found on specific method: public org.springframework.http.ResponseEntity com.HelloWay.HelloWay.controllers.BasketController.getProductsByIdBasket(long)
2024-05-30 18:46:21.118 DEBUG 21304 --- [           main] m.DelegatingMethodSecurityMetadataSource : Caching method [CacheKey[com.HelloWay.HelloWay.controllers.BasketController; public org.springframework.http.ResponseEntity com.HelloWay.HelloWay.controllers.BasketController.getProductsByIdBasket(long)]] with attributes [[authorize: 'hasAnyRole('GUEST','USER','WAITER')', filter: 'null', filterTarget: 'null']]
2024-05-30 18:46:21.124 DEBUG 21304 --- [           main] .PrePostAnnotationSecurityMetadataSource : @org.springframework.security.access.prepost.PreAuthorize("hasAnyRole(\'GUEST\',\'USER\',\'WAITER\')") found on specific method: public org.springframework.http.ResponseEntity com.HelloWay.HelloWay.controllers.BasketController.getLatestBasketByIdTable(long)
2024-05-30 18:46:21.127 DEBUG 21304 --- [           main] m.DelegatingMethodSecurityMetadataSource : Caching method [CacheKey[com.HelloWay.HelloWay.controllers.BasketController; public org.springframework.http.ResponseEntity com.HelloWay.HelloWay.controllers.BasketController.getLatestBasketByIdTable(long)]] with attributes [[authorize: 'hasAnyRole('GUEST','USER','WAITER')', filter: 'null', filterTarget: 'null']]
2024-05-30 18:46:21.130 DEBUG 21304 --- [           main] .PrePostAnnotationSecurityMetadataSource : @org.springframework.security.access.prepost.PreAuthorize("hasAnyRole(\'GUEST\',\'USER\',\'WAITER\')") found on specific method: public org.springframework.http.ResponseEntity com.HelloWay.HelloWay.controllers.BasketController.getProductsByIdCommand(long)
2024-05-30 18:46:21.131 DEBUG 21304 --- [           main] m.DelegatingMethodSecurityMetadataSource : Caching method [CacheKey[com.HelloWay.HelloWay.controllers.BasketController; public org.springframework.http.ResponseEntity com.HelloWay.HelloWay.controllers.BasketController.getProductsByIdCommand(long)]] with attributes [[authorize: 'hasAnyRole('GUEST','USER','WAITER')', filter: 'null', filterTarget: 'null']]
2024-05-30 18:46:21.135 DEBUG 21304 --- [           main] .PrePostAnnotationSecurityMetadataSource : @org.springframework.security.access.prepost.PreAuthorize("hasAnyRole(\'GUEST\',\'USER\')") found on specific method: public org.springframework.http.ResponseEntity com.HelloWay.HelloWay.controllers.BasketController.deleteProductFromBasket(long,long)
2024-05-30 18:46:21.138 DEBUG 21304 --- [           main] m.DelegatingMethodSecurityMetadataSource : Caching method [CacheKey[com.HelloWay.HelloWay.controllers.BasketController; public org.springframework.http.ResponseEntity com.HelloWay.HelloWay.controllers.BasketController.deleteProductFromBasket(long,long)]] with attributes [[authorize: 'hasAnyRole('GUEST','USER')', filter: 'null', filterTarget: 'null']]
2024-05-30 18:46:21.140 DEBUG 21304 --- [           main] .PrePostAnnotationSecurityMetadataSource : @org.springframework.security.access.prepost.PreAuthorize("hasAnyRole(\'PROVIDER\')") found on specific method: public com.HelloWay.HelloWay.entities.Basket com.HelloWay.HelloWay.controllers.BasketController.addNewBasket(com.HelloWay.HelloWay.entities.Basket)
2024-05-30 18:46:21.141 DEBUG 21304 --- [           main] m.DelegatingMethodSecurityMetadataSource : Caching method [CacheKey[com.HelloWay.HelloWay.controllers.BasketController; public com.HelloWay.HelloWay.entities.Basket com.HelloWay.HelloWay.controllers.BasketController.addNewBasket(com.HelloWay.HelloWay.entities.Basket)]] with attributes [[authorize: 'hasAnyRole('PROVIDER')', filter: 'null', filterTarget: 'null']]
2024-05-30 18:46:21.142 DEBUG 21304 --- [           main] .PrePostAnnotationSecurityMetadataSource : @org.springframework.security.access.prepost.PreAuthorize("hasAnyRole(\'PROVIDER\')") found on specific method: public void com.HelloWay.HelloWay.controllers.BasketController.updateBasket(com.HelloWay.HelloWay.entities.Basket)
2024-05-30 18:46:21.143 DEBUG 21304 --- [           main] m.DelegatingMethodSecurityMetadataSource : Caching method [CacheKey[com.HelloWay.HelloWay.controllers.BasketController; public void com.HelloWay.HelloWay.controllers.BasketController.updateBasket(com.HelloWay.HelloWay.entities.Basket)]] with attributes [[authorize: 'hasAnyRole('PROVIDER')', filter: 'null', filterTarget: 'null']]
2024-05-30 18:46:21.145 DEBUG 21304 --- [           main] .PrePostAnnotationSecurityMetadataSource : @org.springframework.security.access.prepost.PreAuthorize("hasAnyRole(\'PROVIDER\')") found on specific method: public void com.HelloWay.HelloWay.controllers.BasketController.deleteBasket(long)
2024-05-30 18:46:21.146 DEBUG 21304 --- [           main] m.DelegatingMethodSecurityMetadataSource : Caching method [CacheKey[com.HelloWay.HelloWay.controllers.BasketController; public void com.HelloWay.HelloWay.controllers.BasketController.deleteBasket(long)]] with attributes [[authorize: 'hasAnyRole('PROVIDER')', filter: 'null', filterTarget: 'null']]
2024-05-30 18:46:21.147 DEBUG 21304 --- [           main] .PrePostAnnotationSecurityMetadataSource : @org.springframework.security.access.prepost.PreAuthorize("hasAnyRole(\'PROVIDER\')") found on specific method: public com.HelloWay.HelloWay.entities.Basket com.HelloWay.HelloWay.controllers.BasketController.findBasketById(long)
2024-05-30 18:46:21.149 DEBUG 21304 --- [           main] m.DelegatingMethodSecurityMetadataSource : Caching method [CacheKey[com.HelloWay.HelloWay.controllers.BasketController; public com.HelloWay.HelloWay.entities.Basket com.HelloWay.HelloWay.controllers.BasketController.findBasketById(long)]] with attributes [[authorize: 'hasAnyRole('PROVIDER')', filter: 'null', filterTarget: 'null']]
2024-05-30 18:46:21.150 DEBUG 21304 --- [           main] .PrePostAnnotationSecurityMetadataSource : @org.springframework.security.access.prepost.PreAuthorize("hasAnyRole(\'GUEST\',\'USER\')") found on specific method: public org.springframework.http.ResponseEntity com.HelloWay.HelloWay.controllers.BasketController.createCommand(java.lang.Long)
2024-05-30 18:46:21.152 DEBUG 21304 --- [           main] m.DelegatingMethodSecurityMetadataSource : Caching method [CacheKey[com.HelloWay.HelloWay.controllers.BasketController; public org.springframework.http.ResponseEntity com.HelloWay.HelloWay.controllers.BasketController.createCommand(java.lang.Long)]] with attributes [[authorize: 'hasAnyRole('GUEST','USER')', filter: 'null', filterTarget: 'null']]
2024-05-30 18:46:21.153 DEBUG 21304 --- [           main] .PrePostAnnotationSecurityMetadataSource : @org.springframework.security.access.prepost.PreAuthorize("hasAnyRole(\'GUEST\',\'USER\')") found on specific method: public org.springframework.http.ResponseEntity com.HelloWay.HelloWay.controllers.BasketController.addProductToBasket(long,long,int)
2024-05-30 18:46:21.154 DEBUG 21304 --- [           main] m.DelegatingMethodSecurityMetadataSource : Caching method [CacheKey[com.HelloWay.HelloWay.controllers.BasketController; public org.springframework.http.ResponseEntity com.HelloWay.HelloWay.controllers.BasketController.addProductToBasket(long,long,int)]] with attributes [[authorize: 'hasAnyRole('GUEST','USER')', filter: 'null', filterTarget: 'null']]
2024-05-30 18:46:21.156 DEBUG 21304 --- [           main] .PrePostAnnotationSecurityMetadataSource : @org.springframework.security.access.prepost.PreAuthorize("hasAnyRole(\'PROVIDER\')") found on specific method: public org.springframework.http.ResponseEntity com.HelloWay.HelloWay.controllers.BasketController.addBasketToBoard(java.lang.Long,com.HelloWay.HelloWay.entities.Basket)
2024-05-30 18:46:21.157 DEBUG 21304 --- [           main] m.DelegatingMethodSecurityMetadataSource : Caching method [CacheKey[com.HelloWay.HelloWay.controllers.BasketController; public org.springframework.http.ResponseEntity com.HelloWay.HelloWay.controllers.BasketController.addBasketToBoard(java.lang.Long,com.HelloWay.HelloWay.entities.Basket)]] with attributes [[authorize: 'hasAnyRole('PROVIDER')', filter: 'null', filterTarget: 'null']]
2024-05-30 18:46:21.158 DEBUG 21304 --- [           main] .PrePostAnnotationSecurityMetadataSource : @org.springframework.security.access.prepost.PreAuthorize("hasAnyRole(\'PROVIDER\')") found on specific method: public java.util.List com.HelloWay.HelloWay.controllers.BasketController.allBaskets()
2024-05-30 18:46:21.159 DEBUG 21304 --- [           main] m.DelegatingMethodSecurityMetadataSource : Caching method [CacheKey[com.HelloWay.HelloWay.controllers.BasketController; public java.util.List com.HelloWay.HelloWay.controllers.BasketController.allBaskets()]] with attributes [[authorize: 'hasAnyRole('PROVIDER')', filter: 'null', filterTarget: 'null']]
2024-05-30 18:46:21.160 DEBUG 21304 --- [           main] .PrePostAnnotationSecurityMetadataSource : @org.springframework.security.access.prepost.PreAuthorize("hasAnyRole(\'GUEST\',\'USER\',\'WAITER\')") found on specific method: public org.springframework.http.ResponseEntity com.HelloWay.HelloWay.controllers.BasketController.getProductQuantityByIdBasketAndIdProduct(long,long)
2024-05-30 18:46:21.162 DEBUG 21304 --- [           main] m.DelegatingMethodSecurityMetadataSource : Caching method [CacheKey[com.HelloWay.HelloWay.controllers.BasketController; public org.springframework.http.ResponseEntity com.HelloWay.HelloWay.controllers.BasketController.getProductQuantityByIdBasketAndIdProduct(long,long)]] with attributes [[authorize: 'hasAnyRole('GUEST','USER','WAITER')', filter: 'null', filterTarget: 'null']]
2024-05-30 18:46:21.205 DEBUG 21304 --- [           main] .PrePostAnnotationSecurityMetadataSource : @org.springframework.security.access.prepost.PreAuthorize("hasAnyRole(\'PROVIDER\')") found on specific method: public org.springframework.http.ResponseEntity com.HelloWay.HelloWay.controllers.BoardController.addNewBoardByIdZone(com.HelloWay.HelloWay.entities.Board,java.lang.Long)
2024-05-30 18:46:21.207 DEBUG 21304 --- [           main] m.DelegatingMethodSecurityMetadataSource : Caching method [CacheKey[com.HelloWay.HelloWay.controllers.BoardController; public org.springframework.http.ResponseEntity com.HelloWay.HelloWay.controllers.BoardController.addNewBoardByIdZone(com.HelloWay.HelloWay.entities.Board,java.lang.Long)]] with attributes [[authorize: 'hasAnyRole('PROVIDER')', filter: 'null', filterTarget: 'null']]
2024-05-30 18:46:21.210 DEBUG 21304 --- [           main] .PrePostAnnotationSecurityMetadataSource : @org.springframework.security.access.prepost.PreAuthorize("hasAnyRole(\'PROVIDER\')") found on specific method: public com.HelloWay.HelloWay.entities.Board com.HelloWay.HelloWay.controllers.BoardController.findBoardById(long)
2024-05-30 18:46:21.213 DEBUG 21304 --- [           main] m.DelegatingMethodSecurityMetadataSource : Caching method [CacheKey[com.HelloWay.HelloWay.controllers.BoardController; public com.HelloWay.HelloWay.entities.Board com.HelloWay.HelloWay.controllers.BoardController.findBoardById(long)]] with attributes [[authorize: 'hasAnyRole('PROVIDER')', filter: 'null', filterTarget: 'null']]
2024-05-30 18:46:21.215 DEBUG 21304 --- [           main] .PrePostAnnotationSecurityMetadataSource : @org.springframework.security.access.prepost.PreAuthorize("hasAnyRole(\'PROVIDER\')") found on specific method: public com.HelloWay.HelloWay.entities.Board com.HelloWay.HelloWay.controllers.BoardController.updateBoard(com.HelloWay.HelloWay.entities.Board)
2024-05-30 18:46:21.217 DEBUG 21304 --- [           main] m.DelegatingMethodSecurityMetadataSource : Caching method [CacheKey[com.HelloWay.HelloWay.controllers.BoardController; public com.HelloWay.HelloWay.entities.Board com.HelloWay.HelloWay.controllers.BoardController.updateBoard(com.HelloWay.HelloWay.entities.Board)]] with attributes [[authorize: 'hasAnyRole('PROVIDER')', filter: 'null', filterTarget: 'null']]
2024-05-30 18:46:21.219 DEBUG 21304 --- [           main] .PrePostAnnotationSecurityMetadataSource : @org.springframework.security.access.prepost.PreAuthorize("hasAnyRole(\'PROVIDER\')") found on specific method: public org.springframework.http.ResponseEntity com.HelloWay.HelloWay.controllers.BoardController.updateBoard(com.HelloWay.HelloWay.entities.Board,long)
2024-05-30 18:46:21.220 DEBUG 21304 --- [           main] m.DelegatingMethodSecurityMetadataSource : Caching method [CacheKey[com.HelloWay.HelloWay.controllers.BoardController; public org.springframework.http.ResponseEntity com.HelloWay.HelloWay.controllers.BoardController.updateBoard(com.HelloWay.HelloWay.entities.Board,long)]] with attributes [[authorize: 'hasAnyRole('PROVIDER')', filter: 'null', filterTarget: 'null']]
2024-05-30 18:46:21.221 DEBUG 21304 --- [           main] .PrePostAnnotationSecurityMetadataSource : @org.springframework.security.access.prepost.PreAuthorize("hasAnyRole(\'PROVIDER\')") found on specific method: public void com.HelloWay.HelloWay.controllers.BoardController.deleteBoard(long)
2024-05-30 18:46:21.222 DEBUG 21304 --- [           main] m.DelegatingMethodSecurityMetadataSource : Caching method [CacheKey[com.HelloWay.HelloWay.controllers.BoardController; public void com.HelloWay.HelloWay.controllers.BoardController.deleteBoard(long)]] with attributes [[authorize: 'hasAnyRole('PROVIDER')', filter: 'null', filterTarget: 'null']]
2024-05-30 18:46:21.223 DEBUG 21304 --- [           main] .PrePostAnnotationSecurityMetadataSource : @org.springframework.security.access.prepost.PreAuthorize("hasRole(\'PROVIDER\')") found on specific method: public com.HelloWay.HelloWay.entities.Board com.HelloWay.HelloWay.controllers.BoardController.addNewBoard(com.HelloWay.HelloWay.entities.Board)
2024-05-30 18:46:21.224 DEBUG 21304 --- [           main] m.DelegatingMethodSecurityMetadataSource : Caching method [CacheKey[com.HelloWay.HelloWay.controllers.BoardController; public com.HelloWay.HelloWay.entities.Board com.HelloWay.HelloWay.controllers.BoardController.addNewBoard(com.HelloWay.HelloWay.entities.Board)]] with attributes [[authorize: 'hasRole('PROVIDER')', filter: 'null', filterTarget: 'null']]
2024-05-30 18:46:21.226 DEBUG 21304 --- [           main] .PrePostAnnotationSecurityMetadataSource : @org.springframework.security.access.prepost.PreAuthorize("hasAnyRole(\'PROVIDER\')") found on specific method: public java.util.List com.HelloWay.HelloWay.controllers.BoardController.getBoardsByIdZone(java.lang.Long)
2024-05-30 18:46:21.227 DEBUG 21304 --- [           main] m.DelegatingMethodSecurityMetadataSource : Caching method [CacheKey[com.HelloWay.HelloWay.controllers.BoardController; public java.util.List com.HelloWay.HelloWay.controllers.BoardController.getBoardsByIdZone(java.lang.Long)]] with attributes [[authorize: 'hasAnyRole('PROVIDER')', filter: 'null', filterTarget: 'null']]
2024-05-30 18:46:21.229 DEBUG 21304 --- [           main] .PrePostAnnotationSecurityMetadataSource : @org.springframework.security.access.prepost.PreAuthorize("hasAnyRole(\'PROVIDER\')") found on specific method: public java.util.List com.HelloWay.HelloWay.controllers.BoardController.allBoards()
2024-05-30 18:46:21.235 DEBUG 21304 --- [           main] m.DelegatingMethodSecurityMetadataSource : Caching method [CacheKey[com.HelloWay.HelloWay.controllers.BoardController; public java.util.List com.HelloWay.HelloWay.controllers.BoardController.allBoards()]] with attributes [[authorize: 'hasAnyRole('PROVIDER')', filter: 'null', filterTarget: 'null']]
2024-05-30 18:46:21.263 DEBUG 21304 --- [           main] .PrePostAnnotationSecurityMetadataSource : @org.springframework.security.access.prepost.PreAuthorize("hasAnyRole(\'PROVIDER\')") found on specific method: public org.springframework.http.ResponseEntity com.HelloWay.HelloWay.controllers.CategorieController.addNewCategorieByIdSpace(com.HelloWay.HelloWay.entities.Categorie,java.lang.Long)
2024-05-30 18:46:21.265 DEBUG 21304 --- [           main] m.DelegatingMethodSecurityMetadataSource : Caching method [CacheKey[com.HelloWay.HelloWay.controllers.CategorieController; public org.springframework.http.ResponseEntity com.HelloWay.HelloWay.controllers.CategorieController.addNewCategorieByIdSpace(com.HelloWay.HelloWay.entities.Categorie,java.lang.Long)]] with attributes [[authorize: 'hasAnyRole('PROVIDER')', filter: 'null', filterTarget: 'null']]
2024-05-30 18:46:21.267 DEBUG 21304 --- [           main] .PrePostAnnotationSecurityMetadataSource : @org.springframework.security.access.prepost.PreAuthorize("hasAnyRole(\'PROVIDER\',\'USER\', \'GUEST\',\'WAITER\')") found on specific method: public java.util.List com.HelloWay.HelloWay.controllers.CategorieController.getCategoriesByIdSpace(java.lang.Long)
2024-05-30 18:46:21.268 DEBUG 21304 --- [           main] m.DelegatingMethodSecurityMetadataSource : Caching method [CacheKey[com.HelloWay.HelloWay.controllers.CategorieController; public java.util.List com.HelloWay.HelloWay.controllers.CategorieController.getCategoriesByIdSpace(java.lang.Long)]] with attributes [[authorize: 'hasAnyRole('PROVIDER','USER', 'GUEST','WAITER')', filter: 'null', filterTarget: 'null']]
2024-05-30 18:46:21.269 DEBUG 21304 --- [           main] .PrePostAnnotationSecurityMetadataSource : @org.springframework.security.access.prepost.PreAuthorize("hasAnyRole(\'PROVIDER\')") found on specific method: public com.HelloWay.HelloWay.entities.Categorie com.HelloWay.HelloWay.controllers.CategorieController.findCategorieById(long)
2024-05-30 18:46:21.269 DEBUG 21304 --- [           main] m.DelegatingMethodSecurityMetadataSource : Caching method [CacheKey[com.HelloWay.HelloWay.controllers.CategorieController; public com.HelloWay.HelloWay.entities.Categorie com.HelloWay.HelloWay.controllers.CategorieController.findCategorieById(long)]] with attributes [[authorize: 'hasAnyRole('PROVIDER')', filter: 'null', filterTarget: 'null']]
2024-05-30 18:46:21.271 DEBUG 21304 --- [           main] .PrePostAnnotationSecurityMetadataSource : @org.springframework.security.access.prepost.PreAuthorize("hasAnyRole(\'PROVIDER\')") found on specific method: public org.springframework.http.ResponseEntity com.HelloWay.HelloWay.controllers.CategorieController.updateCategorie(com.HelloWay.HelloWay.entities.Categorie,long)
2024-05-30 18:46:21.271 DEBUG 21304 --- [           main] m.DelegatingMethodSecurityMetadataSource : Caching method [CacheKey[com.HelloWay.HelloWay.controllers.CategorieController; public org.springframework.http.ResponseEntity com.HelloWay.HelloWay.controllers.CategorieController.updateCategorie(com.HelloWay.HelloWay.entities.Categorie,long)]] with attributes [[authorize: 'hasAnyRole('PROVIDER')', filter: 'null', filterTarget: 'null']]
2024-05-30 18:46:21.272 DEBUG 21304 --- [           main] .PrePostAnnotationSecurityMetadataSource : @org.springframework.security.access.prepost.PreAuthorize("hasAnyRole(\'PROVIDER\')") found on specific method: public com.HelloWay.HelloWay.entities.Categorie com.HelloWay.HelloWay.controllers.CategorieController.updateCategorie(com.HelloWay.HelloWay.entities.Categorie)
2024-05-30 18:46:21.272 DEBUG 21304 --- [           main] m.DelegatingMethodSecurityMetadataSource : Caching method [CacheKey[com.HelloWay.HelloWay.controllers.CategorieController; public com.HelloWay.HelloWay.entities.Categorie com.HelloWay.HelloWay.controllers.CategorieController.updateCategorie(com.HelloWay.HelloWay.entities.Categorie)]] with attributes [[authorize: 'hasAnyRole('PROVIDER')', filter: 'null', filterTarget: 'null']]
2024-05-30 18:46:21.275 DEBUG 21304 --- [           main] .PrePostAnnotationSecurityMetadataSource : @org.springframework.security.access.prepost.PreAuthorize("hasAnyRole(\'PROVIDER\')") found on specific method: public void com.HelloWay.HelloWay.controllers.CategorieController.deleteCategorie(long)
2024-05-30 18:46:21.276 DEBUG 21304 --- [           main] m.DelegatingMethodSecurityMetadataSource : Caching method [CacheKey[com.HelloWay.HelloWay.controllers.CategorieController; public void com.HelloWay.HelloWay.controllers.CategorieController.deleteCategorie(long)]] with attributes [[authorize: 'hasAnyRole('PROVIDER')', filter: 'null', filterTarget: 'null']]
2024-05-30 18:46:21.277 DEBUG 21304 --- [           main] .PrePostAnnotationSecurityMetadataSource : @org.springframework.security.access.prepost.PreAuthorize("hasAnyRole(\'PROVIDER\')") found on specific method: public org.springframework.data.domain.Page com.HelloWay.HelloWay.controllers.CategorieController.getCategories(int,int)
2024-05-30 18:46:21.278 DEBUG 21304 --- [           main] m.DelegatingMethodSecurityMetadataSource : Caching method [CacheKey[com.HelloWay.HelloWay.controllers.CategorieController; public org.springframework.data.domain.Page com.HelloWay.HelloWay.controllers.CategorieController.getCategories(int,int)]] with attributes [[authorize: 'hasAnyRole('PROVIDER')', filter: 'null', filterTarget: 'null']]
2024-05-30 18:46:21.279 DEBUG 21304 --- [           main] .PrePostAnnotationSecurityMetadataSource : @org.springframework.security.access.prepost.PreAuthorize("hasAnyRole(\'PROVIDER\')") found on specific method: public java.util.List com.HelloWay.HelloWay.controllers.CategorieController.allCategories()
2024-05-30 18:46:21.280 DEBUG 21304 --- [           main] m.DelegatingMethodSecurityMetadataSource : Caching method [CacheKey[com.HelloWay.HelloWay.controllers.CategorieController; public java.util.List com.HelloWay.HelloWay.controllers.CategorieController.allCategories()]] with attributes [[authorize: 'hasAnyRole('PROVIDER')', filter: 'null', filterTarget: 'null']]
2024-05-30 18:46:21.283 DEBUG 21304 --- [           main] .PrePostAnnotationSecurityMetadataSource : @org.springframework.security.access.prepost.PreAuthorize("hasAnyRole(\'PROVIDER\')") found on specific method: public java.util.Optional com.HelloWay.HelloWay.controllers.CategorieController.addNewCategorie(com.HelloWay.HelloWay.entities.Categorie) throws java.lang.Exception
2024-05-30 18:46:21.286 DEBUG 21304 --- [           main] m.DelegatingMethodSecurityMetadataSource : Caching method [CacheKey[com.HelloWay.HelloWay.controllers.CategorieController; public java.util.Optional com.HelloWay.HelloWay.controllers.CategorieController.addNewCategorie(com.HelloWay.HelloWay.entities.Categorie) throws java.lang.Exception]] with attributes [[authorize: 'hasAnyRole('PROVIDER')', filter: 'null', filterTarget: 'null']]
2024-05-30 18:46:21.345 DEBUG 21304 --- [           main] .PrePostAnnotationSecurityMetadataSource : @org.springframework.security.access.prepost.PreAuthorize("hasAnyRole(\'PROVIDER\')") found on specific method: public org.springframework.http.ResponseEntity com.HelloWay.HelloWay.controllers.CommandController.getServerSumCommandsPerDay(java.lang.Long,java.lang.String)
2024-05-30 18:46:21.345 DEBUG 21304 --- [           main] m.DelegatingMethodSecurityMetadataSource : Caching method [CacheKey[com.HelloWay.HelloWay.controllers.CommandController; public org.springframework.http.ResponseEntity com.HelloWay.HelloWay.controllers.CommandController.getServerSumCommandsPerDay(java.lang.Long,java.lang.String)]] with attributes [[authorize: 'hasAnyRole('PROVIDER')', filter: 'null', filterTarget: 'null']]
2024-05-30 18:46:21.348 DEBUG 21304 --- [           main] .PrePostAnnotationSecurityMetadataSource : @org.springframework.security.access.prepost.PreAuthorize("hasAnyRole(\'WAITER\', \'USER\', \'GUEST\')") found on specific method: public org.springframework.http.ResponseEntity com.HelloWay.HelloWay.controllers.CommandController.getCommandByBasketId(long)
2024-05-30 18:46:21.351 DEBUG 21304 --- [           main] m.DelegatingMethodSecurityMetadataSource : Caching method [CacheKey[com.HelloWay.HelloWay.controllers.CommandController; public org.springframework.http.ResponseEntity com.HelloWay.HelloWay.controllers.CommandController.getCommandByBasketId(long)]] with attributes [[authorize: 'hasAnyRole('WAITER', 'USER', 'GUEST')', filter: 'null', filterTarget: 'null']]
2024-05-30 18:46:21.351 DEBUG 21304 --- [           main] .PrePostAnnotationSecurityMetadataSource : @org.springframework.security.access.prepost.PreAuthorize("hasAnyRole(\'PROVIDER\', \'USER\')") found on specific method: public org.springframework.http.ResponseEntity com.HelloWay.HelloWay.controllers.CommandController.getCommandsByUserId(long)
2024-05-30 18:46:21.353 DEBUG 21304 --- [           main] m.DelegatingMethodSecurityMetadataSource : Caching method [CacheKey[com.HelloWay.HelloWay.controllers.CommandController; public org.springframework.http.ResponseEntity com.HelloWay.HelloWay.controllers.CommandController.getCommandsByUserId(long)]] with attributes [[authorize: 'hasAnyRole('PROVIDER', 'USER')', filter: 'null', filterTarget: 'null']]
2024-05-30 18:46:21.353 DEBUG 21304 --- [           main] .PrePostAnnotationSecurityMetadataSource : @org.springframework.security.access.prepost.PreAuthorize("hasAnyRole(\'PROVIDER\',\'USER\')") found on specific method: public org.springframework.http.ResponseEntity com.HelloWay.HelloWay.controllers.CommandController.getLatestCommandByUserId(long)
2024-05-30 18:46:21.354 DEBUG 21304 --- [           main] m.DelegatingMethodSecurityMetadataSource : Caching method [CacheKey[com.HelloWay.HelloWay.controllers.CommandController; public org.springframework.http.ResponseEntity com.HelloWay.HelloWay.controllers.CommandController.getLatestCommandByUserId(long)]] with attributes [[authorize: 'hasAnyRole('PROVIDER','USER')', filter: 'null', filterTarget: 'null']]
2024-05-30 18:46:21.354 DEBUG 21304 --- [           main] .PrePostAnnotationSecurityMetadataSource : @org.springframework.security.access.prepost.PreAuthorize("hasAnyRole(\'PROVIDER\')") found on specific method: public org.springframework.http.ResponseEntity com.HelloWay.HelloWay.controllers.CommandController.getServerCommandsCountPerDay(java.lang.Long,java.lang.String)
2024-05-30 18:46:21.355 DEBUG 21304 --- [           main] m.DelegatingMethodSecurityMetadataSource : Caching method [CacheKey[com.HelloWay.HelloWay.controllers.CommandController; public org.springframework.http.ResponseEntity com.HelloWay.HelloWay.controllers.CommandController.getServerCommandsCountPerDay(java.lang.Long,java.lang.String)]] with attributes [[authorize: 'hasAnyRole('PROVIDER')', filter: 'null', filterTarget: 'null']]
2024-05-30 18:46:21.356 DEBUG 21304 --- [           main] .PrePostAnnotationSecurityMetadataSource : @org.springframework.security.access.prepost.PreAuthorize("hasAnyRole(\'PROVIDER\')") found on specific method: public org.springframework.http.ResponseEntity com.HelloWay.HelloWay.controllers.CommandController.getServerSumCommandsPerMonth(java.lang.Long,java.lang.String)
2024-05-30 18:46:21.356 DEBUG 21304 --- [           main] m.DelegatingMethodSecurityMetadataSource : Caching method [CacheKey[com.HelloWay.HelloWay.controllers.CommandController; public org.springframework.http.ResponseEntity com.HelloWay.HelloWay.controllers.CommandController.getServerSumCommandsPerMonth(java.lang.Long,java.lang.String)]] with attributes [[authorize: 'hasAnyRole('PROVIDER')', filter: 'null', filterTarget: 'null']]
2024-05-30 18:46:21.357 DEBUG 21304 --- [           main] .PrePostAnnotationSecurityMetadataSource : @org.springframework.security.access.prepost.PreAuthorize("hasAnyRole(\'WAITER\', \'USER\', \'GUEST\')") found on specific method: public org.springframework.http.ResponseEntity com.HelloWay.HelloWay.controllers.CommandController.updateCommand(long,long)
2024-05-30 18:46:21.357 DEBUG 21304 --- [           main] m.DelegatingMethodSecurityMetadataSource : Caching method [CacheKey[com.HelloWay.HelloWay.controllers.CommandController; public org.springframework.http.ResponseEntity com.HelloWay.HelloWay.controllers.CommandController.updateCommand(long,long)]] with attributes [[authorize: 'hasAnyRole('WAITER', 'USER', 'GUEST')', filter: 'null', filterTarget: 'null']]
2024-05-30 18:46:21.358 DEBUG 21304 --- [           main] .PrePostAnnotationSecurityMetadataSource : @org.springframework.security.access.prepost.PreAuthorize("hasAnyRole(\'WAITER\')") found on specific method: public org.springframework.http.ResponseEntity com.HelloWay.HelloWay.controllers.CommandController.acceptCommand(java.lang.Long)
2024-05-30 18:46:21.358 DEBUG 21304 --- [           main] m.DelegatingMethodSecurityMetadataSource : Caching method [CacheKey[com.HelloWay.HelloWay.controllers.CommandController; public org.springframework.http.ResponseEntity com.HelloWay.HelloWay.controllers.CommandController.acceptCommand(java.lang.Long)]] with attributes [[authorize: 'hasAnyRole('WAITER')', filter: 'null', filterTarget: 'null']]
2024-05-30 18:46:21.359 DEBUG 21304 --- [           main] .PrePostAnnotationSecurityMetadataSource : @org.springframework.security.access.prepost.PreAuthorize("hasAnyRole(\'WAITER\')") found on specific method: public org.springframework.http.ResponseEntity com.HelloWay.HelloWay.controllers.CommandController.refuseCommand(java.lang.Long)
2024-05-30 18:46:21.359 DEBUG 21304 --- [           main] m.DelegatingMethodSecurityMetadataSource : Caching method [CacheKey[com.HelloWay.HelloWay.controllers.CommandController; public org.springframework.http.ResponseEntity com.HelloWay.HelloWay.controllers.CommandController.refuseCommand(java.lang.Long)]] with attributes [[authorize: 'hasAnyRole('WAITER')', filter: 'null', filterTarget: 'null']]
2024-05-30 18:46:21.360 DEBUG 21304 --- [           main] .PrePostAnnotationSecurityMetadataSource : @org.springframework.security.access.prepost.PreAuthorize("hasAnyRole(\'PROVIDER\',\'WAITER\')") found on specific method: public org.springframework.http.ResponseEntity com.HelloWay.HelloWay.controllers.CommandController.getServersCommand(long)
2024-05-30 18:46:21.361 DEBUG 21304 --- [           main] m.DelegatingMethodSecurityMetadataSource : Caching method [CacheKey[com.HelloWay.HelloWay.controllers.CommandController; public org.springframework.http.ResponseEntity com.HelloWay.HelloWay.controllers.CommandController.getServersCommand(long)]] with attributes [[authorize: 'hasAnyRole('PROVIDER','WAITER')', filter: 'null', filterTarget: 'null']]
2024-05-30 18:46:21.361 DEBUG 21304 --- [           main] .PrePostAnnotationSecurityMetadataSource : @org.springframework.security.access.prepost.PreAuthorize("hasAnyRole(\'WAITER\', \'GUEST\', \'USER\')") found on specific method: public org.springframework.http.ResponseEntity com.HelloWay.HelloWay.controllers.CommandController.getSumOfCommand(long)
2024-05-30 18:46:21.362 DEBUG 21304 --- [           main] m.DelegatingMethodSecurityMetadataSource : Caching method [CacheKey[com.HelloWay.HelloWay.controllers.CommandController; public org.springframework.http.ResponseEntity com.HelloWay.HelloWay.controllers.CommandController.getSumOfCommand(long)]] with attributes [[authorize: 'hasAnyRole('WAITER', 'GUEST', 'USER')', filter: 'null', filterTarget: 'null']]
2024-05-30 18:46:21.362 DEBUG 21304 --- [           main] .PrePostAnnotationSecurityMetadataSource : @org.springframework.security.access.prepost.PreAuthorize("hasAnyRole(\'WAITER\')") found on specific method: public org.springframework.http.ResponseEntity com.HelloWay.HelloWay.controllers.CommandController.payCommand(java.lang.Long)
2024-05-30 18:46:21.363 DEBUG 21304 --- [           main] m.DelegatingMethodSecurityMetadataSource : Caching method [CacheKey[com.HelloWay.HelloWay.controllers.CommandController; public org.springframework.http.ResponseEntity com.HelloWay.HelloWay.controllers.CommandController.payCommand(java.lang.Long)]] with attributes [[authorize: 'hasAnyRole('WAITER')', filter: 'null', filterTarget: 'null']]
2024-05-30 18:46:21.363 DEBUG 21304 --- [           main] .PrePostAnnotationSecurityMetadataSource : @org.springframework.security.access.prepost.PreAuthorize("hasAnyRole(\'PROVIDER\',\'USER\')") found on specific method: public org.springframework.http.ResponseEntity com.HelloWay.HelloWay.controllers.CommandController.getCommandServer(long)
2024-05-30 18:46:21.364 DEBUG 21304 --- [           main] m.DelegatingMethodSecurityMetadataSource : Caching method [CacheKey[com.HelloWay.HelloWay.controllers.CommandController; public org.springframework.http.ResponseEntity com.HelloWay.HelloWay.controllers.CommandController.getCommandServer(long)]] with attributes [[authorize: 'hasAnyRole('PROVIDER','USER')', filter: 'null', filterTarget: 'null']]
2024-05-30 18:46:21.396 DEBUG 21304 --- [           main] .PrePostAnnotationSecurityMetadataSource : @org.springframework.security.access.prepost.PreAuthorize("hasAnyRole(\'ADMIN\')") found on specific method: public void com.HelloWay.HelloWay.controllers.EmailController.sendEmail(java.lang.String,java.lang.String,java.lang.String)
2024-05-30 18:46:21.397 DEBUG 21304 --- [           main] m.DelegatingMethodSecurityMetadataSource : Caching method [CacheKey[com.HelloWay.HelloWay.controllers.EmailController; public void com.HelloWay.HelloWay.controllers.EmailController.sendEmail(java.lang.String,java.lang.String,java.lang.String)]] with attributes [[authorize: 'hasAnyRole('ADMIN')', filter: 'null', filterTarget: 'null']]
2024-05-30 18:46:22.064 DEBUG 21304 --- [           main] .PrePostAnnotationSecurityMetadataSource : @org.springframework.security.access.prepost.PreAuthorize("hasAnyRole(\'PROVIDER\')") found on specific method: public com.HelloWay.HelloWay.entities.Promotion com.HelloWay.HelloWay.controllers.EventController.createPromotion(com.HelloWay.HelloWay.entities.Promotion)
2024-05-30 18:46:22.065 DEBUG 21304 --- [           main] m.DelegatingMethodSecurityMetadataSource : Caching method [CacheKey[com.HelloWay.HelloWay.controllers.EventController; public com.HelloWay.HelloWay.entities.Promotion com.HelloWay.HelloWay.controllers.EventController.createPromotion(com.HelloWay.HelloWay.entities.Promotion)]] with attributes [[authorize: 'hasAnyRole('PROVIDER')', filter: 'null', filterTarget: 'null']]
2024-05-30 18:46:22.068 DEBUG 21304 --- [           main] .PrePostAnnotationSecurityMetadataSource : @org.springframework.security.access.prepost.PreAuthorize("hasAnyRole(\'PROVIDER\')") found on specific method: public org.springframework.http.ResponseEntity com.HelloWay.HelloWay.controllers.EventController.createParty(java.lang.Long,com.HelloWay.HelloWay.entities.Party)
2024-05-30 18:46:22.068 DEBUG 21304 --- [           main] m.DelegatingMethodSecurityMetadataSource : Caching method [CacheKey[com.HelloWay.HelloWay.controllers.EventController; public org.springframework.http.ResponseEntity com.HelloWay.HelloWay.controllers.EventController.createParty(java.lang.Long,com.HelloWay.HelloWay.entities.Party)]] with attributes [[authorize: 'hasAnyRole('PROVIDER')', filter: 'null', filterTarget: 'null']]
2024-05-30 18:46:22.069 DEBUG 21304 --- [           main] .PrePostAnnotationSecurityMetadataSource : @org.springframework.security.access.prepost.PreAuthorize("hasAnyRole(\'PROVIDER\')") found on specific method: public com.HelloWay.HelloWay.entities.Party com.HelloWay.HelloWay.controllers.EventController.createParty(com.HelloWay.HelloWay.entities.Party)
2024-05-30 18:46:22.069 DEBUG 21304 --- [           main] m.DelegatingMethodSecurityMetadataSource : Caching method [CacheKey[com.HelloWay.HelloWay.controllers.EventController; public com.HelloWay.HelloWay.entities.Party com.HelloWay.HelloWay.controllers.EventController.createParty(com.HelloWay.HelloWay.entities.Party)]] with attributes [[authorize: 'hasAnyRole('PROVIDER')', filter: 'null', filterTarget: 'null']]
2024-05-30 18:46:22.070 DEBUG 21304 --- [           main] .PrePostAnnotationSecurityMetadataSource : @org.springframework.security.access.prepost.PreAuthorize("hasAnyRole(\'PROVIDER\', \'ADMIN\')") found on specific method: public com.HelloWay.HelloWay.entities.Event com.HelloWay.HelloWay.controllers.EventController.createEvent(com.HelloWay.HelloWay.entities.Event)
2024-05-30 18:46:22.071 DEBUG 21304 --- [           main] m.DelegatingMethodSecurityMetadataSource : Caching method [CacheKey[com.HelloWay.HelloWay.controllers.EventController; public com.HelloWay.HelloWay.entities.Event com.HelloWay.HelloWay.controllers.EventController.createEvent(com.HelloWay.HelloWay.entities.Event)]] with attributes [[authorize: 'hasAnyRole('PROVIDER', 'ADMIN')', filter: 'null', filterTarget: 'null']]
2024-05-30 18:46:22.071 DEBUG 21304 --- [           main] .PrePostAnnotationSecurityMetadataSource : @org.springframework.security.access.prepost.PreAuthorize("hasAnyRole(\'PROVIDER\')") found on specific method: public java.util.List com.HelloWay.HelloWay.controllers.EventController.getEventsBySpaceId(java.lang.Long)
2024-05-30 18:46:22.072 DEBUG 21304 --- [           main] m.DelegatingMethodSecurityMetadataSource : Caching method [CacheKey[com.HelloWay.HelloWay.controllers.EventController; public java.util.List com.HelloWay.HelloWay.controllers.EventController.getEventsBySpaceId(java.lang.Long)]] with attributes [[authorize: 'hasAnyRole('PROVIDER')', filter: 'null', filterTarget: 'null']]
2024-05-30 18:46:22.072 DEBUG 21304 --- [           main] .PrePostAnnotationSecurityMetadataSource : @org.springframework.security.access.prepost.PreAuthorize("hasAnyRole(\'PROVIDER\')") found on specific method: public com.HelloWay.HelloWay.entities.Event com.HelloWay.HelloWay.controllers.EventController.updateEvent(java.lang.Long,com.HelloWay.HelloWay.entities.Event)
2024-05-30 18:46:22.073 DEBUG 21304 --- [           main] m.DelegatingMethodSecurityMetadataSource : Caching method [CacheKey[com.HelloWay.HelloWay.controllers.EventController; public com.HelloWay.HelloWay.entities.Event com.HelloWay.HelloWay.controllers.EventController.updateEvent(java.lang.Long,com.HelloWay.HelloWay.entities.Event)]] with attributes [[authorize: 'hasAnyRole('PROVIDER')', filter: 'null', filterTarget: 'null']]
2024-05-30 18:46:22.086 DEBUG 21304 --- [           main] .PrePostAnnotationSecurityMetadataSource : @org.springframework.security.access.prepost.PreAuthorize("hasAnyRole(\'PROVIDER\')") found on specific method: public java.util.List com.HelloWay.HelloWay.controllers.EventController.getAllPromotions()
2024-05-30 18:46:22.105 DEBUG 21304 --- [           main] m.DelegatingMethodSecurityMetadataSource : Caching method [CacheKey[com.HelloWay.HelloWay.controllers.EventController; public java.util.List com.HelloWay.HelloWay.controllers.EventController.getAllPromotions()]] with attributes [[authorize: 'hasAnyRole('PROVIDER')', filter: 'null', filterTarget: 'null']]
2024-05-30 18:46:22.110 DEBUG 21304 --- [           main] .PrePostAnnotationSecurityMetadataSource : @org.springframework.security.access.prepost.PreAuthorize("hasAnyRole(\'PROVIDER\')") found on specific method: public java.util.List com.HelloWay.HelloWay.controllers.EventController.getAllParties()
2024-05-30 18:46:22.113 DEBUG 21304 --- [           main] m.DelegatingMethodSecurityMetadataSource : Caching method [CacheKey[com.HelloWay.HelloWay.controllers.EventController; public java.util.List com.HelloWay.HelloWay.controllers.EventController.getAllParties()]] with attributes [[authorize: 'hasAnyRole('PROVIDER')', filter: 'null', filterTarget: 'null']]
2024-05-30 18:46:22.114 DEBUG 21304 --- [           main] .PrePostAnnotationSecurityMetadataSource : @org.springframework.security.access.prepost.PreAuthorize("hasAnyRole(\'PROVIDER\', \'ADMIN\')") found on specific method: public org.springframework.http.ResponseEntity com.HelloWay.HelloWay.controllers.EventController.getEventById(java.lang.Long)
2024-05-30 18:46:22.117 DEBUG 21304 --- [           main] m.DelegatingMethodSecurityMetadataSource : Caching method [CacheKey[com.HelloWay.HelloWay.controllers.EventController; public org.springframework.http.ResponseEntity com.HelloWay.HelloWay.controllers.EventController.getEventById(java.lang.Long)]] with attributes [[authorize: 'hasAnyRole('PROVIDER', 'ADMIN')', filter: 'null', filterTarget: 'null']]
2024-05-30 18:46:22.122 DEBUG 21304 --- [           main] .PrePostAnnotationSecurityMetadataSource : @org.springframework.security.access.prepost.PreAuthorize("hasAnyRole(\'PROVIDER\', \'USER\', \'GUEST\')") found on specific method: public java.util.List com.HelloWay.HelloWay.controllers.EventController.getUpcomingEvents(int)
2024-05-30 18:46:22.126 DEBUG 21304 --- [           main] m.DelegatingMethodSecurityMetadataSource : Caching method [CacheKey[com.HelloWay.HelloWay.controllers.EventController; public java.util.List com.HelloWay.HelloWay.controllers.EventController.getUpcomingEvents(int)]] with attributes [[authorize: 'hasAnyRole('PROVIDER', 'USER', 'GUEST')', filter: 'null', filterTarget: 'null']]
2024-05-30 18:46:22.129 DEBUG 21304 --- [           main] .PrePostAnnotationSecurityMetadataSource : @org.springframework.security.access.prepost.PreAuthorize("hasAnyRole(\'ADMIN\')") found on specific method: public java.util.List com.HelloWay.HelloWay.controllers.EventController.getAllEvents()
2024-05-30 18:46:22.130 DEBUG 21304 --- [           main] m.DelegatingMethodSecurityMetadataSource : Caching method [CacheKey[com.HelloWay.HelloWay.controllers.EventController; public java.util.List com.HelloWay.HelloWay.controllers.EventController.getAllEvents()]] with attributes [[authorize: 'hasAnyRole('ADMIN')', filter: 'null', filterTarget: 'null']]
2024-05-30 18:46:22.136 DEBUG 21304 --- [           main] .PrePostAnnotationSecurityMetadataSource : @org.springframework.security.access.prepost.PreAuthorize("hasAnyRole(\'PROVIDER\')") found on specific method: public org.springframework.http.ResponseEntity com.HelloWay.HelloWay.controllers.EventController.addImage(java.lang.Long,org.springframework.web.multipart.MultipartFile)
2024-05-30 18:46:22.138 DEBUG 21304 --- [           main] m.DelegatingMethodSecurityMetadataSource : Caching method [CacheKey[com.HelloWay.HelloWay.controllers.EventController; public org.springframework.http.ResponseEntity com.HelloWay.HelloWay.controllers.EventController.addImage(java.lang.Long,org.springframework.web.multipart.MultipartFile)]] with attributes [[authorize: 'hasAnyRole('PROVIDER')', filter: 'null', filterTarget: 'null']]
2024-05-30 18:46:22.144 DEBUG 21304 --- [           main] .PrePostAnnotationSecurityMetadataSource : @org.springframework.security.access.prepost.PreAuthorize("hasAnyRole(\'ADMIN\',\'PROVIDER\')") found on specific method: public org.springframework.http.ResponseEntity com.HelloWay.HelloWay.controllers.EventController.deleteImage(java.lang.String,java.lang.Long)
2024-05-30 18:46:22.147 DEBUG 21304 --- [           main] m.DelegatingMethodSecurityMetadataSource : Caching method [CacheKey[com.HelloWay.HelloWay.controllers.EventController; public org.springframework.http.ResponseEntity com.HelloWay.HelloWay.controllers.EventController.deleteImage(java.lang.String,java.lang.Long)]] with attributes [[authorize: 'hasAnyRole('ADMIN','PROVIDER')', filter: 'null', filterTarget: 'null']]
2024-05-30 18:46:22.149 DEBUG 21304 --- [           main] .PrePostAnnotationSecurityMetadataSource : @org.springframework.security.access.prepost.PreAuthorize("hasAnyRole(\'PROVIDER\')") found on specific method: public org.springframework.http.ResponseEntity com.HelloWay.HelloWay.controllers.EventController.createEventForSpace(com.HelloWay.HelloWay.entities.Event,long)
2024-05-30 18:46:22.150 DEBUG 21304 --- [           main] m.DelegatingMethodSecurityMetadataSource : Caching method [CacheKey[com.HelloWay.HelloWay.controllers.EventController; public org.springframework.http.ResponseEntity com.HelloWay.HelloWay.controllers.EventController.createEventForSpace(com.HelloWay.HelloWay.entities.Event,long)]] with attributes [[authorize: 'hasAnyRole('PROVIDER')', filter: 'null', filterTarget: 'null']]
2024-05-30 18:46:22.154 DEBUG 21304 --- [           main] .PrePostAnnotationSecurityMetadataSource : @org.springframework.security.access.prepost.PreAuthorize("hasAnyRole(\'PROVIDER\', \'USER\', \'GUEST\')") found on specific method: public org.springframework.http.ResponseEntity com.HelloWay.HelloWay.controllers.EventController.getPromotionsByProductId(java.lang.Long)
2024-05-30 18:46:22.181 DEBUG 21304 --- [           main] m.DelegatingMethodSecurityMetadataSource : Caching method [CacheKey[com.HelloWay.HelloWay.controllers.EventController; public org.springframework.http.ResponseEntity com.HelloWay.HelloWay.controllers.EventController.getPromotionsByProductId(java.lang.Long)]] with attributes [[authorize: 'hasAnyRole('PROVIDER', 'USER', 'GUEST')', filter: 'null', filterTarget: 'null']]
2024-05-30 18:46:22.187 DEBUG 21304 --- [           main] .PrePostAnnotationSecurityMetadataSource : @org.springframework.security.access.prepost.PreAuthorize("hasAnyRole(\'PROVIDER\')") found on specific method: public org.springframework.http.ResponseEntity com.HelloWay.HelloWay.controllers.EventController.createPromotionForSpaceAndProduct(com.HelloWay.HelloWay.entities.Promotion,long,long)
2024-05-30 18:46:22.193 DEBUG 21304 --- [           main] m.DelegatingMethodSecurityMetadataSource : Caching method [CacheKey[com.HelloWay.HelloWay.controllers.EventController; public org.springframework.http.ResponseEntity com.HelloWay.HelloWay.controllers.EventController.createPromotionForSpaceAndProduct(com.HelloWay.HelloWay.entities.Promotion,long,long)]] with attributes [[authorize: 'hasAnyRole('PROVIDER')', filter: 'null', filterTarget: 'null']]
2024-05-30 18:46:22.197 DEBUG 21304 --- [           main] .PrePostAnnotationSecurityMetadataSource : @org.springframework.security.access.prepost.PreAuthorize("hasAnyRole(\'PROVIDER\', \'USER\', \'GUEST\')") found on specific method: public java.util.List com.HelloWay.HelloWay.controllers.EventController.getEventsByDateRange(java.time.LocalDate,java.time.LocalDate)
2024-05-30 18:46:22.198 DEBUG 21304 --- [           main] m.DelegatingMethodSecurityMetadataSource : Caching method [CacheKey[com.HelloWay.HelloWay.controllers.EventController; public java.util.List com.HelloWay.HelloWay.controllers.EventController.getEventsByDateRange(java.time.LocalDate,java.time.LocalDate)]] with attributes [[authorize: 'hasAnyRole('PROVIDER', 'USER', 'GUEST')', filter: 'null', filterTarget: 'null']]
2024-05-30 18:46:22.222 DEBUG 21304 --- [           main] .PrePostAnnotationSecurityMetadataSource : @org.springframework.security.access.prepost.PreAuthorize("hasAnyRole(\'PROVIDER\', \'USER\', \'GUEST\')") found on specific method: public org.springframework.http.ResponseEntity com.HelloWay.HelloWay.controllers.NotificationController.createNotification(java.lang.String,java.lang.String,com.HelloWay.HelloWay.entities.User)
2024-05-30 18:46:22.223 DEBUG 21304 --- [           main] m.DelegatingMethodSecurityMetadataSource : Caching method [CacheKey[com.HelloWay.HelloWay.controllers.NotificationController; public org.springframework.http.ResponseEntity com.HelloWay.HelloWay.controllers.NotificationController.createNotification(java.lang.String,java.lang.String,com.HelloWay.HelloWay.entities.User)]] with attributes [[authorize: 'hasAnyRole('PROVIDER', 'USER', 'GUEST')', filter: 'null', filterTarget: 'null']]
2024-05-30 18:46:22.224 DEBUG 21304 --- [           main] .PrePostAnnotationSecurityMetadataSource : @org.springframework.security.access.prepost.PreAuthorize("hasAnyRole(\'PROVIDER\',\'WAITER\',\'notification\')") found on specific method: public org.springframework.http.ResponseEntity com.HelloWay.HelloWay.controllers.NotificationController.updateNotification(java.lang.Long,java.lang.String,java.lang.String,boolean)
2024-05-30 18:46:22.225 DEBUG 21304 --- [           main] m.DelegatingMethodSecurityMetadataSource : Caching method [CacheKey[com.HelloWay.HelloWay.controllers.NotificationController; public org.springframework.http.ResponseEntity com.HelloWay.HelloWay.controllers.NotificationController.updateNotification(java.lang.Long,java.lang.String,java.lang.String,boolean)]] with attributes [[authorize: 'hasAnyRole('PROVIDER','WAITER','notification')', filter: 'null', filterTarget: 'null']]
2024-05-30 18:46:22.225 DEBUG 21304 --- [           main] .PrePostAnnotationSecurityMetadataSource : @org.springframework.security.access.prepost.PreAuthorize("hasAnyRole(\'PROVIDER\', \'USER\', \'GUEST\')") found on specific method: public void com.HelloWay.HelloWay.controllers.NotificationController.deleteNotification(java.lang.Long)
2024-05-30 18:46:22.226 DEBUG 21304 --- [           main] m.DelegatingMethodSecurityMetadataSource : Caching method [CacheKey[com.HelloWay.HelloWay.controllers.NotificationController; public void com.HelloWay.HelloWay.controllers.NotificationController.deleteNotification(java.lang.Long)]] with attributes [[authorize: 'hasAnyRole('PROVIDER', 'USER', 'GUEST')', filter: 'null', filterTarget: 'null']]
2024-05-30 18:46:22.227 DEBUG 21304 --- [           main] .PrePostAnnotationSecurityMetadataSource : @org.springframework.security.access.prepost.PreAuthorize("hasAnyRole(\'PROVIDER\', \'USER\', \'GUEST\')") found on specific method: public java.util.List com.HelloWay.HelloWay.controllers.NotificationController.getAllNotifications()
2024-05-30 18:46:22.229 DEBUG 21304 --- [           main] m.DelegatingMethodSecurityMetadataSource : Caching method [CacheKey[com.HelloWay.HelloWay.controllers.NotificationController; public java.util.List com.HelloWay.HelloWay.controllers.NotificationController.getAllNotifications()]] with attributes [[authorize: 'hasAnyRole('PROVIDER', 'USER', 'GUEST')', filter: 'null', filterTarget: 'null']]
2024-05-30 18:46:22.230 DEBUG 21304 --- [           main] .PrePostAnnotationSecurityMetadataSource : @org.springframework.security.access.prepost.PreAuthorize("hasAnyRole(\'PROVIDER\', \'USER\', \'GUEST\',\'WAITER\')") found on specific method: public java.util.List com.HelloWay.HelloWay.controllers.NotificationController.getNotificationsForProvider(java.lang.Long)
2024-05-30 18:46:22.231 DEBUG 21304 --- [           main] m.DelegatingMethodSecurityMetadataSource : Caching method [CacheKey[com.HelloWay.HelloWay.controllers.NotificationController; public java.util.List com.HelloWay.HelloWay.controllers.NotificationController.getNotificationsForProvider(java.lang.Long)]] with attributes [[authorize: 'hasAnyRole('PROVIDER', 'USER', 'GUEST','WAITER')', filter: 'null', filterTarget: 'null']]
2024-05-30 18:46:22.281 DEBUG 21304 --- [           main] .PrePostAnnotationSecurityMetadataSource : @org.springframework.security.access.prepost.PreAuthorize("hasAnyRole(\'PROVIDER\')") found on specific method: public org.springframework.http.ResponseEntity com.HelloWay.HelloWay.controllers.PdfController.generatePdf(long) throws com.itextpdf.text.DocumentException
2024-05-30 18:46:22.282 DEBUG 21304 --- [           main] m.DelegatingMethodSecurityMetadataSource : Caching method [CacheKey[com.HelloWay.HelloWay.controllers.PdfController; public org.springframework.http.ResponseEntity com.HelloWay.HelloWay.controllers.PdfController.generatePdf(long) throws com.itextpdf.text.DocumentException]] with attributes [[authorize: 'hasAnyRole('PROVIDER')', filter: 'null', filterTarget: 'null']]
2024-05-30 18:46:22.409 DEBUG 21304 --- [           main] .PrePostAnnotationSecurityMetadataSource : @org.springframework.security.access.prepost.PreAuthorize("hasAnyRole(\'PROVIDER\')") found on specific method: public org.springframework.http.ResponseEntity com.HelloWay.HelloWay.controllers.PrimaryMaterialController.getPrimaryMaterialById(java.lang.Long)
2024-05-30 18:46:22.409 DEBUG 21304 --- [           main] m.DelegatingMethodSecurityMetadataSource : Caching method [CacheKey[com.HelloWay.HelloWay.controllers.PrimaryMaterialController; public org.springframework.http.ResponseEntity com.HelloWay.HelloWay.controllers.PrimaryMaterialController.getPrimaryMaterialById(java.lang.Long)]] with attributes [[authorize: 'hasAnyRole('PROVIDER')', filter: 'null', filterTarget: 'null']]
2024-05-30 18:46:22.412 DEBUG 21304 --- [           main] .PrePostAnnotationSecurityMetadataSource : @org.springframework.security.access.prepost.PreAuthorize("hasAnyRole(\'PROVIDER\')") found on specific method: public org.springframework.http.ResponseEntity com.HelloWay.HelloWay.controllers.PrimaryMaterialController.getAllPrimaryMaterials()
2024-05-30 18:46:22.421 DEBUG 21304 --- [           main] m.DelegatingMethodSecurityMetadataSource : Caching method [CacheKey[com.HelloWay.HelloWay.controllers.PrimaryMaterialController; public org.springframework.http.ResponseEntity com.HelloWay.HelloWay.controllers.PrimaryMaterialController.getAllPrimaryMaterials()]] with attributes [[authorize: 'hasAnyRole('PROVIDER')', filter: 'null', filterTarget: 'null']]
2024-05-30 18:46:22.422 DEBUG 21304 --- [           main] .PrePostAnnotationSecurityMetadataSource : @org.springframework.security.access.prepost.PreAuthorize("hasAnyRole(\'PROVIDER\')") found on specific method: public org.springframework.http.ResponseEntity com.HelloWay.HelloWay.controllers.PrimaryMaterialController.deletePrimaryMaterial(java.lang.Long)
2024-05-30 18:46:22.423 DEBUG 21304 --- [           main] m.DelegatingMethodSecurityMetadataSource : Caching method [CacheKey[com.HelloWay.HelloWay.controllers.PrimaryMaterialController; public org.springframework.http.ResponseEntity com.HelloWay.HelloWay.controllers.PrimaryMaterialController.deletePrimaryMaterial(java.lang.Long)]] with attributes [[authorize: 'hasAnyRole('PROVIDER')', filter: 'null', filterTarget: 'null']]
2024-05-30 18:46:22.424 DEBUG 21304 --- [           main] .PrePostAnnotationSecurityMetadataSource : @org.springframework.security.access.prepost.PreAuthorize("hasAnyRole(\'PROVIDER\')") found on specific method: public org.springframework.http.ResponseEntity com.HelloWay.HelloWay.controllers.PrimaryMaterialController.createPrimaryMaterial(com.HelloWay.HelloWay.entities.PrimaryMaterial)
2024-05-30 18:46:22.426 DEBUG 21304 --- [           main] m.DelegatingMethodSecurityMetadataSource : Caching method [CacheKey[com.HelloWay.HelloWay.controllers.PrimaryMaterialController; public org.springframework.http.ResponseEntity com.HelloWay.HelloWay.controllers.PrimaryMaterialController.createPrimaryMaterial(com.HelloWay.HelloWay.entities.PrimaryMaterial)]] with attributes [[authorize: 'hasAnyRole('PROVIDER')', filter: 'null', filterTarget: 'null']]
2024-05-30 18:46:22.426 DEBUG 21304 --- [           main] .PrePostAnnotationSecurityMetadataSource : @org.springframework.security.access.prepost.PreAuthorize("hasAnyRole(\'PROVIDER\')") found on specific method: public org.springframework.http.ResponseEntity com.HelloWay.HelloWay.controllers.PrimaryMaterialController.updatePrimaryMaterialInSpace(java.lang.Long,java.lang.Long,com.HelloWay.HelloWay.entities.PrimaryMaterial)
2024-05-30 18:46:22.427 DEBUG 21304 --- [           main] m.DelegatingMethodSecurityMetadataSource : Caching method [CacheKey[com.HelloWay.HelloWay.controllers.PrimaryMaterialController; public org.springframework.http.ResponseEntity com.HelloWay.HelloWay.controllers.PrimaryMaterialController.updatePrimaryMaterialInSpace(java.lang.Long,java.lang.Long,com.HelloWay.HelloWay.entities.PrimaryMaterial)]] with attributes [[authorize: 'hasAnyRole('PROVIDER')', filter: 'null', filterTarget: 'null']]
2024-05-30 18:46:22.430 DEBUG 21304 --- [           main] .PrePostAnnotationSecurityMetadataSource : @org.springframework.security.access.prepost.PreAuthorize("hasAnyRole(\'PROVIDER\')") found on specific method: public org.springframework.http.ResponseEntity com.HelloWay.HelloWay.controllers.PrimaryMaterialController.removePrimaryMaterialFromSpace(java.lang.Long,java.lang.Long)
2024-05-30 18:46:22.433 DEBUG 21304 --- [           main] m.DelegatingMethodSecurityMetadataSource : Caching method [CacheKey[com.HelloWay.HelloWay.controllers.PrimaryMaterialController; public org.springframework.http.ResponseEntity com.HelloWay.HelloWay.controllers.PrimaryMaterialController.removePrimaryMaterialFromSpace(java.lang.Long,java.lang.Long)]] with attributes [[authorize: 'hasAnyRole('PROVIDER')', filter: 'null', filterTarget: 'null']]
2024-05-30 18:46:22.434 DEBUG 21304 --- [           main] .PrePostAnnotationSecurityMetadataSource : @org.springframework.security.access.prepost.PreAuthorize("hasAnyRole(\'PROVIDER\')") found on specific method: public org.springframework.http.ResponseEntity com.HelloWay.HelloWay.controllers.PrimaryMaterialController.getPrimaryMaterialsBySpaceId(java.lang.Long)
2024-05-30 18:46:22.435 DEBUG 21304 --- [           main] m.DelegatingMethodSecurityMetadataSource : Caching method [CacheKey[com.HelloWay.HelloWay.controllers.PrimaryMaterialController; public org.springframework.http.ResponseEntity com.HelloWay.HelloWay.controllers.PrimaryMaterialController.getPrimaryMaterialsBySpaceId(java.lang.Long)]] with attributes [[authorize: 'hasAnyRole('PROVIDER')', filter: 'null', filterTarget: 'null']]
2024-05-30 18:46:22.436 DEBUG 21304 --- [           main] .PrePostAnnotationSecurityMetadataSource : @org.springframework.security.access.prepost.PreAuthorize("hasAnyRole(\'PROVIDER\')") found on specific method: public org.springframework.http.ResponseEntity com.HelloWay.HelloWay.controllers.PrimaryMaterialController.addPrimaryMaterialToSpace(java.lang.Long,com.HelloWay.HelloWay.entities.PrimaryMaterial)
2024-05-30 18:46:22.436 DEBUG 21304 --- [           main] m.DelegatingMethodSecurityMetadataSource : Caching method [CacheKey[com.HelloWay.HelloWay.controllers.PrimaryMaterialController; public org.springframework.http.ResponseEntity com.HelloWay.HelloWay.controllers.PrimaryMaterialController.addPrimaryMaterialToSpace(java.lang.Long,com.HelloWay.HelloWay.entities.PrimaryMaterial)]] with attributes [[authorize: 'hasAnyRole('PROVIDER')', filter: 'null', filterTarget: 'null']]
2024-05-30 18:46:22.437 DEBUG 21304 --- [           main] .PrePostAnnotationSecurityMetadataSource : @org.springframework.security.access.prepost.PreAuthorize("hasAnyRole(\'PROVIDER\')") found on specific method: public org.springframework.http.ResponseEntity com.HelloWay.HelloWay.controllers.PrimaryMaterialController.updatePrimaryMaterial(java.lang.Long,com.HelloWay.HelloWay.entities.PrimaryMaterial)
2024-05-30 18:46:22.437 DEBUG 21304 --- [           main] m.DelegatingMethodSecurityMetadataSource : Caching method [CacheKey[com.HelloWay.HelloWay.controllers.PrimaryMaterialController; public org.springframework.http.ResponseEntity com.HelloWay.HelloWay.controllers.PrimaryMaterialController.updatePrimaryMaterial(java.lang.Long,com.HelloWay.HelloWay.entities.PrimaryMaterial)]] with attributes [[authorize: 'hasAnyRole('PROVIDER')', filter: 'null', filterTarget: 'null']]
2024-05-30 18:46:22.438 DEBUG 21304 --- [           main] .PrePostAnnotationSecurityMetadataSource : @org.springframework.security.access.prepost.PreAuthorize("hasAnyRole(\'PROVIDER\')") found on specific method: public org.springframework.http.ResponseEntity com.HelloWay.HelloWay.controllers.PrimaryMaterialController.updatePrimaryMaterialQuantity(java.lang.Long,double)
2024-05-30 18:46:22.439 DEBUG 21304 --- [           main] m.DelegatingMethodSecurityMetadataSource : Caching method [CacheKey[com.HelloWay.HelloWay.controllers.PrimaryMaterialController; public org.springframework.http.ResponseEntity com.HelloWay.HelloWay.controllers.PrimaryMaterialController.updatePrimaryMaterialQuantity(java.lang.Long,double)]] with attributes [[authorize: 'hasAnyRole('PROVIDER')', filter: 'null', filterTarget: 'null']]
2024-05-30 18:46:22.440 DEBUG 21304 --- [           main] .PrePostAnnotationSecurityMetadataSource : @org.springframework.security.access.prepost.PreAuthorize("hasAnyRole(\'PROVIDER\')") found on specific method: public org.springframework.http.ResponseEntity com.HelloWay.HelloWay.controllers.PrimaryMaterialController.getExpiredPrimaryMaterialsBySpaceId(java.lang.Long)
2024-05-30 18:46:22.441 DEBUG 21304 --- [           main] m.DelegatingMethodSecurityMetadataSource : Caching method [CacheKey[com.HelloWay.HelloWay.controllers.PrimaryMaterialController; public org.springframework.http.ResponseEntity com.HelloWay.HelloWay.controllers.PrimaryMaterialController.getExpiredPrimaryMaterialsBySpaceId(java.lang.Long)]] with attributes [[authorize: 'hasAnyRole('PROVIDER')', filter: 'null', filterTarget: 'null']]
2024-05-30 18:46:22.442 DEBUG 21304 --- [           main] .PrePostAnnotationSecurityMetadataSource : @org.springframework.security.access.prepost.PreAuthorize("hasAnyRole(\'PROVIDER\')") found on specific method: public org.springframework.http.ResponseEntity com.HelloWay.HelloWay.controllers.PrimaryMaterialController.getExpiredPrimaryMaterialsBySpaceIdLatestVersion(java.lang.Long)
2024-05-30 18:46:22.442 DEBUG 21304 --- [           main] m.DelegatingMethodSecurityMetadataSource : Caching method [CacheKey[com.HelloWay.HelloWay.controllers.PrimaryMaterialController; public org.springframework.http.ResponseEntity com.HelloWay.HelloWay.controllers.PrimaryMaterialController.getExpiredPrimaryMaterialsBySpaceIdLatestVersion(java.lang.Long)]] with attributes [[authorize: 'hasAnyRole('PROVIDER')', filter: 'null', filterTarget: 'null']]
2024-05-30 18:46:22.443 DEBUG 21304 --- [           main] .PrePostAnnotationSecurityMetadataSource : @org.springframework.security.access.prepost.PreAuthorize("hasAnyRole(\'PROVIDER\')") found on specific method: public org.springframework.http.ResponseEntity com.HelloWay.HelloWay.controllers.PrimaryMaterialController.getPrimaryMaterialsBySpaceIdAndName(java.lang.Long,java.lang.String)
2024-05-30 18:46:22.443 DEBUG 21304 --- [           main] m.DelegatingMethodSecurityMetadataSource : Caching method [CacheKey[com.HelloWay.HelloWay.controllers.PrimaryMaterialController; public org.springframework.http.ResponseEntity com.HelloWay.HelloWay.controllers.PrimaryMaterialController.getPrimaryMaterialsBySpaceIdAndName(java.lang.Long,java.lang.String)]] with attributes [[authorize: 'hasAnyRole('PROVIDER')', filter: 'null', filterTarget: 'null']]
2024-05-30 18:46:22.639 DEBUG 21304 --- [           main] .PrePostAnnotationSecurityMetadataSource : @org.springframework.security.access.prepost.PreAuthorize("hasAnyRole(\'ADMIN\')") found on specific method: public java.util.Optional com.HelloWay.HelloWay.controllers.ProductController.addNewProduct(com.HelloWay.HelloWay.entities.Product)
2024-05-30 18:46:22.640 DEBUG 21304 --- [           main] m.DelegatingMethodSecurityMetadataSource : Caching method [CacheKey[com.HelloWay.HelloWay.controllers.ProductController; public java.util.Optional com.HelloWay.HelloWay.controllers.ProductController.addNewProduct(com.HelloWay.HelloWay.entities.Product)]] with attributes [[authorize: 'hasAnyRole('ADMIN')', filter: 'null', filterTarget: 'null']]
2024-05-30 18:46:22.642 DEBUG 21304 --- [           main] .PrePostAnnotationSecurityMetadataSource : @org.springframework.security.access.prepost.PreAuthorize("hasAnyRole(\'USER\', \'GUEST\')") found on specific method: public void com.HelloWay.HelloWay.controllers.ProductController.deleteProductFromBasket(long,java.lang.Long)
2024-05-30 18:46:22.643 DEBUG 21304 --- [           main] m.DelegatingMethodSecurityMetadataSource : Caching method [CacheKey[com.HelloWay.HelloWay.controllers.ProductController; public void com.HelloWay.HelloWay.controllers.ProductController.deleteProductFromBasket(long,java.lang.Long)]] with attributes [[authorize: 'hasAnyRole('USER', 'GUEST')', filter: 'null', filterTarget: 'null']]
2024-05-30 18:46:22.644 DEBUG 21304 --- [           main] .PrePostAnnotationSecurityMetadataSource : @org.springframework.security.access.prepost.PreAuthorize("hasAnyRole(\'PROVIDER\',\'WAITER\')") found on specific method: public void com.HelloWay.HelloWay.controllers.ProductController.deleteProduct(long)
2024-05-30 18:46:22.645 DEBUG 21304 --- [           main] m.DelegatingMethodSecurityMetadataSource : Caching method [CacheKey[com.HelloWay.HelloWay.controllers.ProductController; public void com.HelloWay.HelloWay.controllers.ProductController.deleteProduct(long)]] with attributes [[authorize: 'hasAnyRole('PROVIDER','WAITER')', filter: 'null', filterTarget: 'null']]
2024-05-30 18:46:22.645 DEBUG 21304 --- [           main] .PrePostAnnotationSecurityMetadataSource : @org.springframework.security.access.prepost.PreAuthorize("hasAnyRole(\'PROVIDER\')") found on specific method: public org.springframework.data.domain.Page com.HelloWay.HelloWay.controllers.ProductController.getProducts(int,int)
2024-05-30 18:46:22.646 DEBUG 21304 --- [           main] m.DelegatingMethodSecurityMetadataSource : Caching method [CacheKey[com.HelloWay.HelloWay.controllers.ProductController; public org.springframework.data.domain.Page com.HelloWay.HelloWay.controllers.ProductController.getProducts(int,int)]] with attributes [[authorize: 'hasAnyRole('PROVIDER')', filter: 'null', filterTarget: 'null']]
2024-05-30 18:46:22.647 DEBUG 21304 --- [           main] .PrePostAnnotationSecurityMetadataSource : @org.springframework.security.access.prepost.PreAuthorize("hasAnyRole(\'USER\', \'GUEST\')") found on specific method: public void com.HelloWay.HelloWay.controllers.ProductController.addProductToBasket(com.HelloWay.HelloWay.entities.Product,java.lang.Long,int)
2024-05-30 18:46:22.650 DEBUG 21304 --- [           main] m.DelegatingMethodSecurityMetadataSource : Caching method [CacheKey[com.HelloWay.HelloWay.controllers.ProductController; public void com.HelloWay.HelloWay.controllers.ProductController.addProductToBasket(com.HelloWay.HelloWay.entities.Product,java.lang.Long,int)]] with attributes [[authorize: 'hasAnyRole('USER', 'GUEST')', filter: 'null', filterTarget: 'null']]
2024-05-30 18:46:22.652 DEBUG 21304 --- [           main] .PrePostAnnotationSecurityMetadataSource : @org.springframework.security.access.prepost.PreAuthorize("hasAnyRole(\'PROVIDER\',\'WAITER\', \'USER\', \'GUEST\')") found on specific method: public com.HelloWay.HelloWay.entities.Product com.HelloWay.HelloWay.controllers.ProductController.findProductById(long)
2024-05-30 18:46:22.653 DEBUG 21304 --- [           main] m.DelegatingMethodSecurityMetadataSource : Caching method [CacheKey[com.HelloWay.HelloWay.controllers.ProductController; public com.HelloWay.HelloWay.entities.Product com.HelloWay.HelloWay.controllers.ProductController.findProductById(long)]] with attributes [[authorize: 'hasAnyRole('PROVIDER','WAITER', 'USER', 'GUEST')', filter: 'null', filterTarget: 'null']]
2024-05-30 18:46:22.654 DEBUG 21304 --- [           main] .PrePostAnnotationSecurityMetadataSource : @org.springframework.security.access.prepost.PreAuthorize("hasAnyRole(\'PROVIDER\',\'WAITER\')") found on specific method: public org.springframework.http.ResponseEntity com.HelloWay.HelloWay.controllers.ProductController.updateProduct(com.HelloWay.HelloWay.entities.Product,long)
2024-05-30 18:46:22.655 DEBUG 21304 --- [           main] m.DelegatingMethodSecurityMetadataSource : Caching method [CacheKey[com.HelloWay.HelloWay.controllers.ProductController; public org.springframework.http.ResponseEntity com.HelloWay.HelloWay.controllers.ProductController.updateProduct(com.HelloWay.HelloWay.entities.Product,long)]] with attributes [[authorize: 'hasAnyRole('PROVIDER','WAITER')', filter: 'null', filterTarget: 'null']]
2024-05-30 18:46:22.656 DEBUG 21304 --- [           main] .PrePostAnnotationSecurityMetadataSource : @org.springframework.security.access.prepost.PreAuthorize("hasAnyRole(\'PROVIDER\',\'WAITER\')") found on specific method: public com.HelloWay.HelloWay.entities.Product com.HelloWay.HelloWay.controllers.ProductController.updateProduct(com.HelloWay.HelloWay.entities.Product)
2024-05-30 18:46:22.662 DEBUG 21304 --- [           main] m.DelegatingMethodSecurityMetadataSource : Caching method [CacheKey[com.HelloWay.HelloWay.controllers.ProductController; public com.HelloWay.HelloWay.entities.Product com.HelloWay.HelloWay.controllers.ProductController.updateProduct(com.HelloWay.HelloWay.entities.Product)]] with attributes [[authorize: 'hasAnyRole('PROVIDER','WAITER')', filter: 'null', filterTarget: 'null']]
2024-05-30 18:46:22.666 DEBUG 21304 --- [           main] .PrePostAnnotationSecurityMetadataSource : @org.springframework.security.access.prepost.PreAuthorize("hasAnyRole(\'PROVIDER\',\'WAITER\')") found on specific method: public org.springframework.http.ResponseEntity com.HelloWay.HelloWay.controllers.ProductController.addImage(java.lang.Long,org.springframework.web.multipart.MultipartFile)
2024-05-30 18:46:22.667 DEBUG 21304 --- [           main] m.DelegatingMethodSecurityMetadataSource : Caching method [CacheKey[com.HelloWay.HelloWay.controllers.ProductController; public org.springframework.http.ResponseEntity com.HelloWay.HelloWay.controllers.ProductController.addImage(java.lang.Long,org.springframework.web.multipart.MultipartFile)]] with attributes [[authorize: 'hasAnyRole('PROVIDER','WAITER')', filter: 'null', filterTarget: 'null']]
2024-05-30 18:46:22.669 DEBUG 21304 --- [           main] .PrePostAnnotationSecurityMetadataSource : @org.springframework.security.access.prepost.PreAuthorize("hasAnyRole(\'PROVIDER\',\'WAITER\')") found on specific method: public org.springframework.http.ResponseEntity com.HelloWay.HelloWay.controllers.ProductController.deleteImage(java.lang.String,java.lang.Long)
2024-05-30 18:46:22.674 DEBUG 21304 --- [           main] m.DelegatingMethodSecurityMetadataSource : Caching method [CacheKey[com.HelloWay.HelloWay.controllers.ProductController; public org.springframework.http.ResponseEntity com.HelloWay.HelloWay.controllers.ProductController.deleteImage(java.lang.String,java.lang.Long)]] with attributes [[authorize: 'hasAnyRole('PROVIDER','WAITER')', filter: 'null', filterTarget: 'null']]
2024-05-30 18:46:22.674 DEBUG 21304 --- [           main] .PrePostAnnotationSecurityMetadataSource : @org.springframework.security.access.prepost.PreAuthorize("hasAnyRole(\'PROVIDER\',\'WAITER\', \'USER\', \'GUEST\')") found on specific method: public java.util.List com.HelloWay.HelloWay.controllers.ProductController.getProductsByIDCategory(java.lang.Long)
2024-05-30 18:46:22.676 DEBUG 21304 --- [           main] m.DelegatingMethodSecurityMetadataSource : Caching method [CacheKey[com.HelloWay.HelloWay.controllers.ProductController; public java.util.List com.HelloWay.HelloWay.controllers.ProductController.getProductsByIDCategory(java.lang.Long)]] with attributes [[authorize: 'hasAnyRole('PROVIDER','WAITER', 'USER', 'GUEST')', filter: 'null', filterTarget: 'null']]
2024-05-30 18:46:22.678 DEBUG 21304 --- [           main] .PrePostAnnotationSecurityMetadataSource : @org.springframework.security.access.prepost.PreAuthorize("hasAnyRole(\'PROVIDER\',\'WAITER\', \'USER\', \'GUEST\')") found on specific method: public org.springframework.http.ResponseEntity com.HelloWay.HelloWay.controllers.ProductController.getProductsDtoByIDCategory(java.lang.Long)
2024-05-30 18:46:22.683 DEBUG 21304 --- [           main] m.DelegatingMethodSecurityMetadataSource : Caching method [CacheKey[com.HelloWay.HelloWay.controllers.ProductController; public org.springframework.http.ResponseEntity com.HelloWay.HelloWay.controllers.ProductController.getProductsDtoByIDCategory(java.lang.Long)]] with attributes [[authorize: 'hasAnyRole('PROVIDER','WAITER', 'USER', 'GUEST')', filter: 'null', filterTarget: 'null']]
2024-05-30 18:46:22.683 DEBUG 21304 --- [           main] .PrePostAnnotationSecurityMetadataSource : @org.springframework.security.access.prepost.PreAuthorize("hasAnyRole(\'USER\', \'GUEST\')") found on specific method: public void com.HelloWay.HelloWay.controllers.ProductController.addProductToBasketByIds(java.lang.Long,int,java.lang.Long)
2024-05-30 18:46:22.685 DEBUG 21304 --- [           main] m.DelegatingMethodSecurityMetadataSource : Caching method [CacheKey[com.HelloWay.HelloWay.controllers.ProductController; public void com.HelloWay.HelloWay.controllers.ProductController.addProductToBasketByIds(java.lang.Long,int,java.lang.Long)]] with attributes [[authorize: 'hasAnyRole('USER', 'GUEST')', filter: 'null', filterTarget: 'null']]
2024-05-30 18:46:22.686 DEBUG 21304 --- [           main] .PrePostAnnotationSecurityMetadataSource : @org.springframework.security.access.prepost.PreAuthorize("hasAnyRole(\'ADMIN\')") found on specific method: public java.util.List com.HelloWay.HelloWay.controllers.ProductController.allProducts()
2024-05-30 18:46:22.689 DEBUG 21304 --- [           main] m.DelegatingMethodSecurityMetadataSource : Caching method [CacheKey[com.HelloWay.HelloWay.controllers.ProductController; public java.util.List com.HelloWay.HelloWay.controllers.ProductController.allProducts()]] with attributes [[authorize: 'hasAnyRole('ADMIN')', filter: 'null', filterTarget: 'null']]
2024-05-30 18:46:22.707 DEBUG 21304 --- [           main] .PrePostAnnotationSecurityMetadataSource : @org.springframework.security.access.prepost.PreAuthorize("hasAnyRole(\'PROVIDER\')") found on specific method: public org.springframework.http.ResponseEntity com.HelloWay.HelloWay.controllers.QRCodeController.generateQRCode(java.lang.Long,java.lang.Long)
2024-05-30 18:46:22.708 DEBUG 21304 --- [           main] m.DelegatingMethodSecurityMetadataSource : Caching method [CacheKey[com.HelloWay.HelloWay.controllers.QRCodeController; public org.springframework.http.ResponseEntity com.HelloWay.HelloWay.controllers.QRCodeController.generateQRCode(java.lang.Long,java.lang.Long)]] with attributes [[authorize: 'hasAnyRole('PROVIDER')', filter: 'null', filterTarget: 'null']]
2024-05-30 18:46:22.856 DEBUG 21304 --- [           main] .PrePostAnnotationSecurityMetadataSource : @org.springframework.security.access.prepost.PreAuthorize("hasAnyRole(\'PROVIDER\')") found on specific method: public org.springframework.http.ResponseEntity com.HelloWay.HelloWay.controllers.ReservationController.createReservationWithBoard(com.HelloWay.HelloWay.entities.Reservation,java.lang.Long,java.lang.Long,java.lang.Long)
2024-05-30 18:46:22.857 DEBUG 21304 --- [           main] m.DelegatingMethodSecurityMetadataSource : Caching method [CacheKey[com.HelloWay.HelloWay.controllers.ReservationController; public org.springframework.http.ResponseEntity com.HelloWay.HelloWay.controllers.ReservationController.createReservationWithBoard(com.HelloWay.HelloWay.entities.Reservation,java.lang.Long,java.lang.Long,java.lang.Long)]] with attributes [[authorize: 'hasAnyRole('PROVIDER')', filter: 'null', filterTarget: 'null']]
2024-05-30 18:46:22.859 DEBUG 21304 --- [           main] .PrePostAnnotationSecurityMetadataSource : @org.springframework.security.access.prepost.PreAuthorize("hasAnyRole(\'PROVIDER\')") found on specific method: public org.springframework.http.ResponseEntity com.HelloWay.HelloWay.controllers.ReservationController.getReservationsBySpaceId(java.lang.Long)
2024-05-30 18:46:22.861 DEBUG 21304 --- [           main] m.DelegatingMethodSecurityMetadataSource : Caching method [CacheKey[com.HelloWay.HelloWay.controllers.ReservationController; public org.springframework.http.ResponseEntity com.HelloWay.HelloWay.controllers.ReservationController.getReservationsBySpaceId(java.lang.Long)]] with attributes [[authorize: 'hasAnyRole('PROVIDER')', filter: 'null', filterTarget: 'null']]
2024-05-30 18:46:22.862 DEBUG 21304 --- [           main] .PrePostAnnotationSecurityMetadataSource : @org.springframework.security.access.prepost.PreAuthorize("hasAnyRole(\'PROVIDER\')") found on specific method: public org.springframework.http.ResponseEntity com.HelloWay.HelloWay.controllers.ReservationController.assignReservationToTables(java.util.List,long)
2024-05-30 18:46:22.862 DEBUG 21304 --- [           main] m.DelegatingMethodSecurityMetadataSource : Caching method [CacheKey[com.HelloWay.HelloWay.controllers.ReservationController; public org.springframework.http.ResponseEntity com.HelloWay.HelloWay.controllers.ReservationController.assignReservationToTables(java.util.List,long)]] with attributes [[authorize: 'hasAnyRole('PROVIDER')', filter: 'null', filterTarget: 'null']]
2024-05-30 18:46:22.864 DEBUG 21304 --- [           main] .PrePostAnnotationSecurityMetadataSource : @org.springframework.security.access.prepost.PreAuthorize("hasAnyRole(\'PROVIDER\')") found on specific method: public org.springframework.http.ResponseEntity com.HelloWay.HelloWay.controllers.ReservationController.getUpcomingReservations(int)
2024-05-30 18:46:22.865 DEBUG 21304 --- [           main] m.DelegatingMethodSecurityMetadataSource : Caching method [CacheKey[com.HelloWay.HelloWay.controllers.ReservationController; public org.springframework.http.ResponseEntity com.HelloWay.HelloWay.controllers.ReservationController.getUpcomingReservations(int)]] with attributes [[authorize: 'hasAnyRole('PROVIDER')', filter: 'null', filterTarget: 'null']]
2024-05-30 18:46:22.866 DEBUG 21304 --- [           main] .PrePostAnnotationSecurityMetadataSource : @org.springframework.security.access.prepost.PreAuthorize("hasAnyRole(\'PROVIDER\',\'USER\')") found on specific method: public org.springframework.http.ResponseEntity com.HelloWay.HelloWay.controllers.ReservationController.getTablesByIdReservation(java.lang.Long)
2024-05-30 18:46:22.867 DEBUG 21304 --- [           main] m.DelegatingMethodSecurityMetadataSource : Caching method [CacheKey[com.HelloWay.HelloWay.controllers.ReservationController; public org.springframework.http.ResponseEntity com.HelloWay.HelloWay.controllers.ReservationController.getTablesByIdReservation(java.lang.Long)]] with attributes [[authorize: 'hasAnyRole('PROVIDER','USER')', filter: 'null', filterTarget: 'null']]
2024-05-30 18:46:22.867 DEBUG 21304 --- [           main] .PrePostAnnotationSecurityMetadataSource : @org.springframework.security.access.prepost.PreAuthorize("hasAnyRole(\'PROVIDER\',\'USER\')") found on specific method: public org.springframework.http.ResponseEntity com.HelloWay.HelloWay.controllers.ReservationController.getReservationsByUserId(java.lang.Long)
2024-05-30 18:46:22.868 DEBUG 21304 --- [           main] m.DelegatingMethodSecurityMetadataSource : Caching method [CacheKey[com.HelloWay.HelloWay.controllers.ReservationController; public org.springframework.http.ResponseEntity com.HelloWay.HelloWay.controllers.ReservationController.getReservationsByUserId(java.lang.Long)]] with attributes [[authorize: 'hasAnyRole('PROVIDER','USER')', filter: 'null', filterTarget: 'null']]
2024-05-30 18:46:22.868 DEBUG 21304 --- [           main] .PrePostAnnotationSecurityMetadataSource : @org.springframework.security.access.prepost.PreAuthorize("hasAnyRole(\'PROVIDER\',\'USER\')") found on specific method: public org.springframework.http.ResponseEntity com.HelloWay.HelloWay.controllers.ReservationController.getTablesByDisponibilitiesDate(java.time.LocalDate,long)
2024-05-30 18:46:22.869 DEBUG 21304 --- [           main] m.DelegatingMethodSecurityMetadataSource : Caching method [CacheKey[com.HelloWay.HelloWay.controllers.ReservationController; public org.springframework.http.ResponseEntity com.HelloWay.HelloWay.controllers.ReservationController.getTablesByDisponibilitiesDate(java.time.LocalDate,long)]] with attributes [[authorize: 'hasAnyRole('PROVIDER','USER')', filter: 'null', filterTarget: 'null']]
2024-05-30 18:46:22.869 DEBUG 21304 --- [           main] .PrePostAnnotationSecurityMetadataSource : @org.springframework.security.access.prepost.PreAuthorize("hasAnyRole(\'PROVIDER\')") found on specific method: public org.springframework.http.ResponseEntity com.HelloWay.HelloWay.controllers.ReservationController.getReservationsByDateRange(java.time.LocalDate,java.time.LocalDate)
2024-05-30 18:46:22.869 DEBUG 21304 --- [           main] m.DelegatingMethodSecurityMetadataSource : Caching method [CacheKey[com.HelloWay.HelloWay.controllers.ReservationController; public org.springframework.http.ResponseEntity com.HelloWay.HelloWay.controllers.ReservationController.getReservationsByDateRange(java.time.LocalDate,java.time.LocalDate)]] with attributes [[authorize: 'hasAnyRole('PROVIDER')', filter: 'null', filterTarget: 'null']]
2024-05-30 18:46:22.870 DEBUG 21304 --- [           main] .PrePostAnnotationSecurityMetadataSource : @org.springframework.security.access.prepost.PreAuthorize("hasAnyRole(\'PROVIDER\',\'USER\')") found on specific method: public org.springframework.http.ResponseEntity com.HelloWay.HelloWay.controllers.ReservationController.updateReservation(java.lang.Long,com.HelloWay.HelloWay.entities.Reservation)
2024-05-30 18:46:22.871 DEBUG 21304 --- [           main] m.DelegatingMethodSecurityMetadataSource : Caching method [CacheKey[com.HelloWay.HelloWay.controllers.ReservationController; public org.springframework.http.ResponseEntity com.HelloWay.HelloWay.controllers.ReservationController.updateReservation(java.lang.Long,com.HelloWay.HelloWay.entities.Reservation)]] with attributes [[authorize: 'hasAnyRole('PROVIDER','USER')', filter: 'null', filterTarget: 'null']]
2024-05-30 18:46:22.871 DEBUG 21304 --- [           main] .PrePostAnnotationSecurityMetadataSource : @org.springframework.security.access.prepost.PreAuthorize("hasAnyRole(\'ADMIN\')") found on specific method: public org.springframework.http.ResponseEntity com.HelloWay.HelloWay.controllers.ReservationController.getAllReservations()
2024-05-30 18:46:22.872 DEBUG 21304 --- [           main] m.DelegatingMethodSecurityMetadataSource : Caching method [CacheKey[com.HelloWay.HelloWay.controllers.ReservationController; public org.springframework.http.ResponseEntity com.HelloWay.HelloWay.controllers.ReservationController.getAllReservations()]] with attributes [[authorize: 'hasAnyRole('ADMIN')', filter: 'null', filterTarget: 'null']]
2024-05-30 18:46:22.872 DEBUG 21304 --- [           main] .PrePostAnnotationSecurityMetadataSource : @org.springframework.security.access.prepost.PreAuthorize("hasAnyRole(\'PROVIDER\',\'USER\')") found on specific method: public org.springframework.http.ResponseEntity com.HelloWay.HelloWay.controllers.ReservationController.getReservationById(java.lang.Long)
2024-05-30 18:46:22.872 DEBUG 21304 --- [           main] m.DelegatingMethodSecurityMetadataSource : Caching method [CacheKey[com.HelloWay.HelloWay.controllers.ReservationController; public org.springframework.http.ResponseEntity com.HelloWay.HelloWay.controllers.ReservationController.getReservationById(java.lang.Long)]] with attributes [[authorize: 'hasAnyRole('PROVIDER','USER')', filter: 'null', filterTarget: 'null']]
2024-05-30 18:46:22.873 DEBUG 21304 --- [           main] .PrePostAnnotationSecurityMetadataSource : @org.springframework.security.access.prepost.PreAuthorize("hasAnyRole(\'PROVIDER\')") found on specific method: public org.springframework.http.ResponseEntity com.HelloWay.HelloWay.controllers.ReservationController.deleteReservation(java.lang.Long)
2024-05-30 18:46:22.873 DEBUG 21304 --- [           main] m.DelegatingMethodSecurityMetadataSource : Caching method [CacheKey[com.HelloWay.HelloWay.controllers.ReservationController; public org.springframework.http.ResponseEntity com.HelloWay.HelloWay.controllers.ReservationController.deleteReservation(java.lang.Long)]] with attributes [[authorize: 'hasAnyRole('PROVIDER')', filter: 'null', filterTarget: 'null']]
2024-05-30 18:46:22.873 DEBUG 21304 --- [           main] .PrePostAnnotationSecurityMetadataSource : @org.springframework.security.access.prepost.PreAuthorize("hasAnyRole(\'PROVIDER\')") found on specific method: public org.springframework.http.ResponseEntity com.HelloWay.HelloWay.controllers.ReservationController.refuseReservation(java.lang.Long)
2024-05-30 18:46:22.874 DEBUG 21304 --- [           main] m.DelegatingMethodSecurityMetadataSource : Caching method [CacheKey[com.HelloWay.HelloWay.controllers.ReservationController; public org.springframework.http.ResponseEntity com.HelloWay.HelloWay.controllers.ReservationController.refuseReservation(java.lang.Long)]] with attributes [[authorize: 'hasAnyRole('PROVIDER')', filter: 'null', filterTarget: 'null']]
2024-05-30 18:46:22.874 DEBUG 21304 --- [           main] .PrePostAnnotationSecurityMetadataSource : @org.springframework.security.access.prepost.PreAuthorize("hasAnyRole(\'PROVIDER\')") found on specific method: public org.springframework.http.ResponseEntity com.HelloWay.HelloWay.controllers.ReservationController.acceptReservation(java.lang.Long)
2024-05-30 18:46:22.875 DEBUG 21304 --- [           main] m.DelegatingMethodSecurityMetadataSource : Caching method [CacheKey[com.HelloWay.HelloWay.controllers.ReservationController; public org.springframework.http.ResponseEntity com.HelloWay.HelloWay.controllers.ReservationController.acceptReservation(java.lang.Long)]] with attributes [[authorize: 'hasAnyRole('PROVIDER')', filter: 'null', filterTarget: 'null']]
2024-05-30 18:46:22.876 DEBUG 21304 --- [           main] .PrePostAnnotationSecurityMetadataSource : @org.springframework.security.access.prepost.PreAuthorize("hasAnyRole(\'PROVIDER\',\'USER\')") found on specific method: public org.springframework.http.ResponseEntity com.HelloWay.HelloWay.controllers.ReservationController.createReservation(com.HelloWay.HelloWay.entities.Reservation,java.lang.Long,java.lang.Long)
2024-05-30 18:46:22.877 DEBUG 21304 --- [           main] m.DelegatingMethodSecurityMetadataSource : Caching method [CacheKey[com.HelloWay.HelloWay.controllers.ReservationController; public org.springframework.http.ResponseEntity com.HelloWay.HelloWay.controllers.ReservationController.createReservation(com.HelloWay.HelloWay.entities.Reservation,java.lang.Long,java.lang.Long)]] with attributes [[authorize: 'hasAnyRole('PROVIDER','USER')', filter: 'null', filterTarget: 'null']]
2024-05-30 18:46:22.877 DEBUG 21304 --- [           main] .PrePostAnnotationSecurityMetadataSource : @org.springframework.security.access.prepost.PreAuthorize("hasAnyRole(\'PROVIDER\',\'USER\')") found on specific method: public org.springframework.http.ResponseEntity com.HelloWay.HelloWay.controllers.ReservationController.cancelReservation(java.lang.Long)
2024-05-30 18:46:22.878 DEBUG 21304 --- [           main] m.DelegatingMethodSecurityMetadataSource : Caching method [CacheKey[com.HelloWay.HelloWay.controllers.ReservationController; public org.springframework.http.ResponseEntity com.HelloWay.HelloWay.controllers.ReservationController.cancelReservation(java.lang.Long)]] with attributes [[authorize: 'hasAnyRole('PROVIDER','USER')', filter: 'null', filterTarget: 'null']]
2024-05-30 18:46:22.934 DEBUG 21304 --- [           main] .PrePostAnnotationSecurityMetadataSource : @org.springframework.security.access.prepost.PreAuthorize("hasAnyRole(\'WAITER\', \'USER\', \'GUEST\')") found on specific method: public java.lang.String com.HelloWay.HelloWay.controllers.SessionController.validateSessionLatestWithRole(java.lang.String)
2024-05-30 18:46:22.934 DEBUG 21304 --- [           main] m.DelegatingMethodSecurityMetadataSource : Caching method [CacheKey[com.HelloWay.HelloWay.controllers.SessionController; public java.lang.String com.HelloWay.HelloWay.controllers.SessionController.validateSessionLatestWithRole(java.lang.String)]] with attributes [[authorize: 'hasAnyRole('WAITER', 'USER', 'GUEST')', filter: 'null', filterTarget: 'null']]
2024-05-30 18:46:22.940 DEBUG 21304 --- [           main] .PrePostAnnotationSecurityMetadataSource : @org.springframework.security.access.prepost.PreAuthorize("hasAnyRole(\'WAITER\', \'USER\', \'GUEST\', \'PROVIDER\')") found on specific method: public java.lang.String com.HelloWay.HelloWay.controllers.SessionController.validateSessionLatest(java.lang.String)
2024-05-30 18:46:22.941 DEBUG 21304 --- [           main] m.DelegatingMethodSecurityMetadataSource : Caching method [CacheKey[com.HelloWay.HelloWay.controllers.SessionController; public java.lang.String com.HelloWay.HelloWay.controllers.SessionController.validateSessionLatest(java.lang.String)]] with attributes [[authorize: 'hasAnyRole('WAITER', 'USER', 'GUEST', 'PROVIDER')', filter: 'null', filterTarget: 'null']]
2024-05-30 18:46:22.941 DEBUG 21304 --- [           main] .PrePostAnnotationSecurityMetadataSource : @org.springframework.security.access.prepost.PreAuthorize("hasAnyRole(\'WAITER\', \'USER\', \'GUEST\')") found on specific method: public java.lang.String com.HelloWay.HelloWay.controllers.SessionController.validateSession()
2024-05-30 18:46:22.943 DEBUG 21304 --- [           main] m.DelegatingMethodSecurityMetadataSource : Caching method [CacheKey[com.HelloWay.HelloWay.controllers.SessionController; public java.lang.String com.HelloWay.HelloWay.controllers.SessionController.validateSession()]] with attributes [[authorize: 'hasAnyRole('WAITER', 'USER', 'GUEST')', filter: 'null', filterTarget: 'null']]
2024-05-30 18:46:23.077 DEBUG 21304 --- [           main] .PrePostAnnotationSecurityMetadataSource : @org.springframework.security.access.prepost.PreAuthorize("hasAnyRole(\'WAITER\')") found on specific method: public com.HelloWay.HelloWay.entities.Shift com.HelloWay.HelloWay.controllers.ShiftController.createShift(com.HelloWay.HelloWay.payload.request.ShiftRequest)
2024-05-30 18:46:23.077 DEBUG 21304 --- [           main] m.DelegatingMethodSecurityMetadataSource : Caching method [CacheKey[com.HelloWay.HelloWay.controllers.ShiftController; public com.HelloWay.HelloWay.entities.Shift com.HelloWay.HelloWay.controllers.ShiftController.createShift(com.HelloWay.HelloWay.payload.request.ShiftRequest)]] with attributes [[authorize: 'hasAnyRole('WAITER')', filter: 'null', filterTarget: 'null']]
2024-05-30 18:46:23.261 DEBUG 21304 --- [           main] .PrePostAnnotationSecurityMetadataSource : @org.springframework.security.access.prepost.PreAuthorize("hasAnyRole(\'WAITER\', \'USER\', \'GUEST\',\'PROVIDER\')") found on specific method: public com.HelloWay.HelloWay.entities.Space com.HelloWay.HelloWay.controllers.SpaceController.findSpaceById(long)
2024-05-30 18:46:23.266 DEBUG 21304 --- [           main] m.DelegatingMethodSecurityMetadataSource : Caching method [CacheKey[com.HelloWay.HelloWay.controllers.SpaceController; public com.HelloWay.HelloWay.entities.Space com.HelloWay.HelloWay.controllers.SpaceController.findSpaceById(long)]] with attributes [[authorize: 'hasAnyRole('WAITER', 'USER', 'GUEST','PROVIDER')', filter: 'null', filterTarget: 'null']]
2024-05-30 18:46:23.273 DEBUG 21304 --- [           main] .PrePostAnnotationSecurityMetadataSource : @org.springframework.security.access.prepost.PreAuthorize("hasAnyRole(\'ADMIN\',\'PROVIDER\')") found on specific method: public com.HelloWay.HelloWay.entities.Space com.HelloWay.HelloWay.controllers.SpaceController.updateSpace(com.HelloWay.HelloWay.entities.Space)
2024-05-30 18:46:23.275 DEBUG 21304 --- [           main] m.DelegatingMethodSecurityMetadataSource : Caching method [CacheKey[com.HelloWay.HelloWay.controllers.SpaceController; public com.HelloWay.HelloWay.entities.Space com.HelloWay.HelloWay.controllers.SpaceController.updateSpace(com.HelloWay.HelloWay.entities.Space)]] with attributes [[authorize: 'hasAnyRole('ADMIN','PROVIDER')', filter: 'null', filterTarget: 'null']]
2024-05-30 18:46:23.278 DEBUG 21304 --- [           main] .PrePostAnnotationSecurityMetadataSource : @org.springframework.security.access.prepost.PreAuthorize("hasAnyRole(\'ADMIN\',\'PROVIDER\')") found on specific method: public org.springframework.http.ResponseEntity com.HelloWay.HelloWay.controllers.SpaceController.addImage(java.lang.Long,org.springframework.web.multipart.MultipartFile)
2024-05-30 18:46:23.281 DEBUG 21304 --- [           main] m.DelegatingMethodSecurityMetadataSource : Caching method [CacheKey[com.HelloWay.HelloWay.controllers.SpaceController; public org.springframework.http.ResponseEntity com.HelloWay.HelloWay.controllers.SpaceController.addImage(java.lang.Long,org.springframework.web.multipart.MultipartFile)]] with attributes [[authorize: 'hasAnyRole('ADMIN','PROVIDER')', filter: 'null', filterTarget: 'null']]
2024-05-30 18:46:23.281 DEBUG 21304 --- [           main] .PrePostAnnotationSecurityMetadataSource : @org.springframework.security.access.prepost.PreAuthorize("hasAnyRole(\'ADMIN\',\'PROVIDER\')") found on specific method: public org.springframework.http.ResponseEntity com.HelloWay.HelloWay.controllers.SpaceController.deleteImage(java.lang.String,java.lang.Long)
2024-05-30 18:46:23.284 DEBUG 21304 --- [           main] m.DelegatingMethodSecurityMetadataSource : Caching method [CacheKey[com.HelloWay.HelloWay.controllers.SpaceController; public org.springframework.http.ResponseEntity com.HelloWay.HelloWay.controllers.SpaceController.deleteImage(java.lang.String,java.lang.Long)]] with attributes [[authorize: 'hasAnyRole('ADMIN','PROVIDER')', filter: 'null', filterTarget: 'null']]
2024-05-30 18:46:23.285 DEBUG 21304 --- [           main] .PrePostAnnotationSecurityMetadataSource : @org.springframework.security.access.prepost.PreAuthorize("hasAnyRole(\'ADMIN\',\'PROVIDER\', \'WAITER\', \'USER\', \'GUEST\')") found on specific method: public com.HelloWay.HelloWay.entities.Space com.HelloWay.HelloWay.controllers.SpaceController.getSpaceByIdCategory(java.lang.Long)
2024-05-30 18:46:23.286 DEBUG 21304 --- [           main] m.DelegatingMethodSecurityMetadataSource : Caching method [CacheKey[com.HelloWay.HelloWay.controllers.SpaceController; public com.HelloWay.HelloWay.entities.Space com.HelloWay.HelloWay.controllers.SpaceController.getSpaceByIdCategory(java.lang.Long)]] with attributes [[authorize: 'hasAnyRole('ADMIN','PROVIDER', 'WAITER', 'USER', 'GUEST')', filter: 'null', filterTarget: 'null']]
2024-05-30 18:46:23.287 DEBUG 21304 --- [           main] .PrePostAnnotationSecurityMetadataSource : @org.springframework.security.access.prepost.PreAuthorize("hasAnyRole(\'ADMIN\',\'PROVIDER\')") found on specific method: public java.util.List com.HelloWay.HelloWay.controllers.SpaceController.getSpacesByIdSpaceCategory(java.lang.Long)
2024-05-30 18:46:23.288 DEBUG 21304 --- [           main] m.DelegatingMethodSecurityMetadataSource : Caching method [CacheKey[com.HelloWay.HelloWay.controllers.SpaceController; public java.util.List com.HelloWay.HelloWay.controllers.SpaceController.getSpacesByIdSpaceCategory(java.lang.Long)]] with attributes [[authorize: 'hasAnyRole('ADMIN','PROVIDER')', filter: 'null', filterTarget: 'null']]
2024-05-30 18:46:23.289 DEBUG 21304 --- [           main] .PrePostAnnotationSecurityMetadataSource : @org.springframework.security.access.prepost.PreAuthorize("hasAnyRole(\'USER\')") found on specific method: public org.springframework.http.ResponseEntity com.HelloWay.HelloWay.controllers.SpaceController.getTheNearestSpacesByDistance(java.lang.String,java.lang.String,double)
2024-05-30 18:46:23.290 DEBUG 21304 --- [           main] m.DelegatingMethodSecurityMetadataSource : Caching method [CacheKey[com.HelloWay.HelloWay.controllers.SpaceController; public org.springframework.http.ResponseEntity com.HelloWay.HelloWay.controllers.SpaceController.getTheNearestSpacesByDistance(java.lang.String,java.lang.String,double)]] with attributes [[authorize: 'hasAnyRole('USER')', filter: 'null', filterTarget: 'null']]
2024-05-30 18:46:23.291 DEBUG 21304 --- [           main] .PrePostAnnotationSecurityMetadataSource : @org.springframework.security.access.prepost.PreAuthorize("hasAnyRole(\'ADMIN\',\'PROVIDER\',\'WAITER\')") found on specific method: public org.springframework.http.ResponseEntity com.HelloWay.HelloWay.controllers.SpaceController.addImageBySpaceIdAndProductId(java.lang.Long,org.springframework.web.multipart.MultipartFile,java.lang.Long)
2024-05-30 18:46:23.292 DEBUG 21304 --- [           main] m.DelegatingMethodSecurityMetadataSource : Caching method [CacheKey[com.HelloWay.HelloWay.controllers.SpaceController; public org.springframework.http.ResponseEntity com.HelloWay.HelloWay.controllers.SpaceController.addImageBySpaceIdAndProductId(java.lang.Long,org.springframework.web.multipart.MultipartFile,java.lang.Long)]] with attributes [[authorize: 'hasAnyRole('ADMIN','PROVIDER','WAITER')', filter: 'null', filterTarget: 'null']]
2024-05-30 18:46:23.294 DEBUG 21304 --- [           main] .PrePostAnnotationSecurityMetadataSource : @org.springframework.security.access.prepost.PreAuthorize("hasAnyRole(\'ADMIN\',\'PROVIDER\')") found on specific method: public com.HelloWay.HelloWay.entities.Space com.HelloWay.HelloWay.controllers.SpaceController.getSpaceByIdModerator(java.lang.Long)
2024-05-30 18:46:23.297 DEBUG 21304 --- [           main] m.DelegatingMethodSecurityMetadataSource : Caching method [CacheKey[com.HelloWay.HelloWay.controllers.SpaceController; public com.HelloWay.HelloWay.entities.Space com.HelloWay.HelloWay.controllers.SpaceController.getSpaceByIdModerator(java.lang.Long)]] with attributes [[authorize: 'hasAnyRole('ADMIN','PROVIDER')', filter: 'null', filterTarget: 'null']]
2024-05-30 18:46:23.298 DEBUG 21304 --- [           main] .PrePostAnnotationSecurityMetadataSource : @org.springframework.security.access.prepost.PreAuthorize("hasAnyRole(\'ADMIN\',\'PROVIDER\')") found on specific method: public org.springframework.http.ResponseEntity com.HelloWay.HelloWay.controllers.SpaceController.getServersByIdSpace(long)
2024-05-30 18:46:23.299 DEBUG 21304 --- [           main] m.DelegatingMethodSecurityMetadataSource : Caching method [CacheKey[com.HelloWay.HelloWay.controllers.SpaceController; public org.springframework.http.ResponseEntity com.HelloWay.HelloWay.controllers.SpaceController.getServersByIdSpace(long)]] with attributes [[authorize: 'hasAnyRole('ADMIN','PROVIDER')', filter: 'null', filterTarget: 'null']]
2024-05-30 18:46:23.299 DEBUG 21304 --- [           main] .PrePostAnnotationSecurityMetadataSource : @org.springframework.security.access.prepost.PreAuthorize("hasAnyRole(\'ADMIN\',\'PROVIDER\')") found on specific method: public org.springframework.http.ResponseEntity com.HelloWay.HelloWay.controllers.SpaceController.createServerForSpace(java.lang.Long,java.lang.Long,com.HelloWay.HelloWay.payload.request.SignupRequest)
2024-05-30 18:46:23.300 DEBUG 21304 --- [           main] m.DelegatingMethodSecurityMetadataSource : Caching method [CacheKey[com.HelloWay.HelloWay.controllers.SpaceController; public org.springframework.http.ResponseEntity com.HelloWay.HelloWay.controllers.SpaceController.createServerForSpace(java.lang.Long,java.lang.Long,com.HelloWay.HelloWay.payload.request.SignupRequest)]] with attributes [[authorize: 'hasAnyRole('ADMIN','PROVIDER')', filter: 'null', filterTarget: 'null']]
2024-05-30 18:46:23.301 DEBUG 21304 --- [           main] .PrePostAnnotationSecurityMetadataSource : @org.springframework.security.access.prepost.PreAuthorize("hasAnyRole(\'ADMIN\',\'PROVIDER\')") found on specific method: public com.HelloWay.HelloWay.entities.Space com.HelloWay.HelloWay.controllers.SpaceController.addNewSpaceByIdModeratorAndIdCategory(com.HelloWay.HelloWay.entities.Space,java.lang.Long,java.lang.Long)
2024-05-30 18:46:23.302 DEBUG 21304 --- [           main] m.DelegatingMethodSecurityMetadataSource : Caching method [CacheKey[com.HelloWay.HelloWay.controllers.SpaceController; public com.HelloWay.HelloWay.entities.Space com.HelloWay.HelloWay.controllers.SpaceController.addNewSpaceByIdModeratorAndIdCategory(com.HelloWay.HelloWay.entities.Space,java.lang.Long,java.lang.Long)]] with attributes [[authorize: 'hasAnyRole('ADMIN','PROVIDER')', filter: 'null', filterTarget: 'null']]
2024-05-30 18:46:23.303 DEBUG 21304 --- [           main] .PrePostAnnotationSecurityMetadataSource : @org.springframework.security.access.prepost.PreAuthorize("hasAnyRole(\'ADMIN\',\'PROVIDER\')") found on specific method: public com.HelloWay.HelloWay.entities.Space com.HelloWay.HelloWay.controllers.SpaceController.addNewSpaceByIdModeratorAndIdSpaceCategory(com.HelloWay.HelloWay.entities.Space,java.lang.Long,java.lang.Long)
2024-05-30 18:46:23.304 DEBUG 21304 --- [           main] m.DelegatingMethodSecurityMetadataSource : Caching method [CacheKey[com.HelloWay.HelloWay.controllers.SpaceController; public com.HelloWay.HelloWay.entities.Space com.HelloWay.HelloWay.controllers.SpaceController.addNewSpaceByIdModeratorAndIdSpaceCategory(com.HelloWay.HelloWay.entities.Space,java.lang.Long,java.lang.Long)]] with attributes [[authorize: 'hasAnyRole('ADMIN','PROVIDER')', filter: 'null', filterTarget: 'null']]
2024-05-30 18:46:23.305 DEBUG 21304 --- [           main] .PrePostAnnotationSecurityMetadataSource : @org.springframework.security.access.prepost.PreAuthorize("hasAnyRole(\'ADMIN\')") found on specific method: public com.HelloWay.HelloWay.entities.Space com.HelloWay.HelloWay.controllers.SpaceController.addNewSpace(com.HelloWay.HelloWay.entities.Space) throws java.io.IOException
2024-05-30 18:46:23.306 DEBUG 21304 --- [           main] m.DelegatingMethodSecurityMetadataSource : Caching method [CacheKey[com.HelloWay.HelloWay.controllers.SpaceController; public com.HelloWay.HelloWay.entities.Space com.HelloWay.HelloWay.controllers.SpaceController.addNewSpace(com.HelloWay.HelloWay.entities.Space) throws java.io.IOException]] with attributes [[authorize: 'hasAnyRole('ADMIN')', filter: 'null', filterTarget: 'null']]
2024-05-30 18:46:23.306 DEBUG 21304 --- [           main] .PrePostAnnotationSecurityMetadataSource : @org.springframework.security.access.prepost.PreAuthorize("hasAnyRole(\'ADMIN\',\'PROVIDER\')") found on specific method: public void com.HelloWay.HelloWay.controllers.SpaceController.deleteSpace(long)
2024-05-30 18:46:23.307 DEBUG 21304 --- [           main] m.DelegatingMethodSecurityMetadataSource : Caching method [CacheKey[com.HelloWay.HelloWay.controllers.SpaceController; public void com.HelloWay.HelloWay.controllers.SpaceController.deleteSpace(long)]] with attributes [[authorize: 'hasAnyRole('ADMIN','PROVIDER')', filter: 'null', filterTarget: 'null']]
2024-05-30 18:46:23.308 DEBUG 21304 --- [           main] .PrePostAnnotationSecurityMetadataSource : @org.springframework.security.access.prepost.PreAuthorize("hasAnyRole(\'ADMIN\')") found on specific method: public java.util.List com.HelloWay.HelloWay.controllers.SpaceController.allSpaces()
2024-05-30 18:46:23.309 DEBUG 21304 --- [           main] m.DelegatingMethodSecurityMetadataSource : Caching method [CacheKey[com.HelloWay.HelloWay.controllers.SpaceController; public java.util.List com.HelloWay.HelloWay.controllers.SpaceController.allSpaces()]] with attributes [[authorize: 'hasAnyRole('ADMIN')', filter: 'null', filterTarget: 'null']]
2024-05-30 18:46:23.309 DEBUG 21304 --- [           main] .PrePostAnnotationSecurityMetadataSource : @org.springframework.security.access.prepost.PreAuthorize("hasAnyRole(\'ADMIN\',\'PROVIDER\')") found on specific method: public org.springframework.http.ResponseEntity com.HelloWay.HelloWay.controllers.SpaceController.addServerInSpace(java.lang.Long,java.lang.Long,java.lang.Long)
2024-05-30 18:46:23.310 DEBUG 21304 --- [           main] m.DelegatingMethodSecurityMetadataSource : Caching method [CacheKey[com.HelloWay.HelloWay.controllers.SpaceController; public org.springframework.http.ResponseEntity com.HelloWay.HelloWay.controllers.SpaceController.addServerInSpace(java.lang.Long,java.lang.Long,java.lang.Long)]] with attributes [[authorize: 'hasAnyRole('ADMIN','PROVIDER')', filter: 'null', filterTarget: 'null']]
2024-05-30 18:46:23.310 DEBUG 21304 --- [           main] .PrePostAnnotationSecurityMetadataSource : @org.springframework.security.access.prepost.PreAuthorize("hasAnyRole(\'ADMIN\',\'PROVIDER\', \'WAITER\', \'USER\', \'GUEST\')") found on specific method: public org.springframework.data.domain.Page com.HelloWay.HelloWay.controllers.SpaceController.getSpaces(int,int)
2024-05-30 18:46:23.311 DEBUG 21304 --- [           main] m.DelegatingMethodSecurityMetadataSource : Caching method [CacheKey[com.HelloWay.HelloWay.controllers.SpaceController; public org.springframework.data.domain.Page com.HelloWay.HelloWay.controllers.SpaceController.getSpaces(int,int)]] with attributes [[authorize: 'hasAnyRole('ADMIN','PROVIDER', 'WAITER', 'USER', 'GUEST')', filter: 'null', filterTarget: 'null']]
2024-05-30 18:46:23.311 DEBUG 21304 --- [           main] .PrePostAnnotationSecurityMetadataSource : @org.springframework.security.access.prepost.PreAuthorize("hasAnyRole(\'ADMIN\',\'PROVIDER\')") found on specific method: public org.springframework.http.ResponseEntity com.HelloWay.HelloWay.controllers.SpaceController.setServerInZone(java.lang.Long,java.lang.Long,java.lang.Long,java.lang.Long)
2024-05-30 18:46:23.312 DEBUG 21304 --- [           main] m.DelegatingMethodSecurityMetadataSource : Caching method [CacheKey[com.HelloWay.HelloWay.controllers.SpaceController; public org.springframework.http.ResponseEntity com.HelloWay.HelloWay.controllers.SpaceController.setServerInZone(java.lang.Long,java.lang.Long,java.lang.Long,java.lang.Long)]] with attributes [[authorize: 'hasAnyRole('ADMIN','PROVIDER')', filter: 'null', filterTarget: 'null']]
2024-05-30 18:46:23.312 DEBUG 21304 --- [           main] .PrePostAnnotationSecurityMetadataSource : @org.springframework.security.access.prepost.PreAuthorize("hasAnyRole(\'ADMIN\',\'PROVIDER\')") found on specific method: public org.springframework.http.ResponseEntity com.HelloWay.HelloWay.controllers.SpaceController.addSpaceWithImages(java.lang.String,java.lang.String,java.lang.String,java.lang.Float,int,java.lang.String,java.util.List) throws java.io.IOException
2024-05-30 18:46:23.312 DEBUG 21304 --- [           main] m.DelegatingMethodSecurityMetadataSource : Caching method [CacheKey[com.HelloWay.HelloWay.controllers.SpaceController; public org.springframework.http.ResponseEntity com.HelloWay.HelloWay.controllers.SpaceController.addSpaceWithImages(java.lang.String,java.lang.String,java.lang.String,java.lang.Float,int,java.lang.String,java.util.List) throws java.io.IOException]] with attributes [[authorize: 'hasAnyRole('ADMIN','PROVIDER')', filter: 'null', filterTarget: 'null']]
2024-05-30 18:46:23.313 DEBUG 21304 --- [           main] .PrePostAnnotationSecurityMetadataSource : @org.springframework.security.access.prepost.PreAuthorize("hasAnyRole(\'ADMIN\',\'PROVIDER\',\'WAITER\')") found on specific method: public org.springframework.http.ResponseEntity com.HelloWay.HelloWay.controllers.SpaceController.getSpaceByIdServer(long)
2024-05-30 18:46:23.313 DEBUG 21304 --- [           main] m.DelegatingMethodSecurityMetadataSource : Caching method [CacheKey[com.HelloWay.HelloWay.controllers.SpaceController; public org.springframework.http.ResponseEntity com.HelloWay.HelloWay.controllers.SpaceController.getSpaceByIdServer(long)]] with attributes [[authorize: 'hasAnyRole('ADMIN','PROVIDER','WAITER')', filter: 'null', filterTarget: 'null']]
2024-05-30 18:46:23.314 DEBUG 21304 --- [           main] .PrePostAnnotationSecurityMetadataSource : @org.springframework.security.access.prepost.PreAuthorize("hasAnyRole(\'USER\')") found on specific method: public org.springframework.http.ResponseEntity com.HelloWay.HelloWay.controllers.SpaceController.addRateToSpace(long,long)
2024-05-30 18:46:23.314 DEBUG 21304 --- [           main] m.DelegatingMethodSecurityMetadataSource : Caching method [CacheKey[com.HelloWay.HelloWay.controllers.SpaceController; public org.springframework.http.ResponseEntity com.HelloWay.HelloWay.controllers.SpaceController.addRateToSpace(long,long)]] with attributes [[authorize: 'hasAnyRole('USER')', filter: 'null', filterTarget: 'null']]
2024-05-30 18:46:23.336 DEBUG 21304 --- [           main] .PrePostAnnotationSecurityMetadataSource : @org.springframework.security.access.prepost.PreAuthorize("hasAnyRole(\'ADMIN\',\'PROVIDER\', \'WAITER\', \'USER\', \'GUEST\')") found on specific method: public java.lang.String com.HelloWay.HelloWay.controllers.TestController.allAccess()
2024-05-30 18:46:23.336 DEBUG 21304 --- [           main] m.DelegatingMethodSecurityMetadataSource : Caching method [CacheKey[com.HelloWay.HelloWay.controllers.TestController; public java.lang.String com.HelloWay.HelloWay.controllers.TestController.allAccess()]] with attributes [[authorize: 'hasAnyRole('ADMIN','PROVIDER', 'WAITER', 'USER', 'GUEST')', filter: 'null', filterTarget: 'null']]
2024-05-30 18:46:23.339 DEBUG 21304 --- [           main] .PrePostAnnotationSecurityMetadataSource : @org.springframework.security.access.prepost.PreAuthorize("hasRole(\'USER\')") found on specific method: public java.lang.String com.HelloWay.HelloWay.controllers.TestController.userAccess()
2024-05-30 18:46:23.340 DEBUG 21304 --- [           main] m.DelegatingMethodSecurityMetadataSource : Caching method [CacheKey[com.HelloWay.HelloWay.controllers.TestController; public java.lang.String com.HelloWay.HelloWay.controllers.TestController.userAccess()]] with attributes [[authorize: 'hasRole('USER')', filter: 'null', filterTarget: 'null']]
2024-05-30 18:46:23.341 DEBUG 21304 --- [           main] .PrePostAnnotationSecurityMetadataSource : @org.springframework.security.access.prepost.PreAuthorize("hasRole(\'ADMIN\')") found on specific method: public java.lang.String com.HelloWay.HelloWay.controllers.TestController.adminAccess()
2024-05-30 18:46:23.341 DEBUG 21304 --- [           main] m.DelegatingMethodSecurityMetadataSource : Caching method [CacheKey[com.HelloWay.HelloWay.controllers.TestController; public java.lang.String com.HelloWay.HelloWay.controllers.TestController.adminAccess()]] with attributes [[authorize: 'hasRole('ADMIN')', filter: 'null', filterTarget: 'null']]
2024-05-30 18:46:23.367 DEBUG 21304 --- [           main] .PrePostAnnotationSecurityMetadataSource : @org.springframework.security.access.prepost.PreAuthorize("hasAnyRole(\'ADMIN\')") found on specific method: public org.springframework.data.domain.Page com.HelloWay.HelloWay.controllers.UserController.getUsers(int,int)
2024-05-30 18:46:23.367 DEBUG 21304 --- [           main] m.DelegatingMethodSecurityMetadataSource : Caching method [CacheKey[com.HelloWay.HelloWay.controllers.UserController; public org.springframework.data.domain.Page com.HelloWay.HelloWay.controllers.UserController.getUsers(int,int)]] with attributes [[authorize: 'hasAnyRole('ADMIN')', filter: 'null', filterTarget: 'null']]
2024-05-30 18:46:23.369 DEBUG 21304 --- [           main] .PrePostAnnotationSecurityMetadataSource : @org.springframework.security.access.prepost.PreAuthorize("hasAnyRole(\'ADMIN\', \'PROVIDER\', \'USER\', \'WAITER\')") found on specific method: public org.springframework.http.ResponseEntity com.HelloWay.HelloWay.controllers.UserController.updateUser(com.HelloWay.HelloWay.entities.User)
2024-05-30 18:46:23.369 DEBUG 21304 --- [           main] m.DelegatingMethodSecurityMetadataSource : Caching method [CacheKey[com.HelloWay.HelloWay.controllers.UserController; public org.springframework.http.ResponseEntity com.HelloWay.HelloWay.controllers.UserController.updateUser(com.HelloWay.HelloWay.entities.User)]] with attributes [[authorize: 'hasAnyRole('ADMIN', 'PROVIDER', 'USER', 'WAITER')', filter: 'null', filterTarget: 'null']]
2024-05-30 18:46:23.370 DEBUG 21304 --- [           main] .PrePostAnnotationSecurityMetadataSource : @org.springframework.security.access.prepost.PreAuthorize("hasAnyRole(\'ADMIN\', \'PROVIDER\')") found on specific method: public void com.HelloWay.HelloWay.controllers.UserController.supp_user(long)
2024-05-30 18:46:23.370 DEBUG 21304 --- [           main] m.DelegatingMethodSecurityMetadataSource : Caching method [CacheKey[com.HelloWay.HelloWay.controllers.UserController; public void com.HelloWay.HelloWay.controllers.UserController.supp_user(long)]] with attributes [[authorize: 'hasAnyRole('ADMIN', 'PROVIDER')', filter: 'null', filterTarget: 'null']]
2024-05-30 18:46:23.371 DEBUG 21304 --- [           main] .PrePostAnnotationSecurityMetadataSource : @org.springframework.security.access.prepost.PreAuthorize("hasAnyRole(\'ADMIN\', \'PROVIDER\', \'USER\', \'WAITER\')") found on specific method: public com.HelloWay.HelloWay.entities.User com.HelloWay.HelloWay.controllers.UserController.user_id(long)
2024-05-30 18:46:23.371 DEBUG 21304 --- [           main] m.DelegatingMethodSecurityMetadataSource : Caching method [CacheKey[com.HelloWay.HelloWay.controllers.UserController; public com.HelloWay.HelloWay.entities.User com.HelloWay.HelloWay.controllers.UserController.user_id(long)]] with attributes [[authorize: 'hasAnyRole('ADMIN', 'PROVIDER', 'USER', 'WAITER')', filter: 'null', filterTarget: 'null']]
2024-05-30 18:46:23.372 DEBUG 21304 --- [           main] .PrePostAnnotationSecurityMetadataSource : @org.springframework.security.access.prepost.PreAuthorize("hasRole(\'ADMIN\')") found on specific method: public java.util.List com.HelloWay.HelloWay.controllers.UserController.all_users()
2024-05-30 18:46:23.373 DEBUG 21304 --- [           main] m.DelegatingMethodSecurityMetadataSource : Caching method [CacheKey[com.HelloWay.HelloWay.controllers.UserController; public java.util.List com.HelloWay.HelloWay.controllers.UserController.all_users()]] with attributes [[authorize: 'hasRole('ADMIN')', filter: 'null', filterTarget: 'null']]
2024-05-30 18:46:23.373 DEBUG 21304 --- [           main] .PrePostAnnotationSecurityMetadataSource : @org.springframework.security.access.prepost.PreAuthorize("hasRole(\'ADMIN\')") found on specific method: public org.springframework.http.ResponseEntity com.HelloWay.HelloWay.controllers.UserController.getAllModerators()
2024-05-30 18:46:23.374 DEBUG 21304 --- [           main] m.DelegatingMethodSecurityMetadataSource : Caching method [CacheKey[com.HelloWay.HelloWay.controllers.UserController; public org.springframework.http.ResponseEntity com.HelloWay.HelloWay.controllers.UserController.getAllModerators()]] with attributes [[authorize: 'hasRole('ADMIN')', filter: 'null', filterTarget: 'null']]
2024-05-30 18:46:23.375 DEBUG 21304 --- [           main] .PrePostAnnotationSecurityMetadataSource : @org.springframework.security.access.prepost.PreAuthorize("hasAnyRole(\'ADMIN\')") found on specific method: public com.HelloWay.HelloWay.entities.User com.HelloWay.HelloWay.controllers.UserController.add_New_User(com.HelloWay.HelloWay.entities.User)
2024-05-30 18:46:23.375 DEBUG 21304 --- [           main] m.DelegatingMethodSecurityMetadataSource : Caching method [CacheKey[com.HelloWay.HelloWay.controllers.UserController; public com.HelloWay.HelloWay.entities.User com.HelloWay.HelloWay.controllers.UserController.add_New_User(com.HelloWay.HelloWay.entities.User)]] with attributes [[authorize: 'hasAnyRole('ADMIN')', filter: 'null', filterTarget: 'null']]
2024-05-30 18:46:23.522  WARN 21304 --- [           main] o.s.w.c.s.GenericWebApplicationContext   : Exception encountered during context initialization - cancelling refresh attempt: org.springframework.beans.factory.UnsatisfiedDependencyException: Error creating bean with name 'wifiController': Unsatisfied dependency expressed through field 'wifiService'; nested exception is org.springframework.beans.factory.UnsatisfiedDependencyException: Error creating bean with name 'wifiService': Unsatisfied dependency expressed through field 'wifiRepository'; nested exception is org.springframework.beans.factory.BeanCreationException: Error creating bean with name 'wifiRepository' defined in com.HelloWay.HelloWay.repos.WifiRepository defined in @EnableJpaRepositories declared on JpaRepositoriesRegistrar.EnableJpaRepositoriesConfiguration: Invocation of init method failed; nested exception is org.springframework.data.repository.query.QueryCreationException: Could not create query for public abstract java.util.List com.HelloWay.HelloWay.repos.WifiRepository.findBySpace_Id_space(java.lang.Long); Reason: Failed to create query for method public abstract java.util.List com.HelloWay.HelloWay.repos.WifiRepository.findBySpace_Id_space(java.lang.Long)! No property 'id' found for type 'Space' Traversed path: Wifi.space.; nested exception is java.lang.IllegalArgumentException: Failed to create query for method public abstract java.util.List com.HelloWay.HelloWay.repos.WifiRepository.findBySpace_Id_space(java.lang.Long)! No property 'id' found for type 'Space' Traversed path: Wifi.space.
2024-05-30 18:46:23.558  INFO 21304 --- [           main] j.LocalContainerEntityManagerFactoryBean : Closing JPA EntityManagerFactory for persistence unit 'default'
2024-05-30 18:46:23.564  INFO 21304 --- [           main] com.zaxxer.hikari.HikariDataSource       : HikariPool-1 - Shutdown initiated...
2024-05-30 18:46:23.595  INFO 21304 --- [           main] com.zaxxer.hikari.HikariDataSource       : HikariPool-1 - Shutdown completed.
2024-05-30 18:46:23.774  INFO 21304 --- [           main] ConditionEvaluationReportLoggingListener : 

Error starting ApplicationContext. To display the conditions report re-run your application with 'debug' enabled.
2024-05-30 18:46:23.922 ERROR 21304 --- [           main] o.s.boot.SpringApplication               : Application run failed

org.springframework.beans.factory.UnsatisfiedDependencyException: Error creating bean with name 'wifiController': Unsatisfied dependency expressed through field 'wifiService'; nested exception is org.springframework.beans.factory.UnsatisfiedDependencyException: Error creating bean with name 'wifiService': Unsatisfied dependency expressed through field 'wifiRepository'; nested exception is org.springframework.beans.factory.BeanCreationException: Error creating bean with name 'wifiRepository' defined in com.HelloWay.HelloWay.repos.WifiRepository defined in @EnableJpaRepositories declared on JpaRepositoriesRegistrar.EnableJpaRepositoriesConfiguration: Invocation of init method failed; nested exception is org.springframework.data.repository.query.QueryCreationException: Could not create query for public abstract java.util.List com.HelloWay.HelloWay.repos.WifiRepository.findBySpace_Id_space(java.lang.Long); Reason: Failed to create query for method public abstract java.util.List com.HelloWay.HelloWay.repos.WifiRepository.findBySpace_Id_space(java.lang.Long)! No property 'id' found for type 'Space' Traversed path: Wifi.space.; nested exception is java.lang.IllegalArgumentException: Failed to create query for method public abstract java.util.List com.HelloWay.HelloWay.repos.WifiRepository.findBySpace_Id_space(java.lang.Long)! No property 'id' found for type 'Space' Traversed path: Wifi.space.
	at org.springframework.beans.factory.annotation.AutowiredAnnotationBeanPostProcessor$AutowiredFieldElement.resolveFieldValue(AutowiredAnnotationBeanPostProcessor.java:659) ~[spring-beans-5.3.22.jar:5.3.22]
	at org.springframework.beans.factory.annotation.AutowiredAnnotationBeanPostProcessor$AutowiredFieldElement.inject(AutowiredAnnotationBeanPostProcessor.java:639) ~[spring-beans-5.3.22.jar:5.3.22]
	at org.springframework.beans.factory.annotation.InjectionMetadata.inject(InjectionMetadata.java:119) ~[spring-beans-5.3.22.jar:5.3.22]
	at org.springframework.beans.factory.annotation.AutowiredAnnotationBeanPostProcessor.postProcessProperties(AutowiredAnnotationBeanPostProcessor.java:399) ~[spring-beans-5.3.22.jar:5.3.22]
	at org.springframework.beans.factory.support.AbstractAutowireCapableBeanFactory.populateBean(AbstractAutowireCapableBeanFactory.java:1431) ~[spring-beans-5.3.22.jar:5.3.22]
	at org.springframework.beans.factory.support.AbstractAutowireCapableBeanFactory.doCreateBean(AbstractAutowireCapableBeanFactory.java:619) ~[spring-beans-5.3.22.jar:5.3.22]
	at org.springframework.beans.factory.support.AbstractAutowireCapableBeanFactory.createBean(AbstractAutowireCapableBeanFactory.java:542) ~[spring-beans-5.3.22.jar:5.3.22]
	at org.springframework.beans.factory.support.AbstractBeanFactory.lambda$doGetBean$0(AbstractBeanFactory.java:335) ~[spring-beans-5.3.22.jar:5.3.22]
	at org.springframework.beans.factory.support.DefaultSingletonBeanRegistry.getSingleton(DefaultSingletonBeanRegistry.java:234) ~[spring-beans-5.3.22.jar:5.3.22]
	at org.springframework.beans.factory.support.AbstractBeanFactory.doGetBean(AbstractBeanFactory.java:333) ~[spring-beans-5.3.22.jar:5.3.22]
	at org.springframework.beans.factory.support.AbstractBeanFactory.getBean(AbstractBeanFactory.java:208) ~[spring-beans-5.3.22.jar:5.3.22]
	at org.springframework.beans.factory.support.DefaultListableBeanFactory.preInstantiateSingletons(DefaultListableBeanFactory.java:955) ~[spring-beans-5.3.22.jar:5.3.22]
	at org.springframework.context.support.AbstractApplicationContext.finishBeanFactoryInitialization(AbstractApplicationContext.java:918) ~[spring-context-5.3.22.jar:5.3.22]
	at org.springframework.context.support.AbstractApplicationContext.refresh(AbstractApplicationContext.java:583) ~[spring-context-5.3.22.jar:5.3.22]
	at org.springframework.boot.SpringApplication.refresh(SpringApplication.java:734) ~[spring-boot-2.7.3.jar:2.7.3]
	at org.springframework.boot.SpringApplication.refreshContext(SpringApplication.java:408) ~[spring-boot-2.7.3.jar:2.7.3]
	at org.springframework.boot.SpringApplication.run(SpringApplication.java:308) ~[spring-boot-2.7.3.jar:2.7.3]
	at org.springframework.boot.test.context.SpringBootContextLoader.loadContext(SpringBootContextLoader.java:132) ~[spring-boot-test-2.7.3.jar:2.7.3]
	at org.springframework.test.context.cache.DefaultCacheAwareContextLoaderDelegate.loadContextInternal(DefaultCacheAwareContextLoaderDelegate.java:99) ~[spring-test-5.3.22.jar:5.3.22]
	at org.springframework.test.context.cache.DefaultCacheAwareContextLoaderDelegate.loadContext(DefaultCacheAwareContextLoaderDelegate.java:124) ~[spring-test-5.3.22.jar:5.3.22]
	at org.springframework.test.context.support.DefaultTestContext.getApplicationContext(DefaultTestContext.java:124) ~[spring-test-5.3.22.jar:5.3.22]
	at org.springframework.test.context.web.ServletTestExecutionListener.setUpRequestContextIfNecessary(ServletTestExecutionListener.java:190) ~[spring-test-5.3.22.jar:5.3.22]
	at org.springframework.test.context.web.ServletTestExecutionListener.prepareTestInstance(ServletTestExecutionListener.java:132) ~[spring-test-5.3.22.jar:5.3.22]
	at org.springframework.test.context.TestContextManager.prepareTestInstance(TestContextManager.java:248) ~[spring-test-5.3.22.jar:5.3.22]
	at org.springframework.test.context.junit.jupiter.SpringExtension.postProcessTestInstance(SpringExtension.java:138) ~[spring-test-5.3.22.jar:5.3.22]
	at org.junit.jupiter.engine.descriptor.ClassBasedTestDescriptor.lambda$invokeTestInstancePostProcessors$8(ClassBasedTestDescriptor.java:363) ~[junit-jupiter-engine-5.8.2.jar:5.8.2]
	at org.junit.jupiter.engine.descriptor.ClassBasedTestDescriptor.executeAndMaskThrowable(ClassBasedTestDescriptor.java:368) ~[junit-jupiter-engine-5.8.2.jar:5.8.2]
	at org.junit.jupiter.engine.descriptor.ClassBasedTestDescriptor.lambda$invokeTestInstancePostProcessors$9(ClassBasedTestDescriptor.java:363) ~[junit-jupiter-engine-5.8.2.jar:5.8.2]
	at java.base/java.util.stream.ReferencePipeline$3$1.accept(ReferencePipeline.java:197) ~[na:na]
	at java.base/java.util.stream.ReferencePipeline$2$1.accept(ReferencePipeline.java:179) ~[na:na]
	at java.base/java.util.ArrayList$ArrayListSpliterator.forEachRemaining(ArrayList.java:1625) ~[na:na]
	at java.base/java.util.stream.AbstractPipeline.copyInto(AbstractPipeline.java:509) ~[na:na]
	at java.base/java.util.stream.AbstractPipeline.wrapAndCopyInto(AbstractPipeline.java:499) ~[na:na]
	at java.base/java.util.stream.StreamSpliterators$WrappingSpliterator.forEachRemaining(StreamSpliterators.java:310) ~[na:na]
	at java.base/java.util.stream.Streams$ConcatSpliterator.forEachRemaining(Streams.java:735) ~[na:na]
	at java.base/java.util.stream.Streams$ConcatSpliterator.forEachRemaining(Streams.java:734) ~[na:na]
	at java.base/java.util.stream.ReferencePipeline$Head.forEach(ReferencePipeline.java:762) ~[na:na]
	at org.junit.jupiter.engine.descriptor.ClassBasedTestDescriptor.invokeTestInstancePostProcessors(ClassBasedTestDescriptor.java:362) ~[junit-jupiter-engine-5.8.2.jar:5.8.2]
	at org.junit.jupiter.engine.descriptor.ClassBasedTestDescriptor.lambda$instantiateAndPostProcessTestInstance$6(ClassBasedTestDescriptor.java:283) ~[junit-jupiter-engine-5.8.2.jar:5.8.2]
	at org.junit.platform.engine.support.hierarchical.ThrowableCollector.execute(ThrowableCollector.java:73) ~[junit-platform-engine-1.8.2.jar:1.8.2]
	at org.junit.jupiter.engine.descriptor.ClassBasedTestDescriptor.instantiateAndPostProcessTestInstance(ClassBasedTestDescriptor.java:282) ~[junit-jupiter-engine-5.8.2.jar:5.8.2]
	at org.junit.jupiter.engine.descriptor.ClassBasedTestDescriptor.lambda$testInstancesProvider$4(ClassBasedTestDescriptor.java:272) ~[junit-jupiter-engine-5.8.2.jar:5.8.2]
	at java.base/java.util.Optional.orElseGet(Optional.java:364) ~[na:na]
	at org.junit.jupiter.engine.descriptor.ClassBasedTestDescriptor.lambda$testInstancesProvider$5(ClassBasedTestDescriptor.java:271) ~[junit-jupiter-engine-5.8.2.jar:5.8.2]
	at org.junit.jupiter.engine.execution.TestInstancesProvider.getTestInstances(TestInstancesProvider.java:31) ~[junit-jupiter-engine-5.8.2.jar:5.8.2]
	at org.junit.jupiter.engine.descriptor.TestMethodTestDescriptor.lambda$prepare$0(TestMethodTestDescriptor.java:102) ~[junit-jupiter-engine-5.8.2.jar:5.8.2]
	at org.junit.platform.engine.support.hierarchical.ThrowableCollector.execute(ThrowableCollector.java:73) ~[junit-platform-engine-1.8.2.jar:1.8.2]
	at org.junit.jupiter.engine.descriptor.TestMethodTestDescriptor.prepare(TestMethodTestDescriptor.java:101) ~[junit-jupiter-engine-5.8.2.jar:5.8.2]
	at org.junit.jupiter.engine.descriptor.TestMethodTestDescriptor.prepare(TestMethodTestDescriptor.java:66) ~[junit-jupiter-engine-5.8.2.jar:5.8.2]
	at org.junit.platform.engine.support.hierarchical.NodeTestTask.lambda$prepare$2(NodeTestTask.java:123) ~[junit-platform-engine-1.8.2.jar:1.8.2]
	at org.junit.platform.engine.support.hierarchical.ThrowableCollector.execute(ThrowableCollector.java:73) ~[junit-platform-engine-1.8.2.jar:1.8.2]
	at org.junit.platform.engine.support.hierarchical.NodeTestTask.prepare(NodeTestTask.java:123) ~[junit-platform-engine-1.8.2.jar:1.8.2]
	at org.junit.platform.engine.support.hierarchical.NodeTestTask.execute(NodeTestTask.java:90) ~[junit-platform-engine-1.8.2.jar:1.8.2]
	at java.base/java.util.ArrayList.forEach(ArrayList.java:1511) ~[na:na]
	at org.junit.platform.engine.support.hierarchical.SameThreadHierarchicalTestExecutorService.invokeAll(SameThreadHierarchicalTestExecutorService.java:41) ~[junit-platform-engine-1.8.2.jar:1.8.2]
	at org.junit.platform.engine.support.hierarchical.NodeTestTask.lambda$executeRecursively$6(NodeTestTask.java:155) ~[junit-platform-engine-1.8.2.jar:1.8.2]
	at org.junit.platform.engine.support.hierarchical.ThrowableCollector.execute(ThrowableCollector.java:73) ~[junit-platform-engine-1.8.2.jar:1.8.2]
	at org.junit.platform.engine.support.hierarchical.NodeTestTask.lambda$executeRecursively$8(NodeTestTask.java:141) ~[junit-platform-engine-1.8.2.jar:1.8.2]
	at org.junit.platform.engine.support.hierarchical.Node.around(Node.java:137) ~[junit-platform-engine-1.8.2.jar:1.8.2]
	at org.junit.platform.engine.support.hierarchical.NodeTestTask.lambda$executeRecursively$9(NodeTestTask.java:139) ~[junit-platform-engine-1.8.2.jar:1.8.2]
	at org.junit.platform.engine.support.hierarchical.ThrowableCollector.execute(ThrowableCollector.java:73) ~[junit-platform-engine-1.8.2.jar:1.8.2]
	at org.junit.platform.engine.support.hierarchical.NodeTestTask.executeRecursively(NodeTestTask.java:138) ~[junit-platform-engine-1.8.2.jar:1.8.2]
	at org.junit.platform.engine.support.hierarchical.NodeTestTask.execute(NodeTestTask.java:95) ~[junit-platform-engine-1.8.2.jar:1.8.2]
	at java.base/java.util.ArrayList.forEach(ArrayList.java:1511) ~[na:na]
	at org.junit.platform.engine.support.hierarchical.SameThreadHierarchicalTestExecutorService.invokeAll(SameThreadHierarchicalTestExecutorService.java:41) ~[junit-platform-engine-1.8.2.jar:1.8.2]
	at org.junit.platform.engine.support.hierarchical.NodeTestTask.lambda$executeRecursively$6(NodeTestTask.java:155) ~[junit-platform-engine-1.8.2.jar:1.8.2]
	at org.junit.platform.engine.support.hierarchical.ThrowableCollector.execute(ThrowableCollector.java:73) ~[junit-platform-engine-1.8.2.jar:1.8.2]
	at org.junit.platform.engine.support.hierarchical.NodeTestTask.lambda$executeRecursively$8(NodeTestTask.java:141) ~[junit-platform-engine-1.8.2.jar:1.8.2]
	at org.junit.platform.engine.support.hierarchical.Node.around(Node.java:137) ~[junit-platform-engine-1.8.2.jar:1.8.2]
	at org.junit.platform.engine.support.hierarchical.NodeTestTask.lambda$executeRecursively$9(NodeTestTask.java:139) ~[junit-platform-engine-1.8.2.jar:1.8.2]
	at org.junit.platform.engine.support.hierarchical.ThrowableCollector.execute(ThrowableCollector.java:73) ~[junit-platform-engine-1.8.2.jar:1.8.2]
	at org.junit.platform.engine.support.hierarchical.NodeTestTask.executeRecursively(NodeTestTask.java:138) ~[junit-platform-engine-1.8.2.jar:1.8.2]
	at org.junit.platform.engine.support.hierarchical.NodeTestTask.execute(NodeTestTask.java:95) ~[junit-platform-engine-1.8.2.jar:1.8.2]
	at org.junit.platform.engine.support.hierarchical.SameThreadHierarchicalTestExecutorService.submit(SameThreadHierarchicalTestExecutorService.java:35) ~[junit-platform-engine-1.8.2.jar:1.8.2]
	at org.junit.platform.engine.support.hierarchical.HierarchicalTestExecutor.execute(HierarchicalTestExecutor.java:57) ~[junit-platform-engine-1.8.2.jar:1.8.2]
	at org.junit.platform.engine.support.hierarchical.HierarchicalTestEngine.execute(HierarchicalTestEngine.java:54) ~[junit-platform-engine-1.8.2.jar:1.8.2]
	at org.junit.platform.launcher.core.DefaultLauncher.execute(DefaultLauncher.java:220) ~[junit-platform-launcher-1.3.1.jar:1.3.1]
	at org.junit.platform.launcher.core.DefaultLauncher.lambda$execute$6(DefaultLauncher.java:188) ~[junit-platform-launcher-1.3.1.jar:1.3.1]
	at org.junit.platform.launcher.core.DefaultLauncher.withInterceptedStreams(DefaultLauncher.java:202) ~[junit-platform-launcher-1.3.1.jar:1.3.1]
	at org.junit.platform.launcher.core.DefaultLauncher.execute(DefaultLauncher.java:181) ~[junit-platform-launcher-1.3.1.jar:1.3.1]
	at org.junit.platform.launcher.core.DefaultLauncher.execute(DefaultLauncher.java:128) ~[junit-platform-launcher-1.3.1.jar:1.3.1]
	at org.apache.maven.surefire.junitplatform.JUnitPlatformProvider.invokeAllTests(JUnitPlatformProvider.java:150) ~[surefire-junit-platform-2.22.2.jar:2.22.2]
	at org.apache.maven.surefire.junitplatform.JUnitPlatformProvider.invoke(JUnitPlatformProvider.java:124) ~[surefire-junit-platform-2.22.2.jar:2.22.2]
	at org.apache.maven.surefire.booter.ForkedBooter.invokeProviderInSameClassLoader(ForkedBooter.java:384) ~[surefire-booter-2.22.2.jar:2.22.2]
	at org.apache.maven.surefire.booter.ForkedBooter.runSuitesInProcess(ForkedBooter.java:345) ~[surefire-booter-2.22.2.jar:2.22.2]
	at org.apache.maven.surefire.booter.ForkedBooter.execute(ForkedBooter.java:126) ~[surefire-booter-2.22.2.jar:2.22.2]
	at org.apache.maven.surefire.booter.ForkedBooter.main(ForkedBooter.java:418) ~[surefire-booter-2.22.2.jar:2.22.2]
Caused by: org.springframework.beans.factory.UnsatisfiedDependencyException: Error creating bean with name 'wifiService': Unsatisfied dependency expressed through field 'wifiRepository'; nested exception is org.springframework.beans.factory.BeanCreationException: Error creating bean with name 'wifiRepository' defined in com.HelloWay.HelloWay.repos.WifiRepository defined in @EnableJpaRepositories declared on JpaRepositoriesRegistrar.EnableJpaRepositoriesConfiguration: Invocation of init method failed; nested exception is org.springframework.data.repository.query.QueryCreationException: Could not create query for public abstract java.util.List com.HelloWay.HelloWay.repos.WifiRepository.findBySpace_Id_space(java.lang.Long); Reason: Failed to create query for method public abstract java.util.List com.HelloWay.HelloWay.repos.WifiRepository.findBySpace_Id_space(java.lang.Long)! No property 'id' found for type 'Space' Traversed path: Wifi.space.; nested exception is java.lang.IllegalArgumentException: Failed to create query for method public abstract java.util.List com.HelloWay.HelloWay.repos.WifiRepository.findBySpace_Id_space(java.lang.Long)! No property 'id' found for type 'Space' Traversed path: Wifi.space.
	at org.springframework.beans.factory.annotation.AutowiredAnnotationBeanPostProcessor$AutowiredFieldElement.resolveFieldValue(AutowiredAnnotationBeanPostProcessor.java:659) ~[spring-beans-5.3.22.jar:5.3.22]
	at org.springframework.beans.factory.annotation.AutowiredAnnotationBeanPostProcessor$AutowiredFieldElement.inject(AutowiredAnnotationBeanPostProcessor.java:639) ~[spring-beans-5.3.22.jar:5.3.22]
	at org.springframework.beans.factory.annotation.InjectionMetadata.inject(InjectionMetadata.java:119) ~[spring-beans-5.3.22.jar:5.3.22]
	at org.springframework.beans.factory.annotation.AutowiredAnnotationBeanPostProcessor.postProcessProperties(AutowiredAnnotationBeanPostProcessor.java:399) ~[spring-beans-5.3.22.jar:5.3.22]
	at org.springframework.beans.factory.support.AbstractAutowireCapableBeanFactory.populateBean(AbstractAutowireCapableBeanFactory.java:1431) ~[spring-beans-5.3.22.jar:5.3.22]
	at org.springframework.beans.factory.support.AbstractAutowireCapableBeanFactory.doCreateBean(AbstractAutowireCapableBeanFactory.java:619) ~[spring-beans-5.3.22.jar:5.3.22]
	at org.springframework.beans.factory.support.AbstractAutowireCapableBeanFactory.createBean(AbstractAutowireCapableBeanFactory.java:542) ~[spring-beans-5.3.22.jar:5.3.22]
	at org.springframework.beans.factory.support.AbstractBeanFactory.lambda$doGetBean$0(AbstractBeanFactory.java:335) ~[spring-beans-5.3.22.jar:5.3.22]
	at org.springframework.beans.factory.support.DefaultSingletonBeanRegistry.getSingleton(DefaultSingletonBeanRegistry.java:234) ~[spring-beans-5.3.22.jar:5.3.22]
	at org.springframework.beans.factory.support.AbstractBeanFactory.doGetBean(AbstractBeanFactory.java:333) ~[spring-beans-5.3.22.jar:5.3.22]
	at org.springframework.beans.factory.support.AbstractBeanFactory.getBean(AbstractBeanFactory.java:208) ~[spring-beans-5.3.22.jar:5.3.22]
	at org.springframework.beans.factory.config.DependencyDescriptor.resolveCandidate(DependencyDescriptor.java:276) ~[spring-beans-5.3.22.jar:5.3.22]
	at org.springframework.beans.factory.support.DefaultListableBeanFactory.doResolveDependency(DefaultListableBeanFactory.java:1391) ~[spring-beans-5.3.22.jar:5.3.22]
	at org.springframework.beans.factory.support.DefaultListableBeanFactory.resolveDependency(DefaultListableBeanFactory.java:1311) ~[spring-beans-5.3.22.jar:5.3.22]
	at org.springframework.beans.factory.annotation.AutowiredAnnotationBeanPostProcessor$AutowiredFieldElement.resolveFieldValue(AutowiredAnnotationBeanPostProcessor.java:656) ~[spring-beans-5.3.22.jar:5.3.22]
	... 86 common frames omitted
Caused by: org.springframework.beans.factory.BeanCreationException: Error creating bean with name 'wifiRepository' defined in com.HelloWay.HelloWay.repos.WifiRepository defined in @EnableJpaRepositories declared on JpaRepositoriesRegistrar.EnableJpaRepositoriesConfiguration: Invocation of init method failed; nested exception is org.springframework.data.repository.query.QueryCreationException: Could not create query for public abstract java.util.List com.HelloWay.HelloWay.repos.WifiRepository.findBySpace_Id_space(java.lang.Long); Reason: Failed to create query for method public abstract java.util.List com.HelloWay.HelloWay.repos.WifiRepository.findBySpace_Id_space(java.lang.Long)! No property 'id' found for type 'Space' Traversed path: Wifi.space.; nested exception is java.lang.IllegalArgumentException: Failed to create query for method public abstract java.util.List com.HelloWay.HelloWay.repos.WifiRepository.findBySpace_Id_space(java.lang.Long)! No property 'id' found for type 'Space' Traversed path: Wifi.space.
	at org.springframework.beans.factory.support.AbstractAutowireCapableBeanFactory.initializeBean(AbstractAutowireCapableBeanFactory.java:1804) ~[spring-beans-5.3.22.jar:5.3.22]
	at org.springframework.beans.factory.support.AbstractAutowireCapableBeanFactory.doCreateBean(AbstractAutowireCapableBeanFactory.java:620) ~[spring-beans-5.3.22.jar:5.3.22]
	at org.springframework.beans.factory.support.AbstractAutowireCapableBeanFactory.createBean(AbstractAutowireCapableBeanFactory.java:542) ~[spring-beans-5.3.22.jar:5.3.22]
	at org.springframework.beans.factory.support.AbstractBeanFactory.lambda$doGetBean$0(AbstractBeanFactory.java:335) ~[spring-beans-5.3.22.jar:5.3.22]
	at org.springframework.beans.factory.support.DefaultSingletonBeanRegistry.getSingleton(DefaultSingletonBeanRegistry.java:234) ~[spring-beans-5.3.22.jar:5.3.22]
	at org.springframework.beans.factory.support.AbstractBeanFactory.doGetBean(AbstractBeanFactory.java:333) ~[spring-beans-5.3.22.jar:5.3.22]
	at org.springframework.beans.factory.support.AbstractBeanFactory.getBean(AbstractBeanFactory.java:208) ~[spring-beans-5.3.22.jar:5.3.22]
	at org.springframework.beans.factory.config.DependencyDescriptor.resolveCandidate(DependencyDescriptor.java:276) ~[spring-beans-5.3.22.jar:5.3.22]
	at org.springframework.beans.factory.support.DefaultListableBeanFactory.doResolveDependency(DefaultListableBeanFactory.java:1391) ~[spring-beans-5.3.22.jar:5.3.22]
	at org.springframework.beans.factory.support.DefaultListableBeanFactory.resolveDependency(DefaultListableBeanFactory.java:1311) ~[spring-beans-5.3.22.jar:5.3.22]
	at org.springframework.beans.factory.annotation.AutowiredAnnotationBeanPostProcessor$AutowiredFieldElement.resolveFieldValue(AutowiredAnnotationBeanPostProcessor.java:656) ~[spring-beans-5.3.22.jar:5.3.22]
	... 100 common frames omitted
Caused by: org.springframework.data.repository.query.QueryCreationException: Could not create query for public abstract java.util.List com.HelloWay.HelloWay.repos.WifiRepository.findBySpace_Id_space(java.lang.Long); Reason: Failed to create query for method public abstract java.util.List com.HelloWay.HelloWay.repos.WifiRepository.findBySpace_Id_space(java.lang.Long)! No property 'id' found for type 'Space' Traversed path: Wifi.space.; nested exception is java.lang.IllegalArgumentException: Failed to create query for method public abstract java.util.List com.HelloWay.HelloWay.repos.WifiRepository.findBySpace_Id_space(java.lang.Long)! No property 'id' found for type 'Space' Traversed path: Wifi.space.
	at org.springframework.data.repository.query.QueryCreationException.create(QueryCreationException.java:101) ~[spring-data-commons-2.7.2.jar:2.7.2]
	at org.springframework.data.repository.core.support.QueryExecutorMethodInterceptor.lookupQuery(QueryExecutorMethodInterceptor.java:107) ~[spring-data-commons-2.7.2.jar:2.7.2]
	at org.springframework.data.repository.core.support.QueryExecutorMethodInterceptor.lambda$mapMethodsToQuery$1(QueryExecutorMethodInterceptor.java:95) ~[spring-data-commons-2.7.2.jar:2.7.2]
	at java.base/java.util.stream.ReferencePipeline$3$1.accept(ReferencePipeline.java:197) ~[na:na]
	at java.base/java.util.Iterator.forEachRemaining(Iterator.java:133) ~[na:na]
	at java.base/java.util.Collections$UnmodifiableCollection$1.forEachRemaining(Collections.java:1061) ~[na:na]
	at java.base/java.util.Spliterators$IteratorSpliterator.forEachRemaining(Spliterators.java:1845) ~[na:na]
	at java.base/java.util.stream.AbstractPipeline.copyInto(AbstractPipeline.java:509) ~[na:na]
	at java.base/java.util.stream.AbstractPipeline.wrapAndCopyInto(AbstractPipeline.java:499) ~[na:na]
	at java.base/java.util.stream.ReduceOps$ReduceOp.evaluateSequential(ReduceOps.java:921) ~[na:na]
	at java.base/java.util.stream.AbstractPipeline.evaluate(AbstractPipeline.java:234) ~[na:na]
	at java.base/java.util.stream.ReferencePipeline.collect(ReferencePipeline.java:682) ~[na:na]
	at org.springframework.data.repository.core.support.QueryExecutorMethodInterceptor.mapMethodsToQuery(QueryExecutorMethodInterceptor.java:97) ~[spring-data-commons-2.7.2.jar:2.7.2]
	at org.springframework.data.repository.core.support.QueryExecutorMethodInterceptor.lambda$new$0(QueryExecutorMethodInterceptor.java:87) ~[spring-data-commons-2.7.2.jar:2.7.2]
	at java.base/java.util.Optional.map(Optional.java:260) ~[na:na]
	at org.springframework.data.repository.core.support.QueryExecutorMethodInterceptor.<init>(QueryExecutorMethodInterceptor.java:87) ~[spring-data-commons-2.7.2.jar:2.7.2]
	at org.springframework.data.repository.core.support.RepositoryFactorySupport.getRepository(RepositoryFactorySupport.java:365) ~[spring-data-commons-2.7.2.jar:2.7.2]
	at org.springframework.data.repository.core.support.RepositoryFactoryBeanSupport.lambda$afterPropertiesSet$5(RepositoryFactoryBeanSupport.java:323) ~[spring-data-commons-2.7.2.jar:2.7.2]
	at org.springframework.data.util.Lazy.getNullable(Lazy.java:231) ~[spring-data-commons-2.7.2.jar:2.7.2]
	at org.springframework.data.util.Lazy.get(Lazy.java:115) ~[spring-data-commons-2.7.2.jar:2.7.2]
	at org.springframework.data.repository.core.support.RepositoryFactoryBeanSupport.afterPropertiesSet(RepositoryFactoryBeanSupport.java:329) ~[spring-data-commons-2.7.2.jar:2.7.2]
	at org.springframework.data.jpa.repository.support.JpaRepositoryFactoryBean.afterPropertiesSet(JpaRepositoryFactoryBean.java:144) ~[spring-data-jpa-2.7.2.jar:2.7.2]
	at org.springframework.beans.factory.support.AbstractAutowireCapableBeanFactory.invokeInitMethods(AbstractAutowireCapableBeanFactory.java:1863) ~[spring-beans-5.3.22.jar:5.3.22]
	at org.springframework.beans.factory.support.AbstractAutowireCapableBeanFactory.initializeBean(AbstractAutowireCapableBeanFactory.java:1800) ~[spring-beans-5.3.22.jar:5.3.22]
	... 110 common frames omitted
Caused by: java.lang.IllegalArgumentException: Failed to create query for method public abstract java.util.List com.HelloWay.HelloWay.repos.WifiRepository.findBySpace_Id_space(java.lang.Long)! No property 'id' found for type 'Space' Traversed path: Wifi.space.
	at org.springframework.data.jpa.repository.query.PartTreeJpaQuery.<init>(PartTreeJpaQuery.java:96) ~[spring-data-jpa-2.7.2.jar:2.7.2]
	at org.springframework.data.jpa.repository.query.JpaQueryLookupStrategy$CreateQueryLookupStrategy.resolveQuery(JpaQueryLookupStrategy.java:119) ~[spring-data-jpa-2.7.2.jar:2.7.2]
	at org.springframework.data.jpa.repository.query.JpaQueryLookupStrategy$CreateIfNotFoundQueryLookupStrategy.resolveQuery(JpaQueryLookupStrategy.java:259) ~[spring-data-jpa-2.7.2.jar:2.7.2]
	at org.springframework.data.jpa.repository.query.JpaQueryLookupStrategy$AbstractQueryLookupStrategy.resolveQuery(JpaQueryLookupStrategy.java:93) ~[spring-data-jpa-2.7.2.jar:2.7.2]
	at org.springframework.data.repository.core.support.QueryExecutorMethodInterceptor.lookupQuery(QueryExecutorMethodInterceptor.java:103) ~[spring-data-commons-2.7.2.jar:2.7.2]
	... 132 common frames omitted
Caused by: org.springframework.data.mapping.PropertyReferenceException: No property 'id' found for type 'Space' Traversed path: Wifi.space.
	at org.springframework.data.mapping.PropertyPath.<init>(PropertyPath.java:91) ~[spring-data-commons-2.7.2.jar:2.7.2]
	at org.springframework.data.mapping.PropertyPath.create(PropertyPath.java:438) ~[spring-data-commons-2.7.2.jar:2.7.2]
	at org.springframework.data.mapping.PropertyPath.create(PropertyPath.java:414) ~[spring-data-commons-2.7.2.jar:2.7.2]
	at org.springframework.data.mapping.PropertyPath.create(PropertyPath.java:398) ~[spring-data-commons-2.7.2.jar:2.7.2]
	at org.springframework.data.mapping.PropertyPath.lambda$from$0(PropertyPath.java:370) ~[spring-data-commons-2.7.2.jar:2.7.2]
	at java.base/java.util.concurrent.ConcurrentMap.computeIfAbsent(ConcurrentMap.java:330) ~[na:na]
	at org.springframework.data.mapping.PropertyPath.from(PropertyPath.java:349) ~[spring-data-commons-2.7.2.jar:2.7.2]
	at org.springframework.data.mapping.PropertyPath.from(PropertyPath.java:332) ~[spring-data-commons-2.7.2.jar:2.7.2]
	at org.springframework.data.repository.query.parser.Part.<init>(Part.java:81) ~[spring-data-commons-2.7.2.jar:2.7.2]
	at org.springframework.data.repository.query.parser.PartTree$OrPart.lambda$new$0(PartTree.java:250) ~[spring-data-commons-2.7.2.jar:2.7.2]
	at java.base/java.util.stream.ReferencePipeline$3$1.accept(ReferencePipeline.java:197) ~[na:na]
	at java.base/java.util.stream.ReferencePipeline$2$1.accept(ReferencePipeline.java:179) ~[na:na]
	at java.base/java.util.Spliterators$ArraySpliterator.forEachRemaining(Spliterators.java:992) ~[na:na]
	at java.base/java.util.stream.AbstractPipeline.copyInto(AbstractPipeline.java:509) ~[na:na]
	at java.base/java.util.stream.AbstractPipeline.wrapAndCopyInto(AbstractPipeline.java:499) ~[na:na]
	at java.base/java.util.stream.ReduceOps$ReduceOp.evaluateSequential(ReduceOps.java:921) ~[na:na]
	at java.base/java.util.stream.AbstractPipeline.evaluate(AbstractPipeline.java:234) ~[na:na]
	at java.base/java.util.stream.ReferencePipeline.collect(ReferencePipeline.java:682) ~[na:na]
	at org.springframework.data.repository.query.parser.PartTree$OrPart.<init>(PartTree.java:251) ~[spring-data-commons-2.7.2.jar:2.7.2]
	at org.springframework.data.repository.query.parser.PartTree$Predicate.lambda$new$0(PartTree.java:384) ~[spring-data-commons-2.7.2.jar:2.7.2]
	at java.base/java.util.stream.ReferencePipeline$3$1.accept(ReferencePipeline.java:197) ~[na:na]
	at java.base/java.util.stream.ReferencePipeline$2$1.accept(ReferencePipeline.java:179) ~[na:na]
	at java.base/java.util.Spliterators$ArraySpliterator.forEachRemaining(Spliterators.java:992) ~[na:na]
	at java.base/java.util.stream.AbstractPipeline.copyInto(AbstractPipeline.java:509) ~[na:na]
	at java.base/java.util.stream.AbstractPipeline.wrapAndCopyInto(AbstractPipeline.java:499) ~[na:na]
	at java.base/java.util.stream.ReduceOps$ReduceOp.evaluateSequential(ReduceOps.java:921) ~[na:na]
	at java.base/java.util.stream.AbstractPipeline.evaluate(AbstractPipeline.java:234) ~[na:na]
	at java.base/java.util.stream.ReferencePipeline.collect(ReferencePipeline.java:682) ~[na:na]
	at org.springframework.data.repository.query.parser.PartTree$Predicate.<init>(PartTree.java:385) ~[spring-data-commons-2.7.2.jar:2.7.2]
	at org.springframework.data.repository.query.parser.PartTree.<init>(PartTree.java:96) ~[spring-data-commons-2.7.2.jar:2.7.2]
	at org.springframework.data.jpa.repository.query.PartTreeJpaQuery.<init>(PartTreeJpaQuery.java:89) ~[spring-data-jpa-2.7.2.jar:2.7.2]
	... 136 common frames omitted

2024-05-30 18:46:23.931 ERROR 21304 --- [           main] o.s.test.context.TestContextManager      : Caught exception while allowing TestExecutionListener [org.springframework.test.context.web.ServletTestExecutionListener@6af9fcb2] to prepare test instance [com.HelloWay.HelloWay.HelloWayTests@72b4ecb2]

java.lang.IllegalStateException: Failed to load ApplicationContext
	at org.springframework.test.context.cache.DefaultCacheAwareContextLoaderDelegate.loadContext(DefaultCacheAwareContextLoaderDelegate.java:132) ~[spring-test-5.3.22.jar:5.3.22]
	at org.springframework.test.context.support.DefaultTestContext.getApplicationContext(DefaultTestContext.java:124) ~[spring-test-5.3.22.jar:5.3.22]
	at org.springframework.test.context.web.ServletTestExecutionListener.setUpRequestContextIfNecessary(ServletTestExecutionListener.java:190) ~[spring-test-5.3.22.jar:5.3.22]
	at org.springframework.test.context.web.ServletTestExecutionListener.prepareTestInstance(ServletTestExecutionListener.java:132) ~[spring-test-5.3.22.jar:5.3.22]
	at org.springframework.test.context.TestContextManager.prepareTestInstance(TestContextManager.java:248) ~[spring-test-5.3.22.jar:5.3.22]
	at org.springframework.test.context.junit.jupiter.SpringExtension.postProcessTestInstance(SpringExtension.java:138) ~[spring-test-5.3.22.jar:5.3.22]
	at org.junit.jupiter.engine.descriptor.ClassBasedTestDescriptor.lambda$invokeTestInstancePostProcessors$8(ClassBasedTestDescriptor.java:363) ~[junit-jupiter-engine-5.8.2.jar:5.8.2]
	at org.junit.jupiter.engine.descriptor.ClassBasedTestDescriptor.executeAndMaskThrowable(ClassBasedTestDescriptor.java:368) ~[junit-jupiter-engine-5.8.2.jar:5.8.2]
	at org.junit.jupiter.engine.descriptor.ClassBasedTestDescriptor.lambda$invokeTestInstancePostProcessors$9(ClassBasedTestDescriptor.java:363) ~[junit-jupiter-engine-5.8.2.jar:5.8.2]
	at java.base/java.util.stream.ReferencePipeline$3$1.accept(ReferencePipeline.java:197) ~[na:na]
	at java.base/java.util.stream.ReferencePipeline$2$1.accept(ReferencePipeline.java:179) ~[na:na]
	at java.base/java.util.ArrayList$ArrayListSpliterator.forEachRemaining(ArrayList.java:1625) ~[na:na]
	at java.base/java.util.stream.AbstractPipeline.copyInto(AbstractPipeline.java:509) ~[na:na]
	at java.base/java.util.stream.AbstractPipeline.wrapAndCopyInto(AbstractPipeline.java:499) ~[na:na]
	at java.base/java.util.stream.StreamSpliterators$WrappingSpliterator.forEachRemaining(StreamSpliterators.java:310) ~[na:na]
	at java.base/java.util.stream.Streams$ConcatSpliterator.forEachRemaining(Streams.java:735) ~[na:na]
	at java.base/java.util.stream.Streams$ConcatSpliterator.forEachRemaining(Streams.java:734) ~[na:na]
	at java.base/java.util.stream.ReferencePipeline$Head.forEach(ReferencePipeline.java:762) ~[na:na]
	at org.junit.jupiter.engine.descriptor.ClassBasedTestDescriptor.invokeTestInstancePostProcessors(ClassBasedTestDescriptor.java:362) ~[junit-jupiter-engine-5.8.2.jar:5.8.2]
	at org.junit.jupiter.engine.descriptor.ClassBasedTestDescriptor.lambda$instantiateAndPostProcessTestInstance$6(ClassBasedTestDescriptor.java:283) ~[junit-jupiter-engine-5.8.2.jar:5.8.2]
	at org.junit.platform.engine.support.hierarchical.ThrowableCollector.execute(ThrowableCollector.java:73) ~[junit-platform-engine-1.8.2.jar:1.8.2]
	at org.junit.jupiter.engine.descriptor.ClassBasedTestDescriptor.instantiateAndPostProcessTestInstance(ClassBasedTestDescriptor.java:282) ~[junit-jupiter-engine-5.8.2.jar:5.8.2]
	at org.junit.jupiter.engine.descriptor.ClassBasedTestDescriptor.lambda$testInstancesProvider$4(ClassBasedTestDescriptor.java:272) ~[junit-jupiter-engine-5.8.2.jar:5.8.2]
	at java.base/java.util.Optional.orElseGet(Optional.java:364) ~[na:na]
	at org.junit.jupiter.engine.descriptor.ClassBasedTestDescriptor.lambda$testInstancesProvider$5(ClassBasedTestDescriptor.java:271) ~[junit-jupiter-engine-5.8.2.jar:5.8.2]
	at org.junit.jupiter.engine.execution.TestInstancesProvider.getTestInstances(TestInstancesProvider.java:31) ~[junit-jupiter-engine-5.8.2.jar:5.8.2]
	at org.junit.jupiter.engine.descriptor.TestMethodTestDescriptor.lambda$prepare$0(TestMethodTestDescriptor.java:102) ~[junit-jupiter-engine-5.8.2.jar:5.8.2]
	at org.junit.platform.engine.support.hierarchical.ThrowableCollector.execute(ThrowableCollector.java:73) ~[junit-platform-engine-1.8.2.jar:1.8.2]
	at org.junit.jupiter.engine.descriptor.TestMethodTestDescriptor.prepare(TestMethodTestDescriptor.java:101) ~[junit-jupiter-engine-5.8.2.jar:5.8.2]
	at org.junit.jupiter.engine.descriptor.TestMethodTestDescriptor.prepare(TestMethodTestDescriptor.java:66) ~[junit-jupiter-engine-5.8.2.jar:5.8.2]
	at org.junit.platform.engine.support.hierarchical.NodeTestTask.lambda$prepare$2(NodeTestTask.java:123) ~[junit-platform-engine-1.8.2.jar:1.8.2]
	at org.junit.platform.engine.support.hierarchical.ThrowableCollector.execute(ThrowableCollector.java:73) ~[junit-platform-engine-1.8.2.jar:1.8.2]
	at org.junit.platform.engine.support.hierarchical.NodeTestTask.prepare(NodeTestTask.java:123) ~[junit-platform-engine-1.8.2.jar:1.8.2]
	at org.junit.platform.engine.support.hierarchical.NodeTestTask.execute(NodeTestTask.java:90) ~[junit-platform-engine-1.8.2.jar:1.8.2]
	at java.base/java.util.ArrayList.forEach(ArrayList.java:1511) ~[na:na]
	at org.junit.platform.engine.support.hierarchical.SameThreadHierarchicalTestExecutorService.invokeAll(SameThreadHierarchicalTestExecutorService.java:41) ~[junit-platform-engine-1.8.2.jar:1.8.2]
	at org.junit.platform.engine.support.hierarchical.NodeTestTask.lambda$executeRecursively$6(NodeTestTask.java:155) ~[junit-platform-engine-1.8.2.jar:1.8.2]
	at org.junit.platform.engine.support.hierarchical.ThrowableCollector.execute(ThrowableCollector.java:73) ~[junit-platform-engine-1.8.2.jar:1.8.2]
	at org.junit.platform.engine.support.hierarchical.NodeTestTask.lambda$executeRecursively$8(NodeTestTask.java:141) ~[junit-platform-engine-1.8.2.jar:1.8.2]
	at org.junit.platform.engine.support.hierarchical.Node.around(Node.java:137) ~[junit-platform-engine-1.8.2.jar:1.8.2]
	at org.junit.platform.engine.support.hierarchical.NodeTestTask.lambda$executeRecursively$9(NodeTestTask.java:139) ~[junit-platform-engine-1.8.2.jar:1.8.2]
	at org.junit.platform.engine.support.hierarchical.ThrowableCollector.execute(ThrowableCollector.java:73) ~[junit-platform-engine-1.8.2.jar:1.8.2]
	at org.junit.platform.engine.support.hierarchical.NodeTestTask.executeRecursively(NodeTestTask.java:138) ~[junit-platform-engine-1.8.2.jar:1.8.2]
	at org.junit.platform.engine.support.hierarchical.NodeTestTask.execute(NodeTestTask.java:95) ~[junit-platform-engine-1.8.2.jar:1.8.2]
	at java.base/java.util.ArrayList.forEach(ArrayList.java:1511) ~[na:na]
	at org.junit.platform.engine.support.hierarchical.SameThreadHierarchicalTestExecutorService.invokeAll(SameThreadHierarchicalTestExecutorService.java:41) ~[junit-platform-engine-1.8.2.jar:1.8.2]
	at org.junit.platform.engine.support.hierarchical.NodeTestTask.lambda$executeRecursively$6(NodeTestTask.java:155) ~[junit-platform-engine-1.8.2.jar:1.8.2]
	at org.junit.platform.engine.support.hierarchical.ThrowableCollector.execute(ThrowableCollector.java:73) ~[junit-platform-engine-1.8.2.jar:1.8.2]
	at org.junit.platform.engine.support.hierarchical.NodeTestTask.lambda$executeRecursively$8(NodeTestTask.java:141) ~[junit-platform-engine-1.8.2.jar:1.8.2]
	at org.junit.platform.engine.support.hierarchical.Node.around(Node.java:137) ~[junit-platform-engine-1.8.2.jar:1.8.2]
	at org.junit.platform.engine.support.hierarchical.NodeTestTask.lambda$executeRecursively$9(NodeTestTask.java:139) ~[junit-platform-engine-1.8.2.jar:1.8.2]
	at org.junit.platform.engine.support.hierarchical.ThrowableCollector.execute(ThrowableCollector.java:73) ~[junit-platform-engine-1.8.2.jar:1.8.2]
	at org.junit.platform.engine.support.hierarchical.NodeTestTask.executeRecursively(NodeTestTask.java:138) ~[junit-platform-engine-1.8.2.jar:1.8.2]
	at org.junit.platform.engine.support.hierarchical.NodeTestTask.execute(NodeTestTask.java:95) ~[junit-platform-engine-1.8.2.jar:1.8.2]
	at org.junit.platform.engine.support.hierarchical.SameThreadHierarchicalTestExecutorService.submit(SameThreadHierarchicalTestExecutorService.java:35) ~[junit-platform-engine-1.8.2.jar:1.8.2]
	at org.junit.platform.engine.support.hierarchical.HierarchicalTestExecutor.execute(HierarchicalTestExecutor.java:57) ~[junit-platform-engine-1.8.2.jar:1.8.2]
	at org.junit.platform.engine.support.hierarchical.HierarchicalTestEngine.execute(HierarchicalTestEngine.java:54) ~[junit-platform-engine-1.8.2.jar:1.8.2]
	at org.junit.platform.launcher.core.DefaultLauncher.execute(DefaultLauncher.java:220) ~[junit-platform-launcher-1.3.1.jar:1.3.1]
	at org.junit.platform.launcher.core.DefaultLauncher.lambda$execute$6(DefaultLauncher.java:188) ~[junit-platform-launcher-1.3.1.jar:1.3.1]
	at org.junit.platform.launcher.core.DefaultLauncher.withInterceptedStreams(DefaultLauncher.java:202) ~[junit-platform-launcher-1.3.1.jar:1.3.1]
	at org.junit.platform.launcher.core.DefaultLauncher.execute(DefaultLauncher.java:181) ~[junit-platform-launcher-1.3.1.jar:1.3.1]
	at org.junit.platform.launcher.core.DefaultLauncher.execute(DefaultLauncher.java:128) ~[junit-platform-launcher-1.3.1.jar:1.3.1]
	at org.apache.maven.surefire.junitplatform.JUnitPlatformProvider.invokeAllTests(JUnitPlatformProvider.java:150) ~[surefire-junit-platform-2.22.2.jar:2.22.2]
	at org.apache.maven.surefire.junitplatform.JUnitPlatformProvider.invoke(JUnitPlatformProvider.java:124) ~[surefire-junit-platform-2.22.2.jar:2.22.2]
	at org.apache.maven.surefire.booter.ForkedBooter.invokeProviderInSameClassLoader(ForkedBooter.java:384) ~[surefire-booter-2.22.2.jar:2.22.2]
	at org.apache.maven.surefire.booter.ForkedBooter.runSuitesInProcess(ForkedBooter.java:345) ~[surefire-booter-2.22.2.jar:2.22.2]
	at org.apache.maven.surefire.booter.ForkedBooter.execute(ForkedBooter.java:126) ~[surefire-booter-2.22.2.jar:2.22.2]
	at org.apache.maven.surefire.booter.ForkedBooter.main(ForkedBooter.java:418) ~[surefire-booter-2.22.2.jar:2.22.2]
Caused by: org.springframework.beans.factory.UnsatisfiedDependencyException: Error creating bean with name 'wifiController': Unsatisfied dependency expressed through field 'wifiService'; nested exception is org.springframework.beans.factory.UnsatisfiedDependencyException: Error creating bean with name 'wifiService': Unsatisfied dependency expressed through field 'wifiRepository'; nested exception is org.springframework.beans.factory.BeanCreationException: Error creating bean with name 'wifiRepository' defined in com.HelloWay.HelloWay.repos.WifiRepository defined in @EnableJpaRepositories declared on JpaRepositoriesRegistrar.EnableJpaRepositoriesConfiguration: Invocation of init method failed; nested exception is org.springframework.data.repository.query.QueryCreationException: Could not create query for public abstract java.util.List com.HelloWay.HelloWay.repos.WifiRepository.findBySpace_Id_space(java.lang.Long); Reason: Failed to create query for method public abstract java.util.List com.HelloWay.HelloWay.repos.WifiRepository.findBySpace_Id_space(java.lang.Long)! No property 'id' found for type 'Space' Traversed path: Wifi.space.; nested exception is java.lang.IllegalArgumentException: Failed to create query for method public abstract java.util.List com.HelloWay.HelloWay.repos.WifiRepository.findBySpace_Id_space(java.lang.Long)! No property 'id' found for type 'Space' Traversed path: Wifi.space.
	at org.springframework.beans.factory.annotation.AutowiredAnnotationBeanPostProcessor$AutowiredFieldElement.resolveFieldValue(AutowiredAnnotationBeanPostProcessor.java:659) ~[spring-beans-5.3.22.jar:5.3.22]
	at org.springframework.beans.factory.annotation.AutowiredAnnotationBeanPostProcessor$AutowiredFieldElement.inject(AutowiredAnnotationBeanPostProcessor.java:639) ~[spring-beans-5.3.22.jar:5.3.22]
	at org.springframework.beans.factory.annotation.InjectionMetadata.inject(InjectionMetadata.java:119) ~[spring-beans-5.3.22.jar:5.3.22]
	at org.springframework.beans.factory.annotation.AutowiredAnnotationBeanPostProcessor.postProcessProperties(AutowiredAnnotationBeanPostProcessor.java:399) ~[spring-beans-5.3.22.jar:5.3.22]
	at org.springframework.beans.factory.support.AbstractAutowireCapableBeanFactory.populateBean(AbstractAutowireCapableBeanFactory.java:1431) ~[spring-beans-5.3.22.jar:5.3.22]
	at org.springframework.beans.factory.support.AbstractAutowireCapableBeanFactory.doCreateBean(AbstractAutowireCapableBeanFactory.java:619) ~[spring-beans-5.3.22.jar:5.3.22]
	at org.springframework.beans.factory.support.AbstractAutowireCapableBeanFactory.createBean(AbstractAutowireCapableBeanFactory.java:542) ~[spring-beans-5.3.22.jar:5.3.22]
	at org.springframework.beans.factory.support.AbstractBeanFactory.lambda$doGetBean$0(AbstractBeanFactory.java:335) ~[spring-beans-5.3.22.jar:5.3.22]
	at org.springframework.beans.factory.support.DefaultSingletonBeanRegistry.getSingleton(DefaultSingletonBeanRegistry.java:234) ~[spring-beans-5.3.22.jar:5.3.22]
	at org.springframework.beans.factory.support.AbstractBeanFactory.doGetBean(AbstractBeanFactory.java:333) ~[spring-beans-5.3.22.jar:5.3.22]
	at org.springframework.beans.factory.support.AbstractBeanFactory.getBean(AbstractBeanFactory.java:208) ~[spring-beans-5.3.22.jar:5.3.22]
	at org.springframework.beans.factory.support.DefaultListableBeanFactory.preInstantiateSingletons(DefaultListableBeanFactory.java:955) ~[spring-beans-5.3.22.jar:5.3.22]
	at org.springframework.context.support.AbstractApplicationContext.finishBeanFactoryInitialization(AbstractApplicationContext.java:918) ~[spring-context-5.3.22.jar:5.3.22]
	at org.springframework.context.support.AbstractApplicationContext.refresh(AbstractApplicationContext.java:583) ~[spring-context-5.3.22.jar:5.3.22]
	at org.springframework.boot.SpringApplication.refresh(SpringApplication.java:734) ~[spring-boot-2.7.3.jar:2.7.3]
	at org.springframework.boot.SpringApplication.refreshContext(SpringApplication.java:408) ~[spring-boot-2.7.3.jar:2.7.3]
	at org.springframework.boot.SpringApplication.run(SpringApplication.java:308) ~[spring-boot-2.7.3.jar:2.7.3]
	at org.springframework.boot.test.context.SpringBootContextLoader.loadContext(SpringBootContextLoader.java:132) ~[spring-boot-test-2.7.3.jar:2.7.3]
	at org.springframework.test.context.cache.DefaultCacheAwareContextLoaderDelegate.loadContextInternal(DefaultCacheAwareContextLoaderDelegate.java:99) ~[spring-test-5.3.22.jar:5.3.22]
	at org.springframework.test.context.cache.DefaultCacheAwareContextLoaderDelegate.loadContext(DefaultCacheAwareContextLoaderDelegate.java:124) ~[spring-test-5.3.22.jar:5.3.22]
	... 67 common frames omitted
Caused by: org.springframework.beans.factory.UnsatisfiedDependencyException: Error creating bean with name 'wifiService': Unsatisfied dependency expressed through field 'wifiRepository'; nested exception is org.springframework.beans.factory.BeanCreationException: Error creating bean with name 'wifiRepository' defined in com.HelloWay.HelloWay.repos.WifiRepository defined in @EnableJpaRepositories declared on JpaRepositoriesRegistrar.EnableJpaRepositoriesConfiguration: Invocation of init method failed; nested exception is org.springframework.data.repository.query.QueryCreationException: Could not create query for public abstract java.util.List com.HelloWay.HelloWay.repos.WifiRepository.findBySpace_Id_space(java.lang.Long); Reason: Failed to create query for method public abstract java.util.List com.HelloWay.HelloWay.repos.WifiRepository.findBySpace_Id_space(java.lang.Long)! No property 'id' found for type 'Space' Traversed path: Wifi.space.; nested exception is java.lang.IllegalArgumentException: Failed to create query for method public abstract java.util.List com.HelloWay.HelloWay.repos.WifiRepository.findBySpace_Id_space(java.lang.Long)! No property 'id' found for type 'Space' Traversed path: Wifi.space.
	at org.springframework.beans.factory.annotation.AutowiredAnnotationBeanPostProcessor$AutowiredFieldElement.resolveFieldValue(AutowiredAnnotationBeanPostProcessor.java:659) ~[spring-beans-5.3.22.jar:5.3.22]
	at org.springframework.beans.factory.annotation.AutowiredAnnotationBeanPostProcessor$AutowiredFieldElement.inject(AutowiredAnnotationBeanPostProcessor.java:639) ~[spring-beans-5.3.22.jar:5.3.22]
	at org.springframework.beans.factory.annotation.InjectionMetadata.inject(InjectionMetadata.java:119) ~[spring-beans-5.3.22.jar:5.3.22]
	at org.springframework.beans.factory.annotation.AutowiredAnnotationBeanPostProcessor.postProcessProperties(AutowiredAnnotationBeanPostProcessor.java:399) ~[spring-beans-5.3.22.jar:5.3.22]
	at org.springframework.beans.factory.support.AbstractAutowireCapableBeanFactory.populateBean(AbstractAutowireCapableBeanFactory.java:1431) ~[spring-beans-5.3.22.jar:5.3.22]
	at org.springframework.beans.factory.support.AbstractAutowireCapableBeanFactory.doCreateBean(AbstractAutowireCapableBeanFactory.java:619) ~[spring-beans-5.3.22.jar:5.3.22]
	at org.springframework.beans.factory.support.AbstractAutowireCapableBeanFactory.createBean(AbstractAutowireCapableBeanFactory.java:542) ~[spring-beans-5.3.22.jar:5.3.22]
	at org.springframework.beans.factory.support.AbstractBeanFactory.lambda$doGetBean$0(AbstractBeanFactory.java:335) ~[spring-beans-5.3.22.jar:5.3.22]
	at org.springframework.beans.factory.support.DefaultSingletonBeanRegistry.getSingleton(DefaultSingletonBeanRegistry.java:234) ~[spring-beans-5.3.22.jar:5.3.22]
	at org.springframework.beans.factory.support.AbstractBeanFactory.doGetBean(AbstractBeanFactory.java:333) ~[spring-beans-5.3.22.jar:5.3.22]
	at org.springframework.beans.factory.support.AbstractBeanFactory.getBean(AbstractBeanFactory.java:208) ~[spring-beans-5.3.22.jar:5.3.22]
	at org.springframework.beans.factory.config.DependencyDescriptor.resolveCandidate(DependencyDescriptor.java:276) ~[spring-beans-5.3.22.jar:5.3.22]
	at org.springframework.beans.factory.support.DefaultListableBeanFactory.doResolveDependency(DefaultListableBeanFactory.java:1391) ~[spring-beans-5.3.22.jar:5.3.22]
	at org.springframework.beans.factory.support.DefaultListableBeanFactory.resolveDependency(DefaultListableBeanFactory.java:1311) ~[spring-beans-5.3.22.jar:5.3.22]
	at org.springframework.beans.factory.annotation.AutowiredAnnotationBeanPostProcessor$AutowiredFieldElement.resolveFieldValue(AutowiredAnnotationBeanPostProcessor.java:656) ~[spring-beans-5.3.22.jar:5.3.22]
	... 86 common frames omitted
Caused by: org.springframework.beans.factory.BeanCreationException: Error creating bean with name 'wifiRepository' defined in com.HelloWay.HelloWay.repos.WifiRepository defined in @EnableJpaRepositories declared on JpaRepositoriesRegistrar.EnableJpaRepositoriesConfiguration: Invocation of init method failed; nested exception is org.springframework.data.repository.query.QueryCreationException: Could not create query for public abstract java.util.List com.HelloWay.HelloWay.repos.WifiRepository.findBySpace_Id_space(java.lang.Long); Reason: Failed to create query for method public abstract java.util.List com.HelloWay.HelloWay.repos.WifiRepository.findBySpace_Id_space(java.lang.Long)! No property 'id' found for type 'Space' Traversed path: Wifi.space.; nested exception is java.lang.IllegalArgumentException: Failed to create query for method public abstract java.util.List com.HelloWay.HelloWay.repos.WifiRepository.findBySpace_Id_space(java.lang.Long)! No property 'id' found for type 'Space' Traversed path: Wifi.space.
	at org.springframework.beans.factory.support.AbstractAutowireCapableBeanFactory.initializeBean(AbstractAutowireCapableBeanFactory.java:1804) ~[spring-beans-5.3.22.jar:5.3.22]
	at org.springframework.beans.factory.support.AbstractAutowireCapableBeanFactory.doCreateBean(AbstractAutowireCapableBeanFactory.java:620) ~[spring-beans-5.3.22.jar:5.3.22]
	at org.springframework.beans.factory.support.AbstractAutowireCapableBeanFactory.createBean(AbstractAutowireCapableBeanFactory.java:542) ~[spring-beans-5.3.22.jar:5.3.22]
	at org.springframework.beans.factory.support.AbstractBeanFactory.lambda$doGetBean$0(AbstractBeanFactory.java:335) ~[spring-beans-5.3.22.jar:5.3.22]
	at org.springframework.beans.factory.support.DefaultSingletonBeanRegistry.getSingleton(DefaultSingletonBeanRegistry.java:234) ~[spring-beans-5.3.22.jar:5.3.22]
	at org.springframework.beans.factory.support.AbstractBeanFactory.doGetBean(AbstractBeanFactory.java:333) ~[spring-beans-5.3.22.jar:5.3.22]
	at org.springframework.beans.factory.support.AbstractBeanFactory.getBean(AbstractBeanFactory.java:208) ~[spring-beans-5.3.22.jar:5.3.22]
	at org.springframework.beans.factory.config.DependencyDescriptor.resolveCandidate(DependencyDescriptor.java:276) ~[spring-beans-5.3.22.jar:5.3.22]
	at org.springframework.beans.factory.support.DefaultListableBeanFactory.doResolveDependency(DefaultListableBeanFactory.java:1391) ~[spring-beans-5.3.22.jar:5.3.22]
	at org.springframework.beans.factory.support.DefaultListableBeanFactory.resolveDependency(DefaultListableBeanFactory.java:1311) ~[spring-beans-5.3.22.jar:5.3.22]
	at org.springframework.beans.factory.annotation.AutowiredAnnotationBeanPostProcessor$AutowiredFieldElement.resolveFieldValue(AutowiredAnnotationBeanPostProcessor.java:656) ~[spring-beans-5.3.22.jar:5.3.22]
	... 100 common frames omitted
Caused by: org.springframework.data.repository.query.QueryCreationException: Could not create query for public abstract java.util.List com.HelloWay.HelloWay.repos.WifiRepository.findBySpace_Id_space(java.lang.Long); Reason: Failed to create query for method public abstract java.util.List com.HelloWay.HelloWay.repos.WifiRepository.findBySpace_Id_space(java.lang.Long)! No property 'id' found for type 'Space' Traversed path: Wifi.space.; nested exception is java.lang.IllegalArgumentException: Failed to create query for method public abstract java.util.List com.HelloWay.HelloWay.repos.WifiRepository.findBySpace_Id_space(java.lang.Long)! No property 'id' found for type 'Space' Traversed path: Wifi.space.
	at org.springframework.data.repository.query.QueryCreationException.create(QueryCreationException.java:101) ~[spring-data-commons-2.7.2.jar:2.7.2]
	at org.springframework.data.repository.core.support.QueryExecutorMethodInterceptor.lookupQuery(QueryExecutorMethodInterceptor.java:107) ~[spring-data-commons-2.7.2.jar:2.7.2]
	at org.springframework.data.repository.core.support.QueryExecutorMethodInterceptor.lambda$mapMethodsToQuery$1(QueryExecutorMethodInterceptor.java:95) ~[spring-data-commons-2.7.2.jar:2.7.2]
	at java.base/java.util.stream.ReferencePipeline$3$1.accept(ReferencePipeline.java:197) ~[na:na]
	at java.base/java.util.Iterator.forEachRemaining(Iterator.java:133) ~[na:na]
	at java.base/java.util.Collections$UnmodifiableCollection$1.forEachRemaining(Collections.java:1061) ~[na:na]
	at java.base/java.util.Spliterators$IteratorSpliterator.forEachRemaining(Spliterators.java:1845) ~[na:na]
	at java.base/java.util.stream.AbstractPipeline.copyInto(AbstractPipeline.java:509) ~[na:na]
	at java.base/java.util.stream.AbstractPipeline.wrapAndCopyInto(AbstractPipeline.java:499) ~[na:na]
	at java.base/java.util.stream.ReduceOps$ReduceOp.evaluateSequential(ReduceOps.java:921) ~[na:na]
	at java.base/java.util.stream.AbstractPipeline.evaluate(AbstractPipeline.java:234) ~[na:na]
	at java.base/java.util.stream.ReferencePipeline.collect(ReferencePipeline.java:682) ~[na:na]
	at org.springframework.data.repository.core.support.QueryExecutorMethodInterceptor.mapMethodsToQuery(QueryExecutorMethodInterceptor.java:97) ~[spring-data-commons-2.7.2.jar:2.7.2]
	at org.springframework.data.repository.core.support.QueryExecutorMethodInterceptor.lambda$new$0(QueryExecutorMethodInterceptor.java:87) ~[spring-data-commons-2.7.2.jar:2.7.2]
	at java.base/java.util.Optional.map(Optional.java:260) ~[na:na]
	at org.springframework.data.repository.core.support.QueryExecutorMethodInterceptor.<init>(QueryExecutorMethodInterceptor.java:87) ~[spring-data-commons-2.7.2.jar:2.7.2]
	at org.springframework.data.repository.core.support.RepositoryFactorySupport.getRepository(RepositoryFactorySupport.java:365) ~[spring-data-commons-2.7.2.jar:2.7.2]
	at org.springframework.data.repository.core.support.RepositoryFactoryBeanSupport.lambda$afterPropertiesSet$5(RepositoryFactoryBeanSupport.java:323) ~[spring-data-commons-2.7.2.jar:2.7.2]
	at org.springframework.data.util.Lazy.getNullable(Lazy.java:231) ~[spring-data-commons-2.7.2.jar:2.7.2]
	at org.springframework.data.util.Lazy.get(Lazy.java:115) ~[spring-data-commons-2.7.2.jar:2.7.2]
	at org.springframework.data.repository.core.support.RepositoryFactoryBeanSupport.afterPropertiesSet(RepositoryFactoryBeanSupport.java:329) ~[spring-data-commons-2.7.2.jar:2.7.2]
	at org.springframework.data.jpa.repository.support.JpaRepositoryFactoryBean.afterPropertiesSet(JpaRepositoryFactoryBean.java:144) ~[spring-data-jpa-2.7.2.jar:2.7.2]
	at org.springframework.beans.factory.support.AbstractAutowireCapableBeanFactory.invokeInitMethods(AbstractAutowireCapableBeanFactory.java:1863) ~[spring-beans-5.3.22.jar:5.3.22]
	at org.springframework.beans.factory.support.AbstractAutowireCapableBeanFactory.initializeBean(AbstractAutowireCapableBeanFactory.java:1800) ~[spring-beans-5.3.22.jar:5.3.22]
	... 110 common frames omitted
Caused by: java.lang.IllegalArgumentException: Failed to create query for method public abstract java.util.List com.HelloWay.HelloWay.repos.WifiRepository.findBySpace_Id_space(java.lang.Long)! No property 'id' found for type 'Space' Traversed path: Wifi.space.
	at org.springframework.data.jpa.repository.query.PartTreeJpaQuery.<init>(PartTreeJpaQuery.java:96) ~[spring-data-jpa-2.7.2.jar:2.7.2]
	at org.springframework.data.jpa.repository.query.JpaQueryLookupStrategy$CreateQueryLookupStrategy.resolveQuery(JpaQueryLookupStrategy.java:119) ~[spring-data-jpa-2.7.2.jar:2.7.2]
	at org.springframework.data.jpa.repository.query.JpaQueryLookupStrategy$CreateIfNotFoundQueryLookupStrategy.resolveQuery(JpaQueryLookupStrategy.java:259) ~[spring-data-jpa-2.7.2.jar:2.7.2]
	at org.springframework.data.jpa.repository.query.JpaQueryLookupStrategy$AbstractQueryLookupStrategy.resolveQuery(JpaQueryLookupStrategy.java:93) ~[spring-data-jpa-2.7.2.jar:2.7.2]
	at org.springframework.data.repository.core.support.QueryExecutorMethodInterceptor.lookupQuery(QueryExecutorMethodInterceptor.java:103) ~[spring-data-commons-2.7.2.jar:2.7.2]
	... 132 common frames omitted
Caused by: org.springframework.data.mapping.PropertyReferenceException: No property 'id' found for type 'Space' Traversed path: Wifi.space.
	at org.springframework.data.mapping.PropertyPath.<init>(PropertyPath.java:91) ~[spring-data-commons-2.7.2.jar:2.7.2]
	at org.springframework.data.mapping.PropertyPath.create(PropertyPath.java:438) ~[spring-data-commons-2.7.2.jar:2.7.2]
	at org.springframework.data.mapping.PropertyPath.create(PropertyPath.java:414) ~[spring-data-commons-2.7.2.jar:2.7.2]
	at org.springframework.data.mapping.PropertyPath.create(PropertyPath.java:398) ~[spring-data-commons-2.7.2.jar:2.7.2]
	at org.springframework.data.mapping.PropertyPath.lambda$from$0(PropertyPath.java:370) ~[spring-data-commons-2.7.2.jar:2.7.2]
	at java.base/java.util.concurrent.ConcurrentMap.computeIfAbsent(ConcurrentMap.java:330) ~[na:na]
	at org.springframework.data.mapping.PropertyPath.from(PropertyPath.java:349) ~[spring-data-commons-2.7.2.jar:2.7.2]
	at org.springframework.data.mapping.PropertyPath.from(PropertyPath.java:332) ~[spring-data-commons-2.7.2.jar:2.7.2]
	at org.springframework.data.repository.query.parser.Part.<init>(Part.java:81) ~[spring-data-commons-2.7.2.jar:2.7.2]
	at org.springframework.data.repository.query.parser.PartTree$OrPart.lambda$new$0(PartTree.java:250) ~[spring-data-commons-2.7.2.jar:2.7.2]
	at java.base/java.util.stream.ReferencePipeline$3$1.accept(ReferencePipeline.java:197) ~[na:na]
	at java.base/java.util.stream.ReferencePipeline$2$1.accept(ReferencePipeline.java:179) ~[na:na]
	at java.base/java.util.Spliterators$ArraySpliterator.forEachRemaining(Spliterators.java:992) ~[na:na]
	at java.base/java.util.stream.AbstractPipeline.copyInto(AbstractPipeline.java:509) ~[na:na]
	at java.base/java.util.stream.AbstractPipeline.wrapAndCopyInto(AbstractPipeline.java:499) ~[na:na]
	at java.base/java.util.stream.ReduceOps$ReduceOp.evaluateSequential(ReduceOps.java:921) ~[na:na]
	at java.base/java.util.stream.AbstractPipeline.evaluate(AbstractPipeline.java:234) ~[na:na]
	at java.base/java.util.stream.ReferencePipeline.collect(ReferencePipeline.java:682) ~[na:na]
	at org.springframework.data.repository.query.parser.PartTree$OrPart.<init>(PartTree.java:251) ~[spring-data-commons-2.7.2.jar:2.7.2]
	at org.springframework.data.repository.query.parser.PartTree$Predicate.lambda$new$0(PartTree.java:384) ~[spring-data-commons-2.7.2.jar:2.7.2]
	at java.base/java.util.stream.ReferencePipeline$3$1.accept(ReferencePipeline.java:197) ~[na:na]
	at java.base/java.util.stream.ReferencePipeline$2$1.accept(ReferencePipeline.java:179) ~[na:na]
	at java.base/java.util.Spliterators$ArraySpliterator.forEachRemaining(Spliterators.java:992) ~[na:na]
	at java.base/java.util.stream.AbstractPipeline.copyInto(AbstractPipeline.java:509) ~[na:na]
	at java.base/java.util.stream.AbstractPipeline.wrapAndCopyInto(AbstractPipeline.java:499) ~[na:na]
	at java.base/java.util.stream.ReduceOps$ReduceOp.evaluateSequential(ReduceOps.java:921) ~[na:na]
	at java.base/java.util.stream.AbstractPipeline.evaluate(AbstractPipeline.java:234) ~[na:na]
	at java.base/java.util.stream.ReferencePipeline.collect(ReferencePipeline.java:682) ~[na:na]
	at org.springframework.data.repository.query.parser.PartTree$Predicate.<init>(PartTree.java:385) ~[spring-data-commons-2.7.2.jar:2.7.2]
	at org.springframework.data.repository.query.parser.PartTree.<init>(PartTree.java:96) ~[spring-data-commons-2.7.2.jar:2.7.2]
	at org.springframework.data.jpa.repository.query.PartTreeJpaQuery.<init>(PartTreeJpaQuery.java:89) ~[spring-data-jpa-2.7.2.jar:2.7.2]
	... 136 common frames omitted

]]></system-out>
  </testcase>
</testsuite>